<?xml version="1.0" encoding="UTF-8"?>
<testsuite xmlns:xsi="http://www.w3.org/2001/XMLSchema-instance" xsi:noNamespaceSchemaLocation="https://maven.apache.org/surefire/maven-surefire-plugin/xsd/surefire-test-report.xsd" name="com.mycompany.baches.control.TipoObjetoBeanTest" time="9.799" tests="7" errors="0" skipped="0" failures="0">
  <properties>
[...]
</properties>
  <testcase name="testFindAll" classname="com.mycompany.baches.control.TipoObjetoBeanTest" time="1.687"/>
  <testcase name="testModificar" classname="com.mycompany.baches.control.TipoObjetoBeanTest" time="0.04"/>
  <testcase name="testCrear" classname="com.mycompany.baches.control.TipoObjetoBeanTest" time="0.004"/>
  <testcase name="testFindById" classname="com.mycompany.baches.control.TipoObjetoBeanTest" time="0.014"/>
  <testcase name="testEliminar" classname="com.mycompany.baches.control.TipoObjetoBeanTest" time="0.004"/>
  <testcase name="testFindRange" classname="com.mycompany.baches.control.TipoObjetoBeanTest" time="0.014"/>
  <testcase name="testContar" classname="com.mycompany.baches.control.TipoObjetoBeanTest" time="8.011"/>
</testsuite>