<?xml version="1.0" encoding="UTF-8"?>
<testsuite xmlns:xsi="http://www.w3.org/2001/XMLSchema-instance" xsi:noNamespaceSchemaLocation="https://maven.apache.org/surefire/maven-failsafe-plugin/xsd/failsafe-test-report-3.0.xsd" version="3.0" name="com.mycompany.baches.resources.TipoObjetoResourceIT" time="5.862" tests="5" errors="0" skipped="0" failures="0">
  <properties>
[...]
</properties>
  <testcase name="testCrear" classname="com.mycompany.baches.resources.TipoObjetoResourceIT" time="0.051">
    <system-out><![CDATA[67f8180d-da2d-49bb-a9a1-ac3b03af542d.war:
/WEB-INF/
/WEB-INF/classes/
/WEB-INF/classes/com/
/WEB-INF/classes/com/mycompany/
/WEB-INF/classes/com/mycompany/baches/
/WEB-INF/classes/com/mycompany/baches/entity/
/WEB-INF/classes/com/mycompany/baches/entity/TipoObjeto.class
/WEB-INF/classes/com/mycompany/baches/entity/ObjetoEstado.class
/WEB-INF/classes/com/mycompany/baches/entity/Estado.class
/WEB-INF/classes/com/mycompany/baches/entity/Ruta.class
/WEB-INF/classes/com/mycompany/baches/entity/Objeto.class
/WEB-INF/classes/com/mycompany/baches/control/
/WEB-INF/classes/com/mycompany/baches/control/AbstractDataAccess.class
/WEB-INF/classes/com/mycompany/baches/control/TipoObjetoBean.class
/WEB-INF/classes/com/mycompany/baches/resources/
/WEB-INF/classes/com/mycompany/baches/resources/JakartaRestConfiguration.class
/WEB-INF/classes/com/mycompany/baches/resources/TipoObjetoResource.class
/WEB-INF/classes/persistence-arquillian.xml
/WEB-INF/classes/META-INF/
/WEB-INF/classes/META-INF/persistence.xml
/WEB-INF/classes/META-INF/sql/
/WEB-INF/classes/META-INF/sql/datos.sql
/WEB-INF/beans.xml
2022-05-29 00:00:58 jdbc[3]: 
/**/conn0.getClientInfo();
2022-05-29 00:00:58 jdbc[3]: 
/**/DatabaseMetaData dbMeta9 = conn0.getMetaData();
2022-05-29 00:00:58 jdbc[3]: 
/**/dbMeta9.getDatabaseProductName();
2022-05-29 00:00:58 jdbc[3]: 
/**/dbMeta9.getDatabaseProductVersion();
2022-05-29 00:00:58 jdbc[3]: 
/**/dbMeta9.getDatabaseMajorVersion();
2022-05-29 00:00:58 jdbc[3]: 
/**/DatabaseMetaData dbMeta10 = conn0.getMetaData();
2022-05-29 00:00:58 jdbc[3]: 
/**/dbMeta10.getDriverName();
2022-05-29 00:00:58 jdbc[3]: 
/**/conn0.setClientInfo(properties);
2022-05-29 00:00:58 jdbc[3]: 
/**/conn0.getClientInfo();
2022-05-29 00:00:58 jdbc[3]: 
/**/conn0.setClientInfo(properties);
2022-05-29 00:00:58 jdbc[3]: 
/**/conn0.getClientInfo();
2022-05-29 00:00:58 jdbc[3]: 
/**/conn0.setClientInfo(properties);
2022-05-29 00:00:58 jdbc[3]: 
/**/conn0.getClientInfo();
2022-05-29 00:00:58 jdbc[3]: 
/**/PreparedStatement prep137 = conn0.prepareStatement("SELECT 1 FROM public.estado", 1003, 1007);
2022-05-29 00:00:58 jdbc[3]: Plan       : calculate cost for plan [PUBLIC.ESTADO]
2022-05-29 00:00:58 jdbc[3]: Plan       :   for table filter PUBLIC.ESTADO
2022-05-29 00:00:58 jdbc[3]: Table      :     potential plan item cost 10,320 index PUBLIC.ESTADO.tableScan
2022-05-29 00:00:58 jdbc[3]: Table      :     potential plan item cost 10,330 index PUBLIC.PRIMARY_KEY_7
2022-05-29 00:00:58 jdbc[3]: Plan       :   best plan item cost 10,320 index PUBLIC.ESTADO.tableScan
2022-05-29 00:00:58 jdbc[3]: Plan       : plan cost 10,321
2022-05-29 00:00:58 jdbc[3]: 
/**/prep137.setMaxRows(1);
2022-05-29 00:00:58 jdbc[3]: 
/**/ResultSet rs53 = prep137.executeQuery();
2022-05-29 00:00:58 jdbc[3]: 
/*SQL #:1*/SELECT 1 FROM public.estado;
2022-05-29 00:00:58 jdbc[3]: 
/**/ResultSetMetaData rsMeta69 = rs53.getMetaData();
2022-05-29 00:00:58 jdbc[3]: 
/**/conn0.getCatalog();
2022-05-29 00:00:58 jdbc[3]: 
/**/rsMeta69.getColumnCount();
2022-05-29 00:00:58 jdbc[3]: 
/**/rsMeta69.getColumnCount();
2022-05-29 00:00:58 jdbc[3]: 
/**/rsMeta69.getColumnLabel(1);
2022-05-29 00:00:58 jdbc[3]: 
/**/rsMeta69.getColumnCount();
2022-05-29 00:00:58 jdbc[3]: 
/**/ResultSetMetaData rsMeta70 = rs53.getMetaData();
2022-05-29 00:00:58 jdbc[3]: 
/**/conn0.getCatalog();
2022-05-29 00:00:58 jdbc[3]: 
/**/rsMeta70.getColumnCount();
2022-05-29 00:00:58 jdbc[3]: 
/**/rs53.next();
2022-05-29 00:00:58 jdbc[3]: 
/**/rsMeta70.getColumnType(1);
2022-05-29 00:00:58 jdbc[3]: 
/**/rs53.getObject(1);
2022-05-29 00:00:58 jdbc[3]: 
/**/rs53.next();
2022-05-29 00:00:58 jdbc[3]: 
/**/rs53.close();
2022-05-29 00:00:58 jdbc[3]: 
/**/prep137.close();
2022-05-29 00:00:58 jdbc[3]: 
/**/conn0.setClientInfo(properties);
2022-05-29 00:00:58 jdbc[3]: 
/**/conn0.getClientInfo();
2022-05-29 00:00:58 jdbc[3]: 
/**/PreparedStatement prep138 = conn0.prepareStatement("SELECT 1 FROM public.objeto", 1003, 1007);
2022-05-29 00:00:58 jdbc[3]: Plan       : calculate cost for plan [PUBLIC.OBJETO]
2022-05-29 00:00:58 jdbc[3]: Plan       :   for table filter PUBLIC.OBJETO
2022-05-29 00:00:58 jdbc[3]: Table      :     potential plan item cost 10,330 index PUBLIC.OBJETO.tableScan
2022-05-29 00:00:58 jdbc[3]: Table      :     potential plan item cost 10,340 index PUBLIC.PRIMARY_KEY_8
2022-05-29 00:00:58 jdbc[3]: Table      :     potential plan item cost 10,150 index PUBLIC.FK_OBJETO_ID_TIPO_OBJETO_INDEX_8
2022-05-29 00:00:58 jdbc[3]: Plan       :   best plan item cost 10,150 index PUBLIC.FK_OBJETO_ID_TIPO_OBJETO_INDEX_8
2022-05-29 00:00:58 jdbc[3]: Plan       : plan cost 10,151
2022-05-29 00:00:58 jdbc[3]: 
/**/prep138.setMaxRows(1);
2022-05-29 00:00:58 jdbc[3]: 
/**/ResultSet rs54 = prep138.executeQuery();
2022-05-29 00:00:58 jdbc[3]: 
/*SQL #:1*/SELECT 1 FROM public.objeto;
2022-05-29 00:00:58 jdbc[3]: 
/**/ResultSetMetaData rsMeta71 = rs54.getMetaData();
2022-05-29 00:00:58 jdbc[3]: 
/**/conn0.getCatalog();
2022-05-29 00:00:58 jdbc[3]: 
/**/rsMeta71.getColumnCount();
2022-05-29 00:00:58 jdbc[3]: 
/**/rsMeta71.getColumnCount();
2022-05-29 00:00:58 jdbc[3]: 
/**/rsMeta71.getColumnLabel(1);
2022-05-29 00:00:58 jdbc[3]: 
/**/rsMeta71.getColumnCount();
2022-05-29 00:00:58 jdbc[3]: 
/**/ResultSetMetaData rsMeta72 = rs54.getMetaData();
2022-05-29 00:00:58 jdbc[3]: 
/**/conn0.getCatalog();
2022-05-29 00:00:58 jdbc[3]: 
/**/rsMeta72.getColumnCount();
2022-05-29 00:00:58 jdbc[3]: 
/**/rs54.next();
2022-05-29 00:00:58 jdbc[3]: 
/**/rsMeta72.getColumnType(1);
2022-05-29 00:00:58 jdbc[3]: 
/**/rs54.getObject(1);
2022-05-29 00:00:58 jdbc[3]: 
/**/rs54.next();
2022-05-29 00:00:58 jdbc[3]: 
/**/rs54.close();
2022-05-29 00:00:58 jdbc[3]: 
/**/prep138.close();
2022-05-29 00:00:58 jdbc[3]: 
/**/conn0.setClientInfo(properties);
2022-05-29 00:00:58 jdbc[3]: 
/**/conn0.getClientInfo();
2022-05-29 00:00:58 jdbc[3]: 
/**/PreparedStatement prep139 = conn0.prepareStatement("SELECT 1 FROM public.objeto_estado", 1003, 1007);
2022-05-29 00:00:58 jdbc[3]: Plan       : calculate cost for plan [PUBLIC.OBJETO_ESTADO]
2022-05-29 00:00:58 jdbc[3]: Plan       :   for table filter PUBLIC.OBJETO_ESTADO
2022-05-29 00:00:58 jdbc[3]: Table      :     potential plan item cost 10,330 index PUBLIC.OBJETO_ESTADO.tableScan
2022-05-29 00:00:58 jdbc[3]: Table      :     potential plan item cost 10,340 index PUBLIC.PRIMARY_KEY_4
2022-05-29 00:00:58 jdbc[3]: Table      :     potential plan item cost 10,150 index PUBLIC.FK_OBJETO_ESTADO_ID_OBJETO_INDEX_4
2022-05-29 00:00:58 jdbc[3]: Table      :     potential plan item cost 10,150 index PUBLIC.FK_OBJETO_ESTADO_ID_ESTADO_INDEX_4
2022-05-29 00:00:58 jdbc[3]: Plan       :   best plan item cost 10,150 index PUBLIC.FK_OBJETO_ESTADO_ID_OBJETO_INDEX_4
2022-05-29 00:00:58 jdbc[3]: Plan       : plan cost 10,151
2022-05-29 00:00:58 jdbc[3]: 
/**/prep139.setMaxRows(1);
2022-05-29 00:00:58 jdbc[3]: 
/**/ResultSet rs55 = prep139.executeQuery();
2022-05-29 00:00:58 jdbc[3]: 
/*SQL #:1*/SELECT 1 FROM public.objeto_estado;
2022-05-29 00:00:58 jdbc[3]: 
/**/ResultSetMetaData rsMeta73 = rs55.getMetaData();
2022-05-29 00:00:58 jdbc[3]: 
/**/conn0.getCatalog();
2022-05-29 00:00:58 jdbc[3]: 
/**/rsMeta73.getColumnCount();
2022-05-29 00:00:58 jdbc[3]: 
/**/rsMeta73.getColumnCount();
2022-05-29 00:00:58 jdbc[3]: 
/**/rsMeta73.getColumnLabel(1);
2022-05-29 00:00:58 jdbc[3]: 
/**/rsMeta73.getColumnCount();
2022-05-29 00:00:58 jdbc[3]: 
/**/ResultSetMetaData rsMeta74 = rs55.getMetaData();
2022-05-29 00:00:58 jdbc[3]: 
/**/conn0.getCatalog();
2022-05-29 00:00:58 jdbc[3]: 
/**/rsMeta74.getColumnCount();
2022-05-29 00:00:58 jdbc[3]: 
/**/rs55.next();
2022-05-29 00:00:58 jdbc[3]: 
/**/rsMeta74.getColumnType(1);
2022-05-29 00:00:58 jdbc[3]: 
/**/rs55.getObject(1);
2022-05-29 00:00:58 jdbc[3]: 
/**/rs55.next();
2022-05-29 00:00:58 jdbc[3]: 
/**/rs55.close();
2022-05-29 00:00:58 jdbc[3]: 
/**/prep139.close();
2022-05-29 00:00:58 jdbc[3]: 
/**/conn0.setClientInfo(properties);
2022-05-29 00:00:58 jdbc[3]: 
/**/conn0.getClientInfo();
2022-05-29 00:00:58 jdbc[3]: 
/**/PreparedStatement prep140 = conn0.prepareStatement("SELECT 1 FROM public.ruta", 1003, 1007);
2022-05-29 00:00:58 jdbc[3]: Plan       : calculate cost for plan [PUBLIC.RUTA]
2022-05-29 00:00:58 jdbc[3]: Plan       :   for table filter PUBLIC.RUTA
2022-05-29 00:00:58 jdbc[3]: Table      :     potential plan item cost 10,330 index PUBLIC.RUTA.tableScan
2022-05-29 00:00:58 jdbc[3]: Table      :     potential plan item cost 10,340 index PUBLIC.PRIMARY_KEY_2
2022-05-29 00:00:58 jdbc[3]: Plan       :   best plan item cost 10,330 index PUBLIC.RUTA.tableScan
2022-05-29 00:00:58 jdbc[3]: Plan       : plan cost 10,331
2022-05-29 00:00:58 jdbc[3]: 
/**/prep140.setMaxRows(1);
2022-05-29 00:00:58 jdbc[3]: 
/**/ResultSet rs56 = prep140.executeQuery();
2022-05-29 00:00:58 jdbc[3]: 
/*SQL #:1*/SELECT 1 FROM public.ruta;
2022-05-29 00:00:58 jdbc[3]: 
/**/ResultSetMetaData rsMeta75 = rs56.getMetaData();
2022-05-29 00:00:58 jdbc[3]: 
/**/conn0.getCatalog();
2022-05-29 00:00:58 jdbc[3]: 
/**/rsMeta75.getColumnCount();
2022-05-29 00:00:58 jdbc[3]: 
/**/rsMeta75.getColumnCount();
2022-05-29 00:00:58 jdbc[3]: 
/**/rsMeta75.getColumnLabel(1);
2022-05-29 00:00:58 jdbc[3]: 
/**/rsMeta75.getColumnCount();
2022-05-29 00:00:58 jdbc[3]: 
/**/ResultSetMetaData rsMeta76 = rs56.getMetaData();
2022-05-29 00:00:58 jdbc[3]: 
/**/conn0.getCatalog();
2022-05-29 00:00:58 jdbc[3]: 
/**/rsMeta76.getColumnCount();
2022-05-29 00:00:58 jdbc[3]: 
/**/rs56.next();
2022-05-29 00:00:58 jdbc[3]: 
/**/rsMeta76.getColumnType(1);
2022-05-29 00:00:58 jdbc[3]: 
/**/rs56.getObject(1);
2022-05-29 00:00:58 jdbc[3]: 
/**/rs56.next();
2022-05-29 00:00:58 jdbc[3]: 
/**/rs56.close();
2022-05-29 00:00:58 jdbc[3]: 
/**/prep140.close();
2022-05-29 00:00:58 jdbc[3]: 
/**/conn0.setClientInfo(properties);
2022-05-29 00:00:58 jdbc[3]: 
/**/conn0.getClientInfo();
2022-05-29 00:00:58 jdbc[3]: 
/**/PreparedStatement prep141 = conn0.prepareStatement("SELECT 1 FROM public.tipo_objeto", 1003, 1007);
2022-05-29 00:00:58 jdbc[3]: Plan       : calculate cost for plan [PUBLIC.TIPO_OBJETO]
2022-05-29 00:00:58 jdbc[3]: Plan       :   for table filter PUBLIC.TIPO_OBJETO
2022-05-29 00:00:58 jdbc[3]: Table      :     potential plan item cost 10,320 index PUBLIC.TIPO_OBJETO.tableScan
2022-05-29 00:00:58 jdbc[3]: Table      :     potential plan item cost 10,330 index PUBLIC.PRIMARY_KEY_1
2022-05-29 00:00:58 jdbc[3]: Plan       :   best plan item cost 10,320 index PUBLIC.TIPO_OBJETO.tableScan
2022-05-29 00:00:58 jdbc[3]: Plan       : plan cost 10,321
2022-05-29 00:00:58 jdbc[3]: 
/**/prep141.setMaxRows(1);
2022-05-29 00:00:58 jdbc[3]: 
/**/ResultSet rs57 = prep141.executeQuery();
2022-05-29 00:00:58 jdbc[3]: 
/*SQL #:1*/SELECT 1 FROM public.tipo_objeto;
2022-05-29 00:00:58 jdbc[3]: 
/**/ResultSetMetaData rsMeta77 = rs57.getMetaData();
2022-05-29 00:00:58 jdbc[3]: 
/**/conn0.getCatalog();
2022-05-29 00:00:58 jdbc[3]: 
/**/rsMeta77.getColumnCount();
2022-05-29 00:00:58 jdbc[3]: 
/**/rsMeta77.getColumnCount();
2022-05-29 00:00:58 jdbc[3]: 
/**/rsMeta77.getColumnLabel(1);
2022-05-29 00:00:58 jdbc[3]: 
/**/rsMeta77.getColumnCount();
2022-05-29 00:00:58 jdbc[3]: 
/**/ResultSetMetaData rsMeta78 = rs57.getMetaData();
2022-05-29 00:00:58 jdbc[3]: 
/**/conn0.getCatalog();
2022-05-29 00:00:58 jdbc[3]: 
/**/rsMeta78.getColumnCount();
2022-05-29 00:00:58 jdbc[3]: 
/**/rs57.next();
2022-05-29 00:00:58 jdbc[3]: 
/**/rsMeta78.getColumnType(1);
2022-05-29 00:00:58 jdbc[3]: 
/**/rs57.getObject(1);
2022-05-29 00:00:58 jdbc[3]: 
/**/rs57.next();
2022-05-29 00:00:58 jdbc[3]: 
/**/rs57.close();
2022-05-29 00:00:58 jdbc[3]: 
/**/prep141.close();
2022-05-29 00:00:58 jdbc[3]: 
/**/conn0.setClientInfo(properties);
2022-05-29 00:00:58 jdbc[3]: 
/**/conn0.getClientInfo();
2022-05-29 00:00:58 jdbc[3]: 
/**/PreparedStatement prep142 = conn0.prepareStatement("INSERT INTO estado (nombre, fecha_creacion) VALUES('Insertado desde datos.sql','2022-05-01');", 1003, 1007);
2022-05-29 00:00:58 jdbc[3]: 
/**/prep142.executeUpdate();
2022-05-29 00:00:58 lock: 3 shared read lock requesting for ESTADO 
2022-05-29 00:00:58 lock: 3 shared read lock ok ESTADO 
2022-05-29 00:00:58 jdbc[3]: 
/*SQL #:1*/INSERT INTO estado (nombre, fecha_creacion) VALUES('Insertado desde datos.sql','2022-05-01');
2022-05-29 00:00:58 lock: 3 shared read lock unlock ESTADO 
2022-05-29 00:00:58 jdbc[3]: 
/**/prep142.close();
2022-05-29 00:00:58 jdbc[3]: 
/**/conn0.setClientInfo(properties);
2022-05-29 00:00:58 jdbc[3]: 
/**/conn0.getClientInfo();
2022-05-29 00:00:58 jdbc[3]: 
/**/PreparedStatement prep143 = conn0.prepareStatement("INSERT INTO estado (nombre, fecha_creacion) VALUES('Insertado desde datos.sql','2022-05-02');", 1003, 1007);
2022-05-29 00:00:58 jdbc[3]: 
/**/prep143.executeUpdate();
2022-05-29 00:00:58 lock: 3 shared read lock requesting for ESTADO 
2022-05-29 00:00:58 lock: 3 shared read lock ok ESTADO 
2022-05-29 00:00:58 jdbc[3]: 
/*SQL #:1*/INSERT INTO estado (nombre, fecha_creacion) VALUES('Insertado desde datos.sql','2022-05-02');
2022-05-29 00:00:58 lock: 3 shared read lock unlock ESTADO 
2022-05-29 00:00:58 jdbc[3]: 
/**/prep143.close();
2022-05-29 00:00:58 jdbc[3]: 
/**/conn0.setClientInfo(properties);
2022-05-29 00:00:58 jdbc[3]: 
/**/conn0.getClientInfo();
2022-05-29 00:00:58 jdbc[3]: 
/**/PreparedStatement prep144 = conn0.prepareStatement("INSERT INTO estado (nombre, fecha_creacion) VALUES('Insertado desde datos.sql','2022-05-03');", 1003, 1007);
2022-05-29 00:00:58 jdbc[3]: 
/**/prep144.executeUpdate();
2022-05-29 00:00:58 lock: 3 shared read lock requesting for ESTADO 
2022-05-29 00:00:58 lock: 3 shared read lock ok ESTADO 
2022-05-29 00:00:58 jdbc[3]: 
/*SQL #:1*/INSERT INTO estado (nombre, fecha_creacion) VALUES('Insertado desde datos.sql','2022-05-03');
2022-05-29 00:00:58 lock: 3 shared read lock unlock ESTADO 
2022-05-29 00:00:58 jdbc[3]: 
/**/prep144.close();
2022-05-29 00:00:58 jdbc[3]: 
/**/conn0.setClientInfo(properties);
2022-05-29 00:00:58 jdbc[3]: 
/**/conn0.getClientInfo();
2022-05-29 00:00:58 jdbc[3]: 
/**/PreparedStatement prep145 = conn0.prepareStatement("INSERT INTO objeto (longitud, latitud,nombre) VALUES('1.3845285035','5.3456798788','Insertado desde datos.sql');", 1003, 1007);
2022-05-29 00:00:58 jdbc[3]: 
/**/prep145.executeUpdate();
2022-05-29 00:00:58 lock: 3 shared read lock requesting for OBJETO 
2022-05-29 00:00:58 lock: 3 shared read lock ok OBJETO 
2022-05-29 00:00:58 jdbc[3]: 
/*SQL #:1*/INSERT INTO objeto (longitud, latitud,nombre) VALUES('1.3845285035','5.3456798788','Insertado desde datos.sql');
2022-05-29 00:00:58 lock: 3 shared read lock unlock OBJETO 
2022-05-29 00:00:58 jdbc[3]: 
/**/prep145.close();
2022-05-29 00:00:58 jdbc[3]: 
/**/conn0.setClientInfo(properties);
2022-05-29 00:00:58 jdbc[3]: 
/**/conn0.getClientInfo();
2022-05-29 00:00:58 jdbc[3]: 
/**/PreparedStatement prep146 = conn0.prepareStatement("INSERT INTO objeto (longitud, latitud,nombre) VALUES('2.5392273491','3.5559444444','Insertado desde datos.sql');", 1003, 1007);
2022-05-29 00:00:58 jdbc[3]: 
/**/prep146.executeUpdate();
2022-05-29 00:00:58 lock: 3 shared read lock requesting for OBJETO 
2022-05-29 00:00:58 lock: 3 shared read lock ok OBJETO 
2022-05-29 00:00:58 jdbc[3]: 
/*SQL #:1*/INSERT INTO objeto (longitud, latitud,nombre) VALUES('2.5392273491','3.5559444444','Insertado desde datos.sql');
2022-05-29 00:00:58 lock: 3 shared read lock unlock OBJETO 
2022-05-29 00:00:58 jdbc[3]: 
/**/prep146.close();
2022-05-29 00:00:58 jdbc[3]: 
/**/conn0.setClientInfo(properties);
2022-05-29 00:00:58 jdbc[3]: 
/**/conn0.getClientInfo();
2022-05-29 00:00:58 jdbc[3]: 
/**/PreparedStatement prep147 = conn0.prepareStatement("INSERT INTO objeto (longitud, latitud,nombre) VALUES('3.1234987654','1.0873023588','Insertado desde datos.sql');", 1003, 1007);
2022-05-29 00:00:58 jdbc[3]: 
/**/prep147.executeUpdate();
2022-05-29 00:00:58 lock: 3 shared read lock requesting for OBJETO 
2022-05-29 00:00:58 lock: 3 shared read lock ok OBJETO 
2022-05-29 00:00:58 jdbc[3]: 
/*SQL #:1*/INSERT INTO objeto (longitud, latitud,nombre) VALUES('3.1234987654','1.0873023588','Insertado desde datos.sql');
2022-05-29 00:00:58 lock: 3 shared read lock unlock OBJETO 
2022-05-29 00:00:58 jdbc[3]: 
/**/prep147.close();
2022-05-29 00:00:58 jdbc[3]: 
/**/conn0.setClientInfo(properties);
2022-05-29 00:00:58 jdbc[3]: 
/**/conn0.getClientInfo();
2022-05-29 00:00:58 jdbc[3]: 
/**/PreparedStatement prep148 = conn0.prepareStatement("INSERT INTO objeto_estado(actual,fecha_alcanzado) VALUES(true,'2022-05-02');", 1003, 1007);
2022-05-29 00:00:58 jdbc[3]: 
/**/prep148.executeUpdate();
2022-05-29 00:00:58 lock: 3 shared read lock requesting for OBJETO_ESTADO 
2022-05-29 00:00:58 lock: 3 shared read lock ok OBJETO_ESTADO 
2022-05-29 00:00:58 jdbc[3]: 
/*SQL #:1*/INSERT INTO objeto_estado(actual,fecha_alcanzado) VALUES(true,'2022-05-02');
2022-05-29 00:00:58 lock: 3 shared read lock unlock OBJETO_ESTADO 
2022-05-29 00:00:58 jdbc[3]: 
/**/prep148.close();
2022-05-29 00:00:58 jdbc[3]: 
/**/conn0.setClientInfo(properties);
2022-05-29 00:00:58 jdbc[3]: 
/**/conn0.getClientInfo();
2022-05-29 00:00:58 jdbc[3]: 
/**/PreparedStatement prep149 = conn0.prepareStatement("INSERT INTO objeto_estado(actual,fecha_alcanzado) VALUES(false,'2022-05-02');", 1003, 1007);
2022-05-29 00:00:58 jdbc[3]: 
/**/prep149.executeUpdate();
2022-05-29 00:00:58 lock: 3 shared read lock requesting for OBJETO_ESTADO 
2022-05-29 00:00:58 lock: 3 shared read lock ok OBJETO_ESTADO 
2022-05-29 00:00:58 jdbc[3]: 
/*SQL #:1*/INSERT INTO objeto_estado(actual,fecha_alcanzado) VALUES(false,'2022-05-02');
2022-05-29 00:00:58 lock: 3 shared read lock unlock OBJETO_ESTADO 
2022-05-29 00:00:58 jdbc[3]: 
/**/prep149.close();
2022-05-29 00:00:58 jdbc[3]: 
/**/conn0.setClientInfo(properties);
2022-05-29 00:00:58 jdbc[3]: 
/**/conn0.getClientInfo();
2022-05-29 00:00:58 jdbc[3]: 
/**/PreparedStatement prep150 = conn0.prepareStatement("INSERT INTO objeto_estado(actual,fecha_alcanzado) VALUES(true,'2022-05-02');", 1003, 1007);
2022-05-29 00:00:58 jdbc[3]: 
/**/prep150.executeUpdate();
2022-05-29 00:00:58 lock: 3 shared read lock requesting for OBJETO_ESTADO 
2022-05-29 00:00:58 lock: 3 shared read lock ok OBJETO_ESTADO 
2022-05-29 00:00:58 jdbc[3]: 
/*SQL #:1*/INSERT INTO objeto_estado(actual,fecha_alcanzado) VALUES(true,'2022-05-02');
2022-05-29 00:00:58 lock: 3 shared read lock unlock OBJETO_ESTADO 
2022-05-29 00:00:58 jdbc[3]: 
/**/prep150.close();
2022-05-29 00:00:58 jdbc[3]: 
/**/conn0.setClientInfo(properties);
2022-05-29 00:00:58 jdbc[3]: 
/**/conn0.getClientInfo();
2022-05-29 00:00:58 jdbc[3]: 
/**/PreparedStatement prep151 = conn0.prepareStatement("INSERT INTO ruta(nombre,fecha_creacion) VALUES('Insertado desde datos.sql','2022-05-03');", 1003, 1007);
2022-05-29 00:00:58 jdbc[3]: 
/**/prep151.executeUpdate();
2022-05-29 00:00:58 lock: 3 shared read lock requesting for RUTA 
2022-05-29 00:00:58 lock: 3 shared read lock ok RUTA 
2022-05-29 00:00:58 jdbc[3]: 
/*SQL #:1*/INSERT INTO ruta(nombre,fecha_creacion) VALUES('Insertado desde datos.sql','2022-05-03');
2022-05-29 00:00:58 lock: 3 shared read lock unlock RUTA 
2022-05-29 00:00:58 jdbc[3]: 
/**/prep151.close();
2022-05-29 00:00:58 jdbc[3]: 
/**/conn0.setClientInfo(properties);
2022-05-29 00:00:58 jdbc[3]: 
/**/conn0.getClientInfo();
2022-05-29 00:00:58 jdbc[3]: 
/**/PreparedStatement prep152 = conn0.prepareStatement("INSERT INTO ruta(nombre,fecha_creacion) VALUES('Insertado desde datos.sql','2022-05-03');", 1003, 1007);
2022-05-29 00:00:58 jdbc[3]: 
/**/prep152.executeUpdate();
2022-05-29 00:00:58 lock: 3 shared read lock requesting for RUTA 
2022-05-29 00:00:58 lock: 3 shared read lock ok RUTA 
2022-05-29 00:00:58 jdbc[3]: 
/*SQL #:1*/INSERT INTO ruta(nombre,fecha_creacion) VALUES('Insertado desde datos.sql','2022-05-03');
2022-05-29 00:00:58 lock: 3 shared read lock unlock RUTA 
2022-05-29 00:00:58 jdbc[3]: 
/**/prep152.close();
2022-05-29 00:00:58 jdbc[3]: 
/**/conn0.setClientInfo(properties);
2022-05-29 00:00:58 jdbc[3]: 
/**/conn0.getClientInfo();
2022-05-29 00:00:58 jdbc[3]: 
/**/PreparedStatement prep153 = conn0.prepareStatement("INSERT INTO ruta(nombre,fecha_creacion) VALUES('Insertado desde datos.sql','2022-05-03');", 1003, 1007);
2022-05-29 00:00:58 jdbc[3]: 
/**/prep153.executeUpdate();
2022-05-29 00:00:58 lock: 3 shared read lock requesting for RUTA 
2022-05-29 00:00:58 lock: 3 shared read lock ok RUTA 
2022-05-29 00:00:58 jdbc[3]: 
/*SQL #:1*/INSERT INTO ruta(nombre,fecha_creacion) VALUES('Insertado desde datos.sql','2022-05-03');
2022-05-29 00:00:58 lock: 3 shared read lock unlock RUTA 
2022-05-29 00:00:58 jdbc[3]: 
/**/prep153.close();
2022-05-29 00:00:58 jdbc[3]: 
/**/conn0.setClientInfo(properties);
2022-05-29 00:00:58 jdbc[3]: 
/**/conn0.getClientInfo();
2022-05-29 00:00:58 jdbc[3]: 
/**/PreparedStatement prep154 = conn0.prepareStatement("INSERT INTO tipo_objeto (activo,fecha_creacion) VALUES (true,'2022-3-21');", 1003, 1007);
2022-05-29 00:00:58 jdbc[3]: 
/**/prep154.executeUpdate();
2022-05-29 00:00:58 lock: 3 shared read lock requesting for TIPO_OBJETO 
2022-05-29 00:00:58 lock: 3 shared read lock ok TIPO_OBJETO 
2022-05-29 00:00:58 jdbc[3]: 
/*SQL #:1*/INSERT INTO tipo_objeto (activo,fecha_creacion) VALUES (true,'2022-3-21');
2022-05-29 00:00:58 lock: 3 shared read lock unlock TIPO_OBJETO 
2022-05-29 00:00:58 jdbc[3]: 
/**/prep154.close();
2022-05-29 00:00:58 jdbc[3]: 
/**/conn0.setClientInfo(properties);
2022-05-29 00:00:58 jdbc[3]: 
/**/conn0.getClientInfo();
2022-05-29 00:00:58 jdbc[3]: 
/**/PreparedStatement prep155 = conn0.prepareStatement("INSERT INTO tipo_objeto (activo,fecha_creacion) VALUES (true,'2022-3-22');", 1003, 1007);
2022-05-29 00:00:58 jdbc[3]: 
/**/prep155.executeUpdate();
2022-05-29 00:00:58 lock: 3 shared read lock requesting for TIPO_OBJETO 
2022-05-29 00:00:58 lock: 3 shared read lock ok TIPO_OBJETO 
2022-05-29 00:00:58 jdbc[3]: 
/*SQL #:1*/INSERT INTO tipo_objeto (activo,fecha_creacion) VALUES (true,'2022-3-22');
2022-05-29 00:00:58 lock: 3 shared read lock unlock TIPO_OBJETO 
2022-05-29 00:00:58 jdbc[3]: 
/**/prep155.close();
2022-05-29 00:00:58 jdbc[3]: 
/**/conn0.setClientInfo(properties);
2022-05-29 00:00:58 jdbc[3]: 
/**/conn0.getClientInfo();
2022-05-29 00:00:58 jdbc[3]: 
/**/PreparedStatement prep156 = conn0.prepareStatement("INSERT INTO tipo_objeto (activo,fecha_creacion) VALUES (true,'2022-3-23');", 1003, 1007);
2022-05-29 00:00:58 jdbc[3]: 
/**/prep156.executeUpdate();
2022-05-29 00:00:58 lock: 3 shared read lock requesting for TIPO_OBJETO 
2022-05-29 00:00:58 lock: 3 shared read lock ok TIPO_OBJETO 
2022-05-29 00:00:58 jdbc[3]: 
/*SQL #:1*/INSERT INTO tipo_objeto (activo,fecha_creacion) VALUES (true,'2022-3-23');
2022-05-29 00:00:58 lock: 3 shared read lock unlock TIPO_OBJETO 
2022-05-29 00:00:58 jdbc[3]: 
/**/prep156.close();
2022-05-29 00:00:58 jdbc[3]: 
/**/conn0.setClientInfo(properties);


*************************************************************
Crear TipoObjeto
2022-05-29 00:00:58 jdbc[3]: 
/**/conn0.getClientInfo();
2022-05-29 00:00:58 jdbc[3]: 
/**/conn0.setAutoCommit(false);
2022-05-29 00:00:58 jdbc[3]: 
/**/PreparedStatement prep157 = conn0.prepareStatement("INSERT INTO public.tipo_objeto (activo, fecha_creacion) VALUES (?, ?)", 1003, 1007);
2022-05-29 00:00:58 jdbc[3]: 
/**/prep157.setBoolean(1, true);
2022-05-29 00:00:58 jdbc[3]: 
/**/prep157.setNull(2, 91);
2022-05-29 00:00:58 jdbc[3]: 
/**/prep157.executeUpdate();
2022-05-29 00:00:58 lock: 3 shared read lock requesting for TIPO_OBJETO 
2022-05-29 00:00:58 lock: 3 shared read lock ok TIPO_OBJETO 
2022-05-29 00:00:58 jdbc[3]: 
/*SQL l:69 #:1*/INSERT INTO public.tipo_objeto (activo, fecha_creacion) VALUES (?, ?) {1: TRUE, 2: NULL};
2022-05-29 00:00:58 jdbc[3]: 
/**/prep157.close();
2022-05-29 00:00:58 jdbc[3]: 
/**/PreparedStatement prep158 = conn0.prepareStatement("CALL IDENTITY()", 1003, 1007);
2022-05-29 00:00:58 jdbc[3]: 
/**/ResultSet rs58 = prep158.executeQuery();
2022-05-29 00:00:58 jdbc[3]: 
/*SQL #:1*/CALL IDENTITY();
2022-05-29 00:00:58 jdbc[3]: 
/**/ResultSetMetaData rsMeta79 = rs58.getMetaData();
2022-05-29 00:00:58 jdbc[3]: 
/**/conn0.getCatalog();
2022-05-29 00:00:58 jdbc[3]: 
/**/rsMeta79.getColumnCount();
2022-05-29 00:00:58 jdbc[3]: 
/**/rsMeta79.getColumnCount();
2022-05-29 00:00:58 jdbc[3]: 
/**/rsMeta79.getColumnLabel(1);
2022-05-29 00:00:58 jdbc[3]: 
/**/rsMeta79.getColumnCount();
2022-05-29 00:00:58 jdbc[3]: 
/**/ResultSetMetaData rsMeta80 = rs58.getMetaData();
2022-05-29 00:00:58 jdbc[3]: 
/**/conn0.getCatalog();
2022-05-29 00:00:58 jdbc[3]: 
/**/rsMeta80.getColumnCount();
2022-05-29 00:00:58 jdbc[3]: 
/**/rs58.next();
2022-05-29 00:00:58 jdbc[3]: 
/**/rsMeta80.getColumnType(1);
2022-05-29 00:00:58 jdbc[3]: 
/**/rs58.getObject(1);
2022-05-29 00:00:58 jdbc[3]: 
/**/rs58.next();
2022-05-29 00:00:58 jdbc[3]: 
/**/rs58.close();
2022-05-29 00:00:58 jdbc[3]: 
/**/prep158.close();
2022-05-29 00:00:58 jdbc[3]: 
/**/conn0.setClientInfo(properties);
2022-05-29 00:00:58 jdbc[3]: 
/**/conn0.commit();
2022-05-29 00:00:58 lock: 3 shared read lock unlock TIPO_OBJETO 
2022-05-29 00:00:58 jdbc[3]: 
/*SQL */COMMIT;
2022-05-29 00:00:58 jdbc[3]: 
/**/conn0.setAutoCommit(true);
2022-05-29 00:00:58 jdbc[3]: 
/**/conn0.commit();
2022-05-29 00:00:58 jdbc[3]: 
/*SQL */COMMIT;



Creado {"activo":true,"idTipoObjeto":17,"objetoList":[]}



]]></system-out>
    <system-err><![CDATA[may. 29, 2022 12:00:58 A. M. org.glassfish.hk2.classmodel.reflect.Parser awaitTermination
INFORMACIÓN: visiting unvisited references
may. 29, 2022 12:00:58 A. M. org.glassfish.hk2.classmodel.reflect.Parser awaitTermination
INFORMACIÓN: visiting unvisited references
may. 29, 2022 12:00:58 A. M. org.glassfish.hk2.classmodel.reflect.Parser awaitTermination
INFORMACIÓN: visiting unvisited references
may. 29, 2022 12:00:58 A. M. org.glassfish.hk2.classmodel.reflect.Parser awaitTermination
INFORMACIÓN: visiting unvisited references
may. 29, 2022 12:00:58 A. M. org.glassfish.hk2.classmodel.reflect.Parser awaitTermination
INFORMACIÓN: visiting unvisited references
may. 29, 2022 12:00:58 A. M. org.glassfish.hk2.classmodel.reflect.Parser awaitTermination
INFORMACIÓN: visiting unvisited references
may. 29, 2022 12:00:58 A. M. org.glassfish.hk2.classmodel.reflect.Parser awaitTermination
INFORMACIÓN: visiting unvisited references
may. 29, 2022 12:00:58 A. M. org.glassfish.hk2.classmodel.reflect.Parser awaitTermination
INFORMACIÓN: visiting unvisited references
may. 29, 2022 12:00:58 A. M. org.glassfish.hk2.classmodel.reflect.Parser awaitTermination
INFORMACIÓN: visiting unvisited references
may. 29, 2022 12:00:58 A. M. org.glassfish.hk2.classmodel.reflect.Parser awaitTermination
INFORMACIÓN: visiting unvisited references
may. 29, 2022 12:00:58 A. M. org.glassfish.hk2.classmodel.reflect.Parser awaitTermination
INFORMACIÓN: visiting unvisited references
may. 29, 2022 12:00:58 A. M. org.eclipse.persistence.session./file:/tmp/gfembed10517703589298672639tmp/applications/67f8180d-da2d-49bb-a9a1-ac3b03af542d/WEB-INF/classes/_Baches_PU
INFORMACIÓN: EclipseLink, version: Eclipse Persistence Services - 2.7.9.payara-p1
may. 29, 2022 12:00:58 A. M. com.sun.logging.LogDomains getResourceBundle
INFORMACIÓN: Cannot find the resource bundle for the name com.sun.logging.enterprise.system.util for class com.sun.appserv.ClassLoaderUtil using jdk.internal.loader.ClassLoaders$AppClassLoader@3d4eac69
may. 29, 2022 12:00:58 A. M. com.sun.appserv.ClassLoaderUtil releaseLoader
ADVERTENCIA: classloaderutil.errorReleasingLoader
java.lang.reflect.InaccessibleObjectException: Unable to make field private final java.util.ArrayList jdk.internal.loader.URLClassPath.loaders accessible: module java.base does not "opens jdk.internal.loader" to unnamed module @593634ad
	at java.base/java.lang.reflect.AccessibleObject.checkCanSetAccessible(AccessibleObject.java:340)
	at java.base/java.lang.reflect.AccessibleObject.checkCanSetAccessible(AccessibleObject.java:280)
	at java.base/java.lang.reflect.Field.checkCanSetAccessible(Field.java:176)
	at java.base/java.lang.reflect.Field.setAccessible(Field.java:170)
	at com.sun.appserv.ClassLoaderUtil.getField(ClassLoaderUtil.java:308)
	at com.sun.appserv.ClassLoaderUtil.initForClosingJars(ClassLoaderUtil.java:290)
	at com.sun.appserv.ClassLoaderUtil.init(ClassLoaderUtil.java:263)
	at com.sun.appserv.ClassLoaderUtil.releaseLoader(ClassLoaderUtil.java:139)
	at com.sun.appserv.ClassLoaderUtil.releaseLoader(ClassLoaderUtil.java:111)
	at org.glassfish.web.loader.WebappClassLoader.stop(WebappClassLoader.java:2000)
	at org.glassfish.web.loader.WebappClassLoader.preDestroy(WebappClassLoader.java:1961)
	at org.glassfish.deployment.common.DeploymentContextImpl.getClassLoader(DeploymentContextImpl.java:293)
	at org.glassfish.deployment.common.DeploymentContextImpl.getClassLoader(DeploymentContextImpl.java:235)
	at com.sun.enterprise.v3.server.ApplicationLifecycle.prepare(ApplicationLifecycle.java:561)
	at org.glassfish.deployment.admin.DeployCommand.execute(DeployCommand.java:588)
	at com.sun.enterprise.v3.admin.CommandRunnerImpl$2$1.run(CommandRunnerImpl.java:556)
	at com.sun.enterprise.v3.admin.CommandRunnerImpl$2$1.run(CommandRunnerImpl.java:552)
	at java.base/java.security.AccessController.doPrivileged(Native Method)
	at java.base/javax.security.auth.Subject.doAs(Subject.java:361)
	at com.sun.enterprise.v3.admin.CommandRunnerImpl$2.execute(CommandRunnerImpl.java:551)
	at com.sun.enterprise.v3.admin.CommandRunnerImpl$3.run(CommandRunnerImpl.java:582)
	at com.sun.enterprise.v3.admin.CommandRunnerImpl$3.run(CommandRunnerImpl.java:574)
	at java.base/java.security.AccessController.doPrivileged(Native Method)
	at java.base/javax.security.auth.Subject.doAs(Subject.java:361)
	at com.sun.enterprise.v3.admin.CommandRunnerImpl.doCommand(CommandRunnerImpl.java:573)
	at com.sun.enterprise.v3.admin.CommandRunnerImpl.doCommand(CommandRunnerImpl.java:1497)
	at com.sun.enterprise.v3.admin.CommandRunnerImpl.access$1300(CommandRunnerImpl.java:120)
	at com.sun.enterprise.v3.admin.CommandRunnerImpl$ExecutionContext.execute(CommandRunnerImpl.java:1879)
	at com.sun.enterprise.v3.admin.CommandRunnerImpl$ExecutionContext.execute(CommandRunnerImpl.java:1755)
	at com.sun.enterprise.admin.cli.embeddable.DeployerImpl.deploy(DeployerImpl.java:131)
	at com.sun.enterprise.admin.cli.embeddable.DeployerImpl.deploy(DeployerImpl.java:104)
	at fish.payara.arquillian.container.payara.embedded.PayaraContainer.deploy(PayaraContainer.java:236)
	at org.jboss.arquillian.container.impl.client.container.ContainerDeployController$3.call(ContainerDeployController.java:151)
	at org.jboss.arquillian.container.impl.client.container.ContainerDeployController$3.call(ContainerDeployController.java:118)
	at org.jboss.arquillian.container.impl.client.container.ContainerDeployController.executeOperation(ContainerDeployController.java:239)
	at org.jboss.arquillian.container.impl.client.container.ContainerDeployController.deploy(ContainerDeployController.java:118)
	at java.base/jdk.internal.reflect.NativeMethodAccessorImpl.invoke0(Native Method)
	at java.base/jdk.internal.reflect.NativeMethodAccessorImpl.invoke(NativeMethodAccessorImpl.java:62)
	at java.base/jdk.internal.reflect.DelegatingMethodAccessorImpl.invoke(DelegatingMethodAccessorImpl.java:43)
	at java.base/java.lang.reflect.Method.invoke(Method.java:566)
	at org.jboss.arquillian.core.impl.ObserverImpl.invoke(ObserverImpl.java:86)
	at org.jboss.arquillian.core.impl.EventContextImpl.invokeObservers(EventContextImpl.java:103)
	at org.jboss.arquillian.core.impl.EventContextImpl.proceed(EventContextImpl.java:90)
	at org.jboss.arquillian.container.impl.client.ContainerDeploymentContextHandler.createDeploymentContext(ContainerDeploymentContextHandler.java:71)
	at java.base/jdk.internal.reflect.NativeMethodAccessorImpl.invoke0(Native Method)
	at java.base/jdk.internal.reflect.NativeMethodAccessorImpl.invoke(NativeMethodAccessorImpl.java:62)
	at java.base/jdk.internal.reflect.DelegatingMethodAccessorImpl.invoke(DelegatingMethodAccessorImpl.java:43)
	at java.base/java.lang.reflect.Method.invoke(Method.java:566)
	at org.jboss.arquillian.core.impl.ObserverImpl.invoke(ObserverImpl.java:86)
	at org.jboss.arquillian.core.impl.EventContextImpl.proceed(EventContextImpl.java:95)
	at org.jboss.arquillian.container.impl.client.ContainerDeploymentContextHandler.createContainerContext(ContainerDeploymentContextHandler.java:54)
	at java.base/jdk.internal.reflect.NativeMethodAccessorImpl.invoke0(Native Method)
	at java.base/jdk.internal.reflect.NativeMethodAccessorImpl.invoke(NativeMethodAccessorImpl.java:62)
	at java.base/jdk.internal.reflect.DelegatingMethodAccessorImpl.invoke(DelegatingMethodAccessorImpl.java:43)
	at java.base/java.lang.reflect.Method.invoke(Method.java:566)
	at org.jboss.arquillian.core.impl.ObserverImpl.invoke(ObserverImpl.java:86)
	at org.jboss.arquillian.core.impl.EventContextImpl.proceed(EventContextImpl.java:95)
	at org.jboss.arquillian.container.impl.client.container.DeploymentExceptionHandler.verifyExpectedExceptionDuringDeploy(DeploymentExceptionHandler.java:47)
	at java.base/jdk.internal.reflect.NativeMethodAccessorImpl.invoke0(Native Method)
	at java.base/jdk.internal.reflect.NativeMethodAccessorImpl.invoke(NativeMethodAccessorImpl.java:62)
	at java.base/jdk.internal.reflect.DelegatingMethodAccessorImpl.invoke(DelegatingMethodAccessorImpl.java:43)
	at java.base/java.lang.reflect.Method.invoke(Method.java:566)
	at org.jboss.arquillian.core.impl.ObserverImpl.invoke(ObserverImpl.java:86)
	at org.jboss.arquillian.core.impl.EventContextImpl.proceed(EventContextImpl.java:95)
	at org.jboss.arquillian.core.impl.ManagerImpl.fire(ManagerImpl.java:133)
	at org.jboss.arquillian.core.impl.ManagerImpl.fire(ManagerImpl.java:105)
	at org.jboss.arquillian.core.impl.EventImpl.fire(EventImpl.java:62)
	at org.jboss.arquillian.container.impl.client.container.ContainerDeployController$1.perform(ContainerDeployController.java:92)
	at org.jboss.arquillian.container.impl.client.container.ContainerDeployController$1.perform(ContainerDeployController.java:77)
	at org.jboss.arquillian.container.impl.client.container.ContainerDeployController.forEachDeployment(ContainerDeployController.java:232)
	at org.jboss.arquillian.container.impl.client.container.ContainerDeployController.forEachManagedDeployment(ContainerDeployController.java:212)
	at org.jboss.arquillian.container.impl.client.container.ContainerDeployController.deployManaged(ContainerDeployController.java:77)
	at java.base/jdk.internal.reflect.NativeMethodAccessorImpl.invoke0(Native Method)
	at java.base/jdk.internal.reflect.NativeMethodAccessorImpl.invoke(NativeMethodAccessorImpl.java:62)
	at java.base/jdk.internal.reflect.DelegatingMethodAccessorImpl.invoke(DelegatingMethodAccessorImpl.java:43)
	at java.base/java.lang.reflect.Method.invoke(Method.java:566)
	at org.jboss.arquillian.core.impl.ObserverImpl.invoke(ObserverImpl.java:86)
	at org.jboss.arquillian.core.impl.EventContextImpl.invokeObservers(EventContextImpl.java:103)
	at org.jboss.arquillian.core.impl.EventContextImpl.proceed(EventContextImpl.java:90)
	at org.jboss.arquillian.core.impl.ManagerImpl.fire(ManagerImpl.java:133)
	at org.jboss.arquillian.core.impl.ManagerImpl.fire(ManagerImpl.java:105)
	at org.jboss.arquillian.core.impl.EventImpl.fire(EventImpl.java:62)
	at org.jboss.arquillian.container.test.impl.client.ContainerEventController.execute(ContainerEventController.java:96)
	at java.base/jdk.internal.reflect.NativeMethodAccessorImpl.invoke0(Native Method)
	at java.base/jdk.internal.reflect.NativeMethodAccessorImpl.invoke(NativeMethodAccessorImpl.java:62)
	at java.base/jdk.internal.reflect.DelegatingMethodAccessorImpl.invoke(DelegatingMethodAccessorImpl.java:43)
	at java.base/java.lang.reflect.Method.invoke(Method.java:566)
	at org.jboss.arquillian.core.impl.ObserverImpl.invoke(ObserverImpl.java:86)
	at org.jboss.arquillian.core.impl.EventContextImpl.invokeObservers(EventContextImpl.java:103)
	at org.jboss.arquillian.core.impl.EventContextImpl.proceed(EventContextImpl.java:90)
	at org.jboss.arquillian.test.impl.TestContextHandler.createClassContext(TestContextHandler.java:83)
	at jdk.internal.reflect.GeneratedMethodAccessor75.invoke(Unknown Source)
	at java.base/jdk.internal.reflect.DelegatingMethodAccessorImpl.invoke(DelegatingMethodAccessorImpl.java:43)
	at java.base/java.lang.reflect.Method.invoke(Method.java:566)
	at org.jboss.arquillian.core.impl.ObserverImpl.invoke(ObserverImpl.java:86)
	at org.jboss.arquillian.core.impl.EventContextImpl.proceed(EventContextImpl.java:95)
	at org.jboss.arquillian.test.impl.TestContextHandler.createSuiteContext(TestContextHandler.java:69)
	at jdk.internal.reflect.GeneratedMethodAccessor74.invoke(Unknown Source)
	at java.base/jdk.internal.reflect.DelegatingMethodAccessorImpl.invoke(DelegatingMethodAccessorImpl.java:43)
	at java.base/java.lang.reflect.Method.invoke(Method.java:566)
	at org.jboss.arquillian.core.impl.ObserverImpl.invoke(ObserverImpl.java:86)
	at org.jboss.arquillian.core.impl.EventContextImpl.proceed(EventContextImpl.java:95)
	at org.jboss.arquillian.core.impl.ManagerImpl.fire(ManagerImpl.java:133)
	at org.jboss.arquillian.core.impl.ManagerImpl.fire(ManagerImpl.java:105)
	at org.jboss.arquillian.test.impl.EventTestRunnerAdaptor.beforeClass(EventTestRunnerAdaptor.java:89)
	at org.jboss.arquillian.junit5.ArquillianExtension.beforeAll(ArquillianExtension.java:35)
	at org.junit.jupiter.engine.descriptor.ClassBasedTestDescriptor.lambda$invokeBeforeAllCallbacks$7(ClassBasedTestDescriptor.java:359)
	at org.junit.platform.engine.support.hierarchical.ThrowableCollector.execute(ThrowableCollector.java:73)
	at org.junit.jupiter.engine.descriptor.ClassBasedTestDescriptor.invokeBeforeAllCallbacks(ClassBasedTestDescriptor.java:359)
	at org.junit.jupiter.engine.descriptor.ClassBasedTestDescriptor.before(ClassBasedTestDescriptor.java:189)
	at org.junit.jupiter.engine.descriptor.ClassBasedTestDescriptor.before(ClassBasedTestDescriptor.java:78)
	at org.junit.platform.engine.support.hierarchical.NodeTestTask.lambda$executeRecursively$5(NodeTestTask.java:132)
	at org.junit.platform.engine.support.hierarchical.ThrowableCollector.execute(ThrowableCollector.java:73)
	at org.junit.platform.engine.support.hierarchical.NodeTestTask.lambda$executeRecursively$7(NodeTestTask.java:125)
	at org.junit.platform.engine.support.hierarchical.Node.around(Node.java:135)
	at org.junit.platform.engine.support.hierarchical.NodeTestTask.lambda$executeRecursively$8(NodeTestTask.java:123)
	at org.junit.platform.engine.support.hierarchical.ThrowableCollector.execute(ThrowableCollector.java:73)
	at org.junit.platform.engine.support.hierarchical.NodeTestTask.executeRecursively(NodeTestTask.java:122)
	at org.junit.platform.engine.support.hierarchical.NodeTestTask.execute(NodeTestTask.java:80)
	at java.base/java.util.ArrayList.forEach(ArrayList.java:1541)
	at org.junit.platform.engine.support.hierarchical.SameThreadHierarchicalTestExecutorService.invokeAll(SameThreadHierarchicalTestExecutorService.java:38)
	at org.junit.platform.engine.support.hierarchical.NodeTestTask.lambda$executeRecursively$5(NodeTestTask.java:139)
	at org.junit.platform.engine.support.hierarchical.ThrowableCollector.execute(ThrowableCollector.java:73)
	at org.junit.platform.engine.support.hierarchical.NodeTestTask.lambda$executeRecursively$7(NodeTestTask.java:125)
	at org.junit.platform.engine.support.hierarchical.Node.around(Node.java:135)
	at org.junit.platform.engine.support.hierarchical.NodeTestTask.lambda$executeRecursively$8(NodeTestTask.java:123)
	at org.junit.platform.engine.support.hierarchical.ThrowableCollector.execute(ThrowableCollector.java:73)
	at org.junit.platform.engine.support.hierarchical.NodeTestTask.executeRecursively(NodeTestTask.java:122)
	at org.junit.platform.engine.support.hierarchical.NodeTestTask.execute(NodeTestTask.java:80)
	at org.junit.platform.engine.support.hierarchical.SameThreadHierarchicalTestExecutorService.submit(SameThreadHierarchicalTestExecutorService.java:32)
	at org.junit.platform.engine.support.hierarchical.HierarchicalTestExecutor.execute(HierarchicalTestExecutor.java:57)
	at org.junit.platform.engine.support.hierarchical.HierarchicalTestEngine.execute(HierarchicalTestEngine.java:51)
	at org.junit.platform.launcher.core.DefaultLauncher.execute(DefaultLauncher.java:248)
	at org.junit.platform.launcher.core.DefaultLauncher.lambda$execute$5(DefaultLauncher.java:211)
	at org.junit.platform.launcher.core.DefaultLauncher.withInterceptedStreams(DefaultLauncher.java:226)
	at org.junit.platform.launcher.core.DefaultLauncher.execute(DefaultLauncher.java:199)
	at org.junit.platform.launcher.core.DefaultLauncher.execute(DefaultLauncher.java:132)
	at org.apache.maven.surefire.junitplatform.JUnitPlatformProvider.execute(JUnitPlatformProvider.java:188)
	at org.apache.maven.surefire.junitplatform.JUnitPlatformProvider.invokeAllTests(JUnitPlatformProvider.java:154)
	at org.apache.maven.surefire.junitplatform.JUnitPlatformProvider.invoke(JUnitPlatformProvider.java:128)
	at org.apache.maven.surefire.booter.ForkedBooter.runSuitesInProcess(ForkedBooter.java:428)
	at org.apache.maven.surefire.booter.ForkedBooter.execute(ForkedBooter.java:162)
	at org.apache.maven.surefire.booter.ForkedBooter.run(ForkedBooter.java:562)
	at org.apache.maven.surefire.booter.ForkedBooter.main(ForkedBooter.java:548)

may. 29, 2022 12:00:58 A. M. com.sun.ejb.containers.BaseContainer initializeHome
INFORMACIÓN: Portable JNDI names for EJB TipoObjetoBean: [java:global/67f8180d-da2d-49bb-a9a1-ac3b03af542d/TipoObjetoBean, java:global/67f8180d-da2d-49bb-a9a1-ac3b03af542d/TipoObjetoBean!com.mycompany.baches.control.TipoObjetoBean]
may. 29, 2022 12:00:58 A. M. fish.payara.micro.cdi.extension.ClusteredCDIEventBusImpl postConstruct
INFORMACIÓN: Clustered CDI Event bus initialized
may. 29, 2022 12:00:58 A. M. org.glassfish.soteria.servlet.SamRegistrationInstaller onStartup
INFORMACIÓN: Initializing Soteria null for context '/67f8180d-da2d-49bb-a9a1-ac3b03af542d'
may. 29, 2022 12:00:58 A. M. com.sun.enterprise.web.WebApplication start
INFORMACIÓN: Loading application [67f8180d-da2d-49bb-a9a1-ac3b03af542d] at [/67f8180d-da2d-49bb-a9a1-ac3b03af542d]
may. 29, 2022 12:00:58 A. M. org.glassfish.deployment.admin.DeployCommand execute
INFORMACIÓN: 67f8180d-da2d-49bb-a9a1-ac3b03af542d was successfully deployed in 683 milliseconds.
]]></system-err>
  </testcase>
  <testcase name="testModificar" classname="com.mycompany.baches.resources.TipoObjetoResourceIT" time="0.039">
    <system-out><![CDATA[

*************************************************************
Modificar TipoObjeto
2022-05-29 00:00:58 jdbc[3]: 
/**/conn0.getClientInfo();
2022-05-29 00:00:58 jdbc[3]: 
/**/PreparedStatement prep159 = conn0.prepareStatement("SELECT id_tipo_objeto, activo, fecha_creacion FROM public.tipo_objeto WHERE (id_tipo_objeto = ?)", 1003, 1007);
2022-05-29 00:00:58 jdbc[3]: Plan       : calculate cost for plan [PUBLIC.TIPO_OBJETO]
2022-05-29 00:00:58 jdbc[3]: Plan       :   for table filter PUBLIC.TIPO_OBJETO
2022-05-29 00:00:58 jdbc[3]: Table      :     potential plan item cost 10,360 index PUBLIC.TIPO_OBJETO.tableScan
2022-05-29 00:00:58 jdbc[3]: Table      :     potential plan item cost 230 index PUBLIC.PRIMARY_KEY_1
2022-05-29 00:00:58 jdbc[3]: Plan       :   best plan item cost 227.7 index PUBLIC.PRIMARY_KEY_1
2022-05-29 00:00:58 jdbc[3]: Plan       : plan cost 228.7
2022-05-29 00:00:58 jdbc[3]: 
/**/prep159.setInt(1, 3);
2022-05-29 00:00:58 jdbc[3]: 
/**/ResultSet rs59 = prep159.executeQuery();
2022-05-29 00:00:58 jdbc[3]: 
/*SQL l:96 #:1*/SELECT id_tipo_objeto, activo, fecha_creacion FROM public.tipo_objeto WHERE (id_tipo_objeto = ?) {1: 3};
2022-05-29 00:00:58 jdbc[3]: 
/**/ResultSetMetaData rsMeta81 = rs59.getMetaData();
2022-05-29 00:00:58 jdbc[3]: 
/**/conn0.getCatalog();
2022-05-29 00:00:58 jdbc[3]: 
/**/rsMeta81.getColumnCount();
2022-05-29 00:00:58 jdbc[3]: 
/**/rs59.next();
2022-05-29 00:00:58 jdbc[3]: 
/**/rsMeta81.getColumnType(1);
2022-05-29 00:00:58 jdbc[3]: 
/**/rs59.getInt(1);
2022-05-29 00:00:58 jdbc[3]: 
/**/rsMeta81.getColumnType(2);
2022-05-29 00:00:58 jdbc[3]: 
/**/rs59.getBoolean(2);
2022-05-29 00:00:58 jdbc[3]: 
/**/rsMeta81.getColumnType(3);
2022-05-29 00:00:58 jdbc[3]: 
/**/rs59.getDate(3);
2022-05-29 00:00:58 jdbc[3]: 
/**/rs59.next();
2022-05-29 00:00:58 jdbc[3]: 
/**/rs59.close();
2022-05-29 00:00:58 jdbc[3]: 
/**/prep159.close();
2022-05-29 00:00:58 jdbc[3]: 
/**/conn0.setClientInfo(properties);
2022-05-29 00:00:58 jdbc[3]: 
/**/conn0.getClientInfo();
2022-05-29 00:00:58 jdbc[3]: 
/**/PreparedStatement prep160 = conn0.prepareStatement("SELECT id_objeto, latitud, longitud, nombre, observaciones, id_tipo_objeto FROM public.objeto WHERE (id_tipo_objeto = ?)", 1003, 1007);
2022-05-29 00:00:58 jdbc[3]: Plan       : calculate cost for plan [PUBLIC.OBJETO]
2022-05-29 00:00:58 jdbc[3]: Plan       :   for table filter PUBLIC.OBJETO
2022-05-29 00:00:58 jdbc[3]: Table      :     potential plan item cost 10,360 index PUBLIC.OBJETO.tableScan
2022-05-29 00:00:58 jdbc[3]: Table      :     potential plan item cost 10,370 index PUBLIC.PRIMARY_KEY_8
2022-05-29 00:00:58 jdbc[3]: Table      :     potential plan item cost 280 index PUBLIC.FK_OBJETO_ID_TIPO_OBJETO_INDEX_8
2022-05-29 00:00:58 jdbc[3]: Plan       :   best plan item cost 277.2 index PUBLIC.FK_OBJETO_ID_TIPO_OBJETO_INDEX_8
2022-05-29 00:00:58 jdbc[3]: Plan       : plan cost 278.2
2022-05-29 00:00:58 jdbc[3]: 
/**/prep160.setInt(1, 3);
2022-05-29 00:00:58 jdbc[3]: 
/**/ResultSet rs60 = prep160.executeQuery();
2022-05-29 00:00:58 jdbc[3]: 
/*SQL l:120*/SELECT id_objeto, latitud, longitud, nombre, observaciones, id_tipo_objeto FROM public.objeto WHERE (id_tipo_objeto = ?) {1: 3};
2022-05-29 00:00:58 jdbc[3]: 
/**/ResultSetMetaData rsMeta82 = rs60.getMetaData();
2022-05-29 00:00:58 jdbc[3]: 
/**/conn0.getCatalog();
2022-05-29 00:00:58 jdbc[3]: 
/**/rsMeta82.getColumnCount();
2022-05-29 00:00:58 jdbc[3]: 
/**/rs60.next();
2022-05-29 00:00:58 jdbc[3]: 
/**/rs60.close();
2022-05-29 00:00:58 jdbc[3]: 
/**/prep160.close();
2022-05-29 00:00:58 jdbc[3]: 
/**/conn0.setClientInfo(properties);
2022-05-29 00:00:58 jdbc[3]: 
/**/conn0.getClientInfo();
2022-05-29 00:00:58 jdbc[3]: 
/**/conn0.setAutoCommit(false);
2022-05-29 00:00:58 jdbc[3]: 
/**/PreparedStatement prep161 = conn0.prepareStatement("UPDATE public.tipo_objeto SET activo = ?, fecha_creacion = ? WHERE (id_tipo_objeto = ?)", 1003, 1007);
2022-05-29 00:00:58 jdbc[3]: Table      :     potential plan item cost 10,360 index PUBLIC.TIPO_OBJETO.tableScan
2022-05-29 00:00:58 jdbc[3]: Table      :     potential plan item cost 230 index PUBLIC.PRIMARY_KEY_1
2022-05-29 00:00:58 jdbc[3]: 
/**/prep161.setBoolean(1, false);
2022-05-29 00:00:58 jdbc[3]: 
/**/prep161.setNull(2, 91);
2022-05-29 00:00:58 jdbc[3]: 
/**/prep161.setInt(3, 3);
2022-05-29 00:00:58 jdbc[3]: 
/**/prep161.executeUpdate();
2022-05-29 00:00:58 lock: 3 shared read lock requesting for TIPO_OBJETO 
2022-05-29 00:00:58 lock: 3 shared read lock ok TIPO_OBJETO 
2022-05-29 00:00:58 jdbc[3]: 
/*SQL l:87 #:1*/UPDATE public.tipo_objeto SET activo = ?, fecha_creacion = ? WHERE (id_tipo_objeto = ?) {1: FALSE, 2: NULL, 3: 3};
2022-05-29 00:00:58 jdbc[3]: 
/**/prep161.close();
2022-05-29 00:00:58 jdbc[3]: 
/**/conn0.setClientInfo(properties);
2022-05-29 00:00:58 jdbc[3]: 
/**/conn0.commit();
2022-05-29 00:00:58 lock: 3 shared read lock unlock TIPO_OBJETO 
2022-05-29 00:00:58 jdbc[3]: 
/*SQL */COMMIT;
2022-05-29 00:00:58 jdbc[3]: 
/**/conn0.setAutoCommit(true);
2022-05-29 00:00:58 jdbc[3]: 
/**/conn0.commit();
2022-05-29 00:00:58 jdbc[3]: 
/*SQL */COMMIT;



Modificado {"activo":false,"idTipoObjeto":3,"objetoList":[]}



]]></system-out>
  </testcase>
  <testcase name="testEliminar" classname="com.mycompany.baches.resources.TipoObjetoResourceIT" time="0.028">
    <system-out><![CDATA[

*************************************************************
Eliminar TipoObjeto
2022-05-29 00:00:58 jdbc[3]: 
/**/conn0.getClientInfo();
2022-05-29 00:00:58 jdbc[3]: 
/**/conn0.setAutoCommit(false);
2022-05-29 00:00:58 jdbc[3]: 
/**/PreparedStatement prep162 = conn0.prepareStatement("DELETE FROM public.tipo_objeto WHERE (id_tipo_objeto = ?)", 1003, 1007);
2022-05-29 00:00:58 jdbc[3]: Table      :     potential plan item cost 10,360 index PUBLIC.TIPO_OBJETO.tableScan
2022-05-29 00:00:58 jdbc[3]: Table      :     potential plan item cost 230 index PUBLIC.PRIMARY_KEY_1
2022-05-29 00:00:58 jdbc[3]: 
/**/prep162.setInt(1, 3);
2022-05-29 00:00:58 jdbc[3]: 
/**/prep162.executeUpdate();
2022-05-29 00:00:58 lock: 3 shared read lock requesting for TIPO_OBJETO 
2022-05-29 00:00:58 lock: 3 shared read lock ok TIPO_OBJETO 
2022-05-29 00:00:58 jdbc[3]: 
/*SQL l:57 #:1*/DELETE FROM public.tipo_objeto WHERE (id_tipo_objeto = ?) {1: 3};
2022-05-29 00:00:58 jdbc[3]: 
/**/prep162.close();
2022-05-29 00:00:58 jdbc[3]: 
/**/conn0.setClientInfo(properties);
2022-05-29 00:00:58 jdbc[3]: 
/**/conn0.commit();
2022-05-29 00:00:58 lock: 3 shared read lock unlock TIPO_OBJETO 
2022-05-29 00:00:58 jdbc[3]: 
/*SQL */COMMIT;
2022-05-29 00:00:58 jdbc[3]: 
/**/conn0.setAutoCommit(true);
2022-05-29 00:00:58 jdbc[3]: 
/**/conn0.commit();
2022-05-29 00:00:58 jdbc[3]: 
/*SQL */COMMIT;



ID:3 eliminado correctamente



]]></system-out>
  </testcase>
  <testcase name="testFindAll" classname="com.mycompany.baches.resources.TipoObjetoResourceIT" time="2.074">
    <system-out><![CDATA[

*************************************************************
findAllTipoObjeto
2022-05-29 00:00:58 jdbc[3]: 
/**/conn0.getClientInfo();
2022-05-29 00:00:58 jdbc[3]: 
/**/PreparedStatement prep163 = conn0.prepareStatement("SELECT id_tipo_objeto AS a1, activo AS a2, fecha_creacion AS a3 FROM public.tipo_objeto LIMIT ? OFFSET ?", 1003, 1007);
2022-05-29 00:00:58 jdbc[3]: Plan       : calculate cost for plan [PUBLIC.TIPO_OBJETO]
2022-05-29 00:00:58 jdbc[3]: Plan       :   for table filter PUBLIC.TIPO_OBJETO
2022-05-29 00:00:58 jdbc[3]: Table      :     potential plan item cost 10,350 index PUBLIC.TIPO_OBJETO.tableScan
2022-05-29 00:00:58 jdbc[3]: Table      :     potential plan item cost 10,360 index PUBLIC.PRIMARY_KEY_1
2022-05-29 00:00:58 jdbc[3]: Plan       :   best plan item cost 10,350 index PUBLIC.TIPO_OBJETO.tableScan
2022-05-29 00:00:58 jdbc[3]: Plan       : plan cost 10,351
2022-05-29 00:00:58 jdbc[3]: 
/**/prep163.setInt(1, 50);
2022-05-29 00:00:58 jdbc[3]: 
/**/prep163.setInt(2, 0);
2022-05-29 00:00:58 jdbc[3]: 
/**/ResultSet rs61 = prep163.executeQuery();
2022-05-29 00:00:58 jdbc[3]: 
/*SQL l:104 #:15*/SELECT id_tipo_objeto AS a1, activo AS a2, fecha_creacion AS a3 FROM public.tipo_objeto LIMIT ? OFFSET ? {1: 50, 2: 0};
2022-05-29 00:00:58 jdbc[3]: 
/**/ResultSetMetaData rsMeta83 = rs61.getMetaData();
2022-05-29 00:00:58 jdbc[3]: 
/**/conn0.getCatalog();
2022-05-29 00:00:58 jdbc[3]: 
/**/rsMeta83.getColumnCount();
2022-05-29 00:00:58 jdbc[3]: 
/**/rs61.next();
2022-05-29 00:00:58 jdbc[3]: 
/**/rs61.getInt(1);
2022-05-29 00:00:58 jdbc[3]: 
/**/rs61.getBoolean(2);
2022-05-29 00:00:58 jdbc[3]: 
/**/rs61.getDate(3);
2022-05-29 00:00:58 jdbc[3]: 
/**/rs61.next();
2022-05-29 00:00:58 jdbc[3]: 
/**/rs61.getInt(1);
2022-05-29 00:00:58 jdbc[3]: 
/**/rs61.getBoolean(2);
2022-05-29 00:00:58 jdbc[3]: 
/**/rs61.wasNull();
2022-05-29 00:00:58 jdbc[3]: 
/**/rs61.getDate(3);
2022-05-29 00:00:58 jdbc[3]: 
/**/rs61.next();
2022-05-29 00:00:58 jdbc[3]: 
/**/rs61.getInt(1);
2022-05-29 00:00:58 jdbc[3]: 
/**/rs61.getBoolean(2);
2022-05-29 00:00:58 jdbc[3]: 
/**/rs61.getDate(3);
2022-05-29 00:00:58 jdbc[3]: 
/**/rs61.next();
2022-05-29 00:00:58 jdbc[3]: 
/**/rs61.getInt(1);
2022-05-29 00:00:58 jdbc[3]: 
/**/rs61.getBoolean(2);
2022-05-29 00:00:58 jdbc[3]: 
/**/rs61.getDate(3);
2022-05-29 00:00:58 jdbc[3]: 
/**/rs61.next();
2022-05-29 00:00:58 jdbc[3]: 
/**/rs61.getInt(1);
2022-05-29 00:00:58 jdbc[3]: 
/**/rs61.getBoolean(2);
2022-05-29 00:00:58 jdbc[3]: 
/**/rs61.getDate(3);
2022-05-29 00:00:58 jdbc[3]: 
/**/rs61.next();
2022-05-29 00:00:58 jdbc[3]: 
/**/rs61.getInt(1);
2022-05-29 00:00:58 jdbc[3]: 
/**/rs61.getBoolean(2);
2022-05-29 00:00:58 jdbc[3]: 
/**/rs61.getDate(3);
2022-05-29 00:00:58 jdbc[3]: 
/**/rs61.next();
2022-05-29 00:00:58 jdbc[3]: 
/**/rs61.getInt(1);
2022-05-29 00:00:58 jdbc[3]: 
/**/rs61.getBoolean(2);
2022-05-29 00:00:58 jdbc[3]: 
/**/rs61.getDate(3);
2022-05-29 00:00:58 jdbc[3]: 
/**/rs61.next();
2022-05-29 00:00:58 jdbc[3]: 
/**/rs61.getInt(1);
2022-05-29 00:00:58 jdbc[3]: 
/**/rs61.getBoolean(2);
2022-05-29 00:00:58 jdbc[3]: 
/**/rs61.getDate(3);
2022-05-29 00:00:58 jdbc[3]: 
/**/rs61.next();
2022-05-29 00:00:58 jdbc[3]: 
/**/rs61.getInt(1);
2022-05-29 00:00:58 jdbc[3]: 
/**/rs61.getBoolean(2);
2022-05-29 00:00:58 jdbc[3]: 
/**/rs61.getDate(3);
2022-05-29 00:00:58 jdbc[3]: 
/**/rs61.next();
2022-05-29 00:00:58 jdbc[3]: 
/**/rs61.getInt(1);
2022-05-29 00:00:58 jdbc[3]: 
/**/rs61.getBoolean(2);
2022-05-29 00:00:58 jdbc[3]: 
/**/rs61.getDate(3);
2022-05-29 00:00:58 jdbc[3]: 
/**/rs61.next();
2022-05-29 00:00:58 jdbc[3]: 
/**/rs61.getInt(1);
2022-05-29 00:00:58 jdbc[3]: 
/**/rs61.getBoolean(2);
2022-05-29 00:00:58 jdbc[3]: 
/**/rs61.getDate(3);
2022-05-29 00:00:58 jdbc[3]: 
/**/rs61.next();
2022-05-29 00:00:58 jdbc[3]: 
/**/rs61.getInt(1);
2022-05-29 00:00:58 jdbc[3]: 
/**/rs61.getBoolean(2);
2022-05-29 00:00:58 jdbc[3]: 
/**/rs61.getDate(3);
2022-05-29 00:00:58 jdbc[3]: 
/**/rs61.next();
2022-05-29 00:00:58 jdbc[3]: 
/**/rs61.getInt(1);
2022-05-29 00:00:58 jdbc[3]: 
/**/rs61.getBoolean(2);
2022-05-29 00:00:58 jdbc[3]: 
/**/rs61.getDate(3);
2022-05-29 00:00:58 jdbc[3]: 
/**/rs61.next();
2022-05-29 00:00:58 jdbc[3]: 
/**/rs61.getInt(1);
2022-05-29 00:00:58 jdbc[3]: 
/**/rs61.getBoolean(2);
2022-05-29 00:00:58 jdbc[3]: 
/**/rs61.getDate(3);
2022-05-29 00:00:58 jdbc[3]: 
/**/rs61.next();
2022-05-29 00:00:58 jdbc[3]: 
/**/rs61.getInt(1);
2022-05-29 00:00:58 jdbc[3]: 
/**/rs61.getBoolean(2);
2022-05-29 00:00:58 jdbc[3]: 
/**/rs61.getDate(3);
2022-05-29 00:00:58 jdbc[3]: 
/**/rs61.next();
2022-05-29 00:00:58 jdbc[3]: 
/**/rs61.close();
2022-05-29 00:00:58 jdbc[3]: 
/**/prep163.close();
2022-05-29 00:00:58 jdbc[3]: 
/**/conn0.setClientInfo(properties);
2022-05-29 00:01:01 jdbc[3]: 
/**/conn0.getClientInfo();
2022-05-29 00:01:01 jdbc[3]: 
/**/PreparedStatement prep164 = conn0.prepareStatement("SELECT COUNT(id_tipo_objeto) FROM public.tipo_objeto", 1003, 1007);
2022-05-29 00:01:01 jdbc[3]: Plan       : calculate cost for plan [PUBLIC.TIPO_OBJETO]
2022-05-29 00:01:01 jdbc[3]: Plan       :   for table filter PUBLIC.TIPO_OBJETO
2022-05-29 00:01:01 jdbc[3]: Table      :     potential plan item cost 10,350 index PUBLIC.TIPO_OBJETO.tableScan
2022-05-29 00:01:01 jdbc[3]: Table      :     potential plan item cost 10,360 index PUBLIC.PRIMARY_KEY_1
2022-05-29 00:01:01 jdbc[3]: Plan       :   best plan item cost 10,350 index PUBLIC.TIPO_OBJETO.tableScan
2022-05-29 00:01:01 jdbc[3]: Plan       : plan cost 10,351
2022-05-29 00:01:01 jdbc[3]: 
/**/ResultSet rs62 = prep164.executeQuery();
2022-05-29 00:01:01 jdbc[3]: 
/*SQL #:1*/SELECT COUNT(id_tipo_objeto) FROM public.tipo_objeto;
2022-05-29 00:01:01 jdbc[3]: 
/**/ResultSetMetaData rsMeta84 = rs62.getMetaData();
2022-05-29 00:01:01 jdbc[3]: 
/**/conn0.getCatalog();
2022-05-29 00:01:01 jdbc[3]: 
/**/rsMeta84.getColumnCount();
2022-05-29 00:01:01 jdbc[3]: 
/**/rs62.next();
2022-05-29 00:01:01 jdbc[3]: 
/**/rsMeta84.getColumnType(1);
2022-05-29 00:01:01 jdbc[3]: 
/**/rs62.getLong(1);
2022-05-29 00:01:01 jdbc[3]: 
/**/rs62.next();
2022-05-29 00:01:01 jdbc[3]: 
/**/rs62.close();
2022-05-29 00:01:01 jdbc[3]: 
/**/prep164.close();
2022-05-29 00:01:01 jdbc[3]: 
/**/conn0.setClientInfo(properties);
2022-05-29 00:01:01 jdbc[3]: 
/**/conn0.getClientInfo();
2022-05-29 00:01:01 jdbc[3]: 
/**/PreparedStatement prep165 = conn0.prepareStatement("SELECT id_objeto, latitud, longitud, nombre, observaciones, id_tipo_objeto FROM public.objeto WHERE (id_tipo_objeto = ?)", 1003, 1007);
2022-05-29 00:01:01 jdbc[3]: 
/**/prep165.setInt(1, 1);
2022-05-29 00:01:01 jdbc[3]: 
/**/ResultSet rs63 = prep165.executeQuery();
2022-05-29 00:01:01 jdbc[3]: 
/*SQL l:120*/SELECT id_objeto, latitud, longitud, nombre, observaciones, id_tipo_objeto FROM public.objeto WHERE (id_tipo_objeto = ?) {1: 1};
2022-05-29 00:01:01 jdbc[3]: 
/**/ResultSetMetaData rsMeta85 = rs63.getMetaData();
2022-05-29 00:01:01 jdbc[3]: 
/**/conn0.getCatalog();
2022-05-29 00:01:01 jdbc[3]: 
/**/rsMeta85.getColumnCount();
2022-05-29 00:01:01 jdbc[3]: 
/**/rs63.next();
2022-05-29 00:01:01 jdbc[3]: 
/**/rs63.close();
2022-05-29 00:01:01 jdbc[3]: 
/**/prep165.close();
2022-05-29 00:01:01 jdbc[3]: 
/**/conn0.setClientInfo(properties);
2022-05-29 00:01:01 jdbc[3]: 
/**/conn0.getClientInfo();
2022-05-29 00:01:01 jdbc[3]: 
/**/PreparedStatement prep166 = conn0.prepareStatement("SELECT id_objeto, latitud, longitud, nombre, observaciones, id_tipo_objeto FROM public.objeto WHERE (id_tipo_objeto = ?)", 1003, 1007);
2022-05-29 00:01:01 jdbc[3]: 
/**/prep166.setInt(1, 4);
2022-05-29 00:01:01 jdbc[3]: 
/**/ResultSet rs64 = prep166.executeQuery();
2022-05-29 00:01:01 jdbc[3]: 
/*SQL l:120*/SELECT id_objeto, latitud, longitud, nombre, observaciones, id_tipo_objeto FROM public.objeto WHERE (id_tipo_objeto = ?) {1: 4};
2022-05-29 00:01:01 jdbc[3]: 
/**/ResultSetMetaData rsMeta86 = rs64.getMetaData();
2022-05-29 00:01:01 jdbc[3]: 
/**/conn0.getCatalog();
2022-05-29 00:01:01 jdbc[3]: 
/**/rsMeta86.getColumnCount();
2022-05-29 00:01:01 jdbc[3]: 
/**/rs64.next();
2022-05-29 00:01:01 jdbc[3]: 
/**/rs64.close();
2022-05-29 00:01:01 jdbc[3]: 
/**/prep166.close();
2022-05-29 00:01:01 jdbc[3]: 
/**/conn0.setClientInfo(properties);
2022-05-29 00:01:01 jdbc[3]: 
/**/conn0.getClientInfo();
2022-05-29 00:01:01 jdbc[3]: 
/**/PreparedStatement prep167 = conn0.prepareStatement("SELECT id_objeto, latitud, longitud, nombre, observaciones, id_tipo_objeto FROM public.objeto WHERE (id_tipo_objeto = ?)", 1003, 1007);
2022-05-29 00:01:01 jdbc[3]: 
/**/prep167.setInt(1, 5);
2022-05-29 00:01:01 jdbc[3]: 
/**/ResultSet rs65 = prep167.executeQuery();
2022-05-29 00:01:01 jdbc[3]: 
/*SQL l:120*/SELECT id_objeto, latitud, longitud, nombre, observaciones, id_tipo_objeto FROM public.objeto WHERE (id_tipo_objeto = ?) {1: 5};
2022-05-29 00:01:01 jdbc[3]: 
/**/ResultSetMetaData rsMeta87 = rs65.getMetaData();
2022-05-29 00:01:01 jdbc[3]: 
/**/conn0.getCatalog();
2022-05-29 00:01:01 jdbc[3]: 
/**/rsMeta87.getColumnCount();
2022-05-29 00:01:01 jdbc[3]: 
/**/rs65.next();
2022-05-29 00:01:01 jdbc[3]: 
/**/rs65.close();
2022-05-29 00:01:01 jdbc[3]: 
/**/prep167.close();
2022-05-29 00:01:01 jdbc[3]: 
/**/conn0.setClientInfo(properties);
2022-05-29 00:01:01 jdbc[3]: 
/**/conn0.getClientInfo();
2022-05-29 00:01:01 jdbc[3]: 
/**/PreparedStatement prep168 = conn0.prepareStatement("SELECT id_objeto, latitud, longitud, nombre, observaciones, id_tipo_objeto FROM public.objeto WHERE (id_tipo_objeto = ?)", 1003, 1007);
2022-05-29 00:01:01 jdbc[3]: 
/**/prep168.setInt(1, 6);
2022-05-29 00:01:01 jdbc[3]: 
/**/ResultSet rs66 = prep168.executeQuery();
2022-05-29 00:01:01 jdbc[3]: 
/*SQL l:120*/SELECT id_objeto, latitud, longitud, nombre, observaciones, id_tipo_objeto FROM public.objeto WHERE (id_tipo_objeto = ?) {1: 6};
2022-05-29 00:01:01 jdbc[3]: 
/**/ResultSetMetaData rsMeta88 = rs66.getMetaData();
2022-05-29 00:01:01 jdbc[3]: 
/**/conn0.getCatalog();
2022-05-29 00:01:01 jdbc[3]: 
/**/rsMeta88.getColumnCount();
2022-05-29 00:01:01 jdbc[3]: 
/**/rs66.next();
2022-05-29 00:01:01 jdbc[3]: 
/**/rs66.close();
2022-05-29 00:01:01 jdbc[3]: 
/**/prep168.close();
2022-05-29 00:01:01 jdbc[3]: 
/**/conn0.setClientInfo(properties);
2022-05-29 00:01:01 jdbc[3]: 
/**/conn0.getClientInfo();
2022-05-29 00:01:01 jdbc[3]: 
/**/PreparedStatement prep169 = conn0.prepareStatement("SELECT id_objeto, latitud, longitud, nombre, observaciones, id_tipo_objeto FROM public.objeto WHERE (id_tipo_objeto = ?)", 1003, 1007);
2022-05-29 00:01:01 jdbc[3]: 
/**/prep169.setInt(1, 7);
2022-05-29 00:01:01 jdbc[3]: 
/**/ResultSet rs67 = prep169.executeQuery();
2022-05-29 00:01:01 jdbc[3]: 
/*SQL l:120*/SELECT id_objeto, latitud, longitud, nombre, observaciones, id_tipo_objeto FROM public.objeto WHERE (id_tipo_objeto = ?) {1: 7};
2022-05-29 00:01:01 jdbc[3]: 
/**/ResultSetMetaData rsMeta89 = rs67.getMetaData();
2022-05-29 00:01:01 jdbc[3]: 
/**/conn0.getCatalog();
2022-05-29 00:01:01 jdbc[3]: 
/**/rsMeta89.getColumnCount();
2022-05-29 00:01:01 jdbc[3]: 
/**/rs67.next();
2022-05-29 00:01:01 jdbc[3]: 
/**/rs67.close();
2022-05-29 00:01:01 jdbc[3]: 
/**/prep169.close();
2022-05-29 00:01:01 jdbc[3]: 
/**/conn0.setClientInfo(properties);
2022-05-29 00:01:01 jdbc[3]: 
/**/conn0.getClientInfo();
2022-05-29 00:01:01 jdbc[3]: 
/**/PreparedStatement prep170 = conn0.prepareStatement("SELECT id_objeto, latitud, longitud, nombre, observaciones, id_tipo_objeto FROM public.objeto WHERE (id_tipo_objeto = ?)", 1003, 1007);
2022-05-29 00:01:01 jdbc[3]: 
/**/prep170.setInt(1, 8);
2022-05-29 00:01:01 jdbc[3]: 
/**/ResultSet rs68 = prep170.executeQuery();
2022-05-29 00:01:01 jdbc[3]: 
/*SQL l:120*/SELECT id_objeto, latitud, longitud, nombre, observaciones, id_tipo_objeto FROM public.objeto WHERE (id_tipo_objeto = ?) {1: 8};
2022-05-29 00:01:01 jdbc[3]: 
/**/ResultSetMetaData rsMeta90 = rs68.getMetaData();
2022-05-29 00:01:01 jdbc[3]: 
/**/conn0.getCatalog();
2022-05-29 00:01:01 jdbc[3]: 
/**/rsMeta90.getColumnCount();
2022-05-29 00:01:01 jdbc[3]: 
/**/rs68.next();
2022-05-29 00:01:01 jdbc[3]: 
/**/rs68.close();
2022-05-29 00:01:01 jdbc[3]: 
/**/prep170.close();
2022-05-29 00:01:01 jdbc[3]: 
/**/conn0.setClientInfo(properties);
2022-05-29 00:01:01 jdbc[3]: 
/**/conn0.getClientInfo();
2022-05-29 00:01:01 jdbc[3]: 
/**/PreparedStatement prep171 = conn0.prepareStatement("SELECT id_objeto, latitud, longitud, nombre, observaciones, id_tipo_objeto FROM public.objeto WHERE (id_tipo_objeto = ?)", 1003, 1007);
2022-05-29 00:01:01 jdbc[3]: 
/**/prep171.setInt(1, 9);
2022-05-29 00:01:01 jdbc[3]: 
/**/ResultSet rs69 = prep171.executeQuery();
2022-05-29 00:01:01 jdbc[3]: 
/*SQL l:120*/SELECT id_objeto, latitud, longitud, nombre, observaciones, id_tipo_objeto FROM public.objeto WHERE (id_tipo_objeto = ?) {1: 9};
2022-05-29 00:01:01 jdbc[3]: 
/**/ResultSetMetaData rsMeta91 = rs69.getMetaData();
2022-05-29 00:01:01 jdbc[3]: 
/**/conn0.getCatalog();
2022-05-29 00:01:01 jdbc[3]: 
/**/rsMeta91.getColumnCount();
2022-05-29 00:01:01 jdbc[3]: 
/**/rs69.next();
2022-05-29 00:01:01 jdbc[3]: 
/**/rs69.close();
2022-05-29 00:01:01 jdbc[3]: 
/**/prep171.close();
2022-05-29 00:01:01 jdbc[3]: 
/**/conn0.setClientInfo(properties);
2022-05-29 00:01:01 jdbc[3]: 
/**/conn0.getClientInfo();
2022-05-29 00:01:01 jdbc[3]: 
/**/PreparedStatement prep172 = conn0.prepareStatement("SELECT id_objeto, latitud, longitud, nombre, observaciones, id_tipo_objeto FROM public.objeto WHERE (id_tipo_objeto = ?)", 1003, 1007);
2022-05-29 00:01:01 jdbc[3]: 
/**/prep172.setInt(1, 10);
2022-05-29 00:01:01 jdbc[3]: 
/**/ResultSet rs70 = prep172.executeQuery();
2022-05-29 00:01:01 jdbc[3]: 
/*SQL l:120*/SELECT id_objeto, latitud, longitud, nombre, observaciones, id_tipo_objeto FROM public.objeto WHERE (id_tipo_objeto = ?) {1: 10};
2022-05-29 00:01:01 jdbc[3]: 
/**/ResultSetMetaData rsMeta92 = rs70.getMetaData();
2022-05-29 00:01:01 jdbc[3]: 
/**/conn0.getCatalog();
2022-05-29 00:01:01 jdbc[3]: 
/**/rsMeta92.getColumnCount();
2022-05-29 00:01:01 jdbc[3]: 
/**/rs70.next();
2022-05-29 00:01:01 jdbc[3]: 
/**/rs70.close();
2022-05-29 00:01:01 jdbc[3]: 
/**/prep172.close();
2022-05-29 00:01:01 jdbc[3]: 
/**/conn0.setClientInfo(properties);
2022-05-29 00:01:01 jdbc[3]: 
/**/conn0.getClientInfo();
2022-05-29 00:01:01 jdbc[3]: 
/**/PreparedStatement prep173 = conn0.prepareStatement("SELECT id_objeto, latitud, longitud, nombre, observaciones, id_tipo_objeto FROM public.objeto WHERE (id_tipo_objeto = ?)", 1003, 1007);
2022-05-29 00:01:01 jdbc[3]: 
/**/prep173.setInt(1, 11);
2022-05-29 00:01:01 jdbc[3]: 
/**/ResultSet rs71 = prep173.executeQuery();
2022-05-29 00:01:01 jdbc[3]: 
/*SQL l:120*/SELECT id_objeto, latitud, longitud, nombre, observaciones, id_tipo_objeto FROM public.objeto WHERE (id_tipo_objeto = ?) {1: 11};
2022-05-29 00:01:01 jdbc[3]: 
/**/ResultSetMetaData rsMeta93 = rs71.getMetaData();
2022-05-29 00:01:01 jdbc[3]: 
/**/conn0.getCatalog();
2022-05-29 00:01:01 jdbc[3]: 
/**/rsMeta93.getColumnCount();
2022-05-29 00:01:01 jdbc[3]: 
/**/rs71.next();
2022-05-29 00:01:01 jdbc[3]: 
/**/rs71.close();
2022-05-29 00:01:01 jdbc[3]: 
/**/prep173.close();
2022-05-29 00:01:01 jdbc[3]: 
/**/conn0.setClientInfo(properties);
2022-05-29 00:01:01 jdbc[3]: 
/**/conn0.getClientInfo();
2022-05-29 00:01:01 jdbc[3]: 
/**/PreparedStatement prep174 = conn0.prepareStatement("SELECT id_objeto, latitud, longitud, nombre, observaciones, id_tipo_objeto FROM public.objeto WHERE (id_tipo_objeto = ?)", 1003, 1007);
2022-05-29 00:01:01 jdbc[3]: 
/**/prep174.setInt(1, 12);
2022-05-29 00:01:01 jdbc[3]: 
/**/ResultSet rs72 = prep174.executeQuery();
2022-05-29 00:01:01 jdbc[3]: 
/*SQL l:120*/SELECT id_objeto, latitud, longitud, nombre, observaciones, id_tipo_objeto FROM public.objeto WHERE (id_tipo_objeto = ?) {1: 12};
2022-05-29 00:01:01 jdbc[3]: 
/**/ResultSetMetaData rsMeta94 = rs72.getMetaData();
2022-05-29 00:01:01 jdbc[3]: 
/**/conn0.getCatalog();
2022-05-29 00:01:01 jdbc[3]: 
/**/rsMeta94.getColumnCount();
2022-05-29 00:01:01 jdbc[3]: 
/**/rs72.next();
2022-05-29 00:01:01 jdbc[3]: 
/**/rs72.close();
2022-05-29 00:01:01 jdbc[3]: 
/**/prep174.close();
2022-05-29 00:01:01 jdbc[3]: 
/**/conn0.setClientInfo(properties);
2022-05-29 00:01:01 jdbc[3]: 
/**/conn0.getClientInfo();
2022-05-29 00:01:01 jdbc[3]: 
/**/PreparedStatement prep175 = conn0.prepareStatement("SELECT id_objeto, latitud, longitud, nombre, observaciones, id_tipo_objeto FROM public.objeto WHERE (id_tipo_objeto = ?)", 1003, 1007);
2022-05-29 00:01:01 jdbc[3]: 
/**/prep175.setInt(1, 13);
2022-05-29 00:01:01 jdbc[3]: 
/**/ResultSet rs73 = prep175.executeQuery();
2022-05-29 00:01:01 jdbc[3]: 
/*SQL l:120*/SELECT id_objeto, latitud, longitud, nombre, observaciones, id_tipo_objeto FROM public.objeto WHERE (id_tipo_objeto = ?) {1: 13};
2022-05-29 00:01:01 jdbc[3]: 
/**/ResultSetMetaData rsMeta95 = rs73.getMetaData();
2022-05-29 00:01:01 jdbc[3]: 
/**/conn0.getCatalog();
2022-05-29 00:01:01 jdbc[3]: 
/**/rsMeta95.getColumnCount();
2022-05-29 00:01:01 jdbc[3]: 
/**/rs73.next();
2022-05-29 00:01:01 jdbc[3]: 
/**/rs73.close();
2022-05-29 00:01:01 jdbc[3]: 
/**/prep175.close();
2022-05-29 00:01:01 jdbc[3]: 
/**/conn0.setClientInfo(properties);
2022-05-29 00:01:01 jdbc[3]: 
/**/conn0.getClientInfo();
2022-05-29 00:01:01 jdbc[3]: 
/**/PreparedStatement prep176 = conn0.prepareStatement("SELECT id_objeto, latitud, longitud, nombre, observaciones, id_tipo_objeto FROM public.objeto WHERE (id_tipo_objeto = ?)", 1003, 1007);
2022-05-29 00:01:01 jdbc[3]: 
/**/prep176.setInt(1, 14);
2022-05-29 00:01:01 jdbc[3]: 
/**/ResultSet rs74 = prep176.executeQuery();
2022-05-29 00:01:01 jdbc[3]: 
/*SQL l:120*/SELECT id_objeto, latitud, longitud, nombre, observaciones, id_tipo_objeto FROM public.objeto WHERE (id_tipo_objeto = ?) {1: 14};
2022-05-29 00:01:01 jdbc[3]: 
/**/ResultSetMetaData rsMeta96 = rs74.getMetaData();
2022-05-29 00:01:01 jdbc[3]: 
/**/conn0.getCatalog();
2022-05-29 00:01:01 jdbc[3]: 
/**/rsMeta96.getColumnCount();
2022-05-29 00:01:01 jdbc[3]: 
/**/rs74.next();
2022-05-29 00:01:01 jdbc[3]: 
/**/rs74.close();
2022-05-29 00:01:01 jdbc[3]: 
/**/prep176.close();
2022-05-29 00:01:01 jdbc[3]: 
/**/conn0.setClientInfo(properties);
2022-05-29 00:01:01 jdbc[3]: 
/**/conn0.getClientInfo();
2022-05-29 00:01:01 jdbc[3]: 
/**/PreparedStatement prep177 = conn0.prepareStatement("SELECT id_objeto, latitud, longitud, nombre, observaciones, id_tipo_objeto FROM public.objeto WHERE (id_tipo_objeto = ?)", 1003, 1007);
2022-05-29 00:01:01 jdbc[3]: 
/**/prep177.setInt(1, 15);
2022-05-29 00:01:01 jdbc[3]: 
/**/ResultSet rs75 = prep177.executeQuery();
2022-05-29 00:01:01 jdbc[3]: 
/*SQL l:120*/SELECT id_objeto, latitud, longitud, nombre, observaciones, id_tipo_objeto FROM public.objeto WHERE (id_tipo_objeto = ?) {1: 15};
2022-05-29 00:01:01 jdbc[3]: 
/**/ResultSetMetaData rsMeta97 = rs75.getMetaData();
2022-05-29 00:01:01 jdbc[3]: 
/**/conn0.getCatalog();
2022-05-29 00:01:01 jdbc[3]: 
/**/rsMeta97.getColumnCount();
2022-05-29 00:01:01 jdbc[3]: 
/**/rs75.next();
2022-05-29 00:01:01 jdbc[3]: 
/**/rs75.close();
2022-05-29 00:01:01 jdbc[3]: 
/**/prep177.close();
2022-05-29 00:01:01 jdbc[3]: 
/**/conn0.setClientInfo(properties);
2022-05-29 00:01:01 jdbc[3]: 
/**/conn0.getClientInfo();
2022-05-29 00:01:01 jdbc[3]: 
/**/PreparedStatement prep178 = conn0.prepareStatement("SELECT id_objeto, latitud, longitud, nombre, observaciones, id_tipo_objeto FROM public.objeto WHERE (id_tipo_objeto = ?)", 1003, 1007);
2022-05-29 00:01:01 jdbc[3]: 
/**/prep178.setInt(1, 16);
2022-05-29 00:01:01 jdbc[3]: 
/**/ResultSet rs76 = prep178.executeQuery();
2022-05-29 00:01:01 jdbc[3]: 
/*SQL l:120*/SELECT id_objeto, latitud, longitud, nombre, observaciones, id_tipo_objeto FROM public.objeto WHERE (id_tipo_objeto = ?) {1: 16};
2022-05-29 00:01:01 jdbc[3]: 
/**/ResultSetMetaData rsMeta98 = rs76.getMetaData();
2022-05-29 00:01:01 jdbc[3]: 
/**/conn0.getCatalog();
2022-05-29 00:01:01 jdbc[3]: 
/**/rsMeta98.getColumnCount();
2022-05-29 00:01:01 jdbc[3]: 
/**/rs76.next();
2022-05-29 00:01:01 jdbc[3]: 
/**/rs76.close();
2022-05-29 00:01:01 jdbc[3]: 
/**/prep178.close();
2022-05-29 00:01:01 jdbc[3]: 
/**/conn0.setClientInfo(properties);



ID: 1
ID: 4
ID: 5
ID: 6
ID: 7
ID: 8
ID: 9
ID: 10
ID: 11
ID: 12
ID: 13
ID: 14
ID: 15
ID: 16
ID: 17



]]></system-out>
  </testcase>
  <testcase name="testContar" classname="com.mycompany.baches.resources.TipoObjetoResourceIT" time="2.136">
    <system-out><![CDATA[

*************************************************************
Contar
2022-05-29 00:01:03 jdbc[3]: 
/**/conn0.getClientInfo();
2022-05-29 00:01:03 jdbc[3]: 
/**/PreparedStatement prep179 = conn0.prepareStatement("SELECT COUNT(id_tipo_objeto) FROM public.tipo_objeto", 1003, 1007);
2022-05-29 00:01:03 jdbc[3]: 
/**/ResultSet rs77 = prep179.executeQuery();
2022-05-29 00:01:03 jdbc[3]: 
/*SQL #:1*/SELECT COUNT(id_tipo_objeto) FROM public.tipo_objeto;
2022-05-29 00:01:03 jdbc[3]: 
/**/ResultSetMetaData rsMeta99 = rs77.getMetaData();
2022-05-29 00:01:03 jdbc[3]: 
/**/conn0.getCatalog();
2022-05-29 00:01:03 jdbc[3]: 
/**/rsMeta99.getColumnCount();
2022-05-29 00:01:03 jdbc[3]: 
/**/rs77.next();
2022-05-29 00:01:03 jdbc[3]: 
/**/rsMeta99.getColumnType(1);
2022-05-29 00:01:03 jdbc[3]: 
/**/rs77.getLong(1);
2022-05-29 00:01:03 jdbc[3]: 
/**/rs77.next();
2022-05-29 00:01:03 jdbc[3]: 
/**/rs77.close();
2022-05-29 00:01:03 jdbc[3]: 
/**/prep179.close();
2022-05-29 00:01:03 jdbc[3]: 
/**/conn0.setClientInfo(properties);
Se encontraron 15
]]></system-out>
  </testcase>
</testsuite>