<?xml version="1.0" encoding="UTF-8"?>
<testsuite xmlns:xsi="http://www.w3.org/2001/XMLSchema-instance" xsi:noNamespaceSchemaLocation="https://maven.apache.org/surefire/maven-failsafe-plugin/xsd/failsafe-test-report-3.0.xsd" version="3.0" name="com.mycompany.baches.resources.RutaResourceIT" time="1.906" tests="5" errors="0" skipped="0" failures="0">
  <properties>
[...]
</properties>
  <testcase name="testFindAll" classname="com.mycompany.baches.resources.RutaResourceIT" time="0.064">
    <system-out><![CDATA[cf0581a1-9dfd-460f-952b-243c6e60984a.war:
/WEB-INF/
/WEB-INF/classes/
/WEB-INF/classes/com/
/WEB-INF/classes/com/mycompany/
/WEB-INF/classes/com/mycompany/baches/
/WEB-INF/classes/com/mycompany/baches/entity/
/WEB-INF/classes/com/mycompany/baches/entity/TipoObjeto.class
/WEB-INF/classes/com/mycompany/baches/entity/ObjetoEstado.class
/WEB-INF/classes/com/mycompany/baches/entity/Estado.class
/WEB-INF/classes/com/mycompany/baches/entity/Ruta.class
/WEB-INF/classes/com/mycompany/baches/entity/Objeto.class
/WEB-INF/classes/com/mycompany/baches/control/
/WEB-INF/classes/com/mycompany/baches/control/AbstractDataAccess.class
/WEB-INF/classes/com/mycompany/baches/control/RutaBean.class
/WEB-INF/classes/com/mycompany/baches/resources/
/WEB-INF/classes/com/mycompany/baches/resources/JakartaRestConfiguration.class
/WEB-INF/classes/com/mycompany/baches/resources/RutaResource.class
/WEB-INF/classes/persistence-arquillian.xml
/WEB-INF/classes/META-INF/
/WEB-INF/classes/META-INF/persistence.xml
/WEB-INF/classes/META-INF/sql/
/WEB-INF/classes/META-INF/sql/datos.sql
/WEB-INF/beans.xml
2022-06-01 23:16:09 jdbc[3]: 
/**/conn0.getClientInfo();
2022-06-01 23:16:09 jdbc[3]: 
/**/DatabaseMetaData dbMeta7 = conn0.getMetaData();
2022-06-01 23:16:09 jdbc[3]: 
/**/dbMeta7.getDatabaseProductName();
2022-06-01 23:16:09 jdbc[3]: 
/**/dbMeta7.getDatabaseProductVersion();
2022-06-01 23:16:09 jdbc[3]: 
/**/dbMeta7.getDatabaseMajorVersion();
2022-06-01 23:16:09 jdbc[3]: 
/**/DatabaseMetaData dbMeta8 = conn0.getMetaData();
2022-06-01 23:16:09 jdbc[3]: 
/**/dbMeta8.getDriverName();
2022-06-01 23:16:09 jdbc[3]: 
/**/conn0.setClientInfo(properties);
2022-06-01 23:16:09 jdbc[3]: 
/**/conn0.getClientInfo();
2022-06-01 23:16:09 jdbc[3]: 
/**/conn0.setClientInfo(properties);
2022-06-01 23:16:09 jdbc[3]: 
/**/conn0.getClientInfo();
2022-06-01 23:16:09 jdbc[3]: 
/**/conn0.setClientInfo(properties);
2022-06-01 23:16:09 jdbc[3]: 
/**/conn0.getClientInfo();
2022-06-01 23:16:09 jdbc[3]: 
/**/PreparedStatement prep109 = conn0.prepareStatement("SELECT 1 FROM public.estado", 1003, 1007);
2022-06-01 23:16:09 jdbc[3]: Plan       : calculate cost for plan [PUBLIC.ESTADO]
2022-06-01 23:16:09 jdbc[3]: Plan       :   for table filter PUBLIC.ESTADO
2022-06-01 23:16:09 jdbc[3]: Table      :     potential plan item cost 10,290 index PUBLIC.ESTADO.tableScan
2022-06-01 23:16:09 jdbc[3]: Table      :     potential plan item cost 10,300 index PUBLIC.PRIMARY_KEY_7
2022-06-01 23:16:09 jdbc[3]: Plan       :   best plan item cost 10,290 index PUBLIC.ESTADO.tableScan
2022-06-01 23:16:09 jdbc[3]: Plan       : plan cost 10,291
2022-06-01 23:16:09 jdbc[3]: 
/**/prep109.setMaxRows(1);
2022-06-01 23:16:09 jdbc[3]: 
/**/ResultSet rs43 = prep109.executeQuery();
2022-06-01 23:16:09 jdbc[3]: 
/*SQL #:1*/SELECT 1 FROM public.estado;
2022-06-01 23:16:09 jdbc[3]: 
/**/ResultSetMetaData rsMeta52 = rs43.getMetaData();
2022-06-01 23:16:09 jdbc[3]: 
/**/conn0.getCatalog();
2022-06-01 23:16:09 jdbc[3]: 
/**/rsMeta52.getColumnCount();
2022-06-01 23:16:09 jdbc[3]: 
/**/rsMeta52.getColumnCount();
2022-06-01 23:16:09 jdbc[3]: 
/**/rsMeta52.getColumnLabel(1);
2022-06-01 23:16:09 jdbc[3]: 
/**/rsMeta52.getColumnCount();
2022-06-01 23:16:09 jdbc[3]: 
/**/ResultSetMetaData rsMeta53 = rs43.getMetaData();
2022-06-01 23:16:09 jdbc[3]: 
/**/conn0.getCatalog();
2022-06-01 23:16:09 jdbc[3]: 
/**/rsMeta53.getColumnCount();
2022-06-01 23:16:09 jdbc[3]: 
/**/rs43.next();
2022-06-01 23:16:09 jdbc[3]: 
/**/rsMeta53.getColumnType(1);
2022-06-01 23:16:09 jdbc[3]: 
/**/rs43.getObject(1);
2022-06-01 23:16:09 jdbc[3]: 
/**/rs43.next();
2022-06-01 23:16:09 jdbc[3]: 
/**/rs43.close();
2022-06-01 23:16:09 jdbc[3]: 
/**/prep109.close();
2022-06-01 23:16:09 jdbc[3]: 
/**/conn0.setClientInfo(properties);
2022-06-01 23:16:09 jdbc[3]: 
/**/conn0.getClientInfo();
2022-06-01 23:16:09 jdbc[3]: 
/**/PreparedStatement prep110 = conn0.prepareStatement("SELECT 1 FROM public.objeto", 1003, 1007);
2022-06-01 23:16:09 jdbc[3]: Plan       : calculate cost for plan [PUBLIC.OBJETO]
2022-06-01 23:16:09 jdbc[3]: Plan       :   for table filter PUBLIC.OBJETO
2022-06-01 23:16:09 jdbc[3]: Table      :     potential plan item cost 10,300 index PUBLIC.OBJETO.tableScan
2022-06-01 23:16:09 jdbc[3]: Table      :     potential plan item cost 10,310 index PUBLIC.PRIMARY_KEY_8
2022-06-01 23:16:09 jdbc[3]: Table      :     potential plan item cost 10,120 index PUBLIC.FK_OBJETO_ID_TIPO_OBJETO_INDEX_8
2022-06-01 23:16:09 jdbc[3]: Plan       :   best plan item cost 10,120 index PUBLIC.FK_OBJETO_ID_TIPO_OBJETO_INDEX_8
2022-06-01 23:16:09 jdbc[3]: Plan       : plan cost 10,121
2022-06-01 23:16:09 jdbc[3]: 
/**/prep110.setMaxRows(1);
2022-06-01 23:16:09 jdbc[3]: 
/**/ResultSet rs44 = prep110.executeQuery();
2022-06-01 23:16:09 jdbc[3]: 
/*SQL #:1*/SELECT 1 FROM public.objeto;
2022-06-01 23:16:09 jdbc[3]: 
/**/ResultSetMetaData rsMeta54 = rs44.getMetaData();
2022-06-01 23:16:09 jdbc[3]: 
/**/conn0.getCatalog();
2022-06-01 23:16:09 jdbc[3]: 
/**/rsMeta54.getColumnCount();
2022-06-01 23:16:09 jdbc[3]: 
/**/rsMeta54.getColumnCount();
2022-06-01 23:16:09 jdbc[3]: 
/**/rsMeta54.getColumnLabel(1);
2022-06-01 23:16:09 jdbc[3]: 
/**/rsMeta54.getColumnCount();
2022-06-01 23:16:09 jdbc[3]: 
/**/ResultSetMetaData rsMeta55 = rs44.getMetaData();
2022-06-01 23:16:09 jdbc[3]: 
/**/conn0.getCatalog();
2022-06-01 23:16:09 jdbc[3]: 
/**/rsMeta55.getColumnCount();
2022-06-01 23:16:09 jdbc[3]: 
/**/rs44.next();
2022-06-01 23:16:09 jdbc[3]: 
/**/rsMeta55.getColumnType(1);
2022-06-01 23:16:09 jdbc[3]: 
/**/rs44.getObject(1);
2022-06-01 23:16:09 jdbc[3]: 
/**/rs44.next();
2022-06-01 23:16:09 jdbc[3]: 
/**/rs44.close();
2022-06-01 23:16:09 jdbc[3]: 
/**/prep110.close();
2022-06-01 23:16:09 jdbc[3]: 
/**/conn0.setClientInfo(properties);
2022-06-01 23:16:09 jdbc[3]: 
/**/conn0.getClientInfo();
2022-06-01 23:16:09 jdbc[3]: 
/**/PreparedStatement prep111 = conn0.prepareStatement("SELECT 1 FROM public.objeto_estado", 1003, 1007);
2022-06-01 23:16:09 jdbc[3]: Plan       : calculate cost for plan [PUBLIC.OBJETO_ESTADO]
2022-06-01 23:16:09 jdbc[3]: Plan       :   for table filter PUBLIC.OBJETO_ESTADO
2022-06-01 23:16:09 jdbc[3]: Table      :     potential plan item cost 10,300 index PUBLIC.OBJETO_ESTADO.tableScan
2022-06-01 23:16:09 jdbc[3]: Table      :     potential plan item cost 10,310 index PUBLIC.PRIMARY_KEY_4
2022-06-01 23:16:09 jdbc[3]: Table      :     potential plan item cost 10,120 index PUBLIC.FK_OBJETO_ESTADO_ID_OBJETO_INDEX_4
2022-06-01 23:16:09 jdbc[3]: Table      :     potential plan item cost 10,120 index PUBLIC.FK_OBJETO_ESTADO_ID_ESTADO_INDEX_4
2022-06-01 23:16:09 jdbc[3]: Plan       :   best plan item cost 10,120 index PUBLIC.FK_OBJETO_ESTADO_ID_OBJETO_INDEX_4
2022-06-01 23:16:09 jdbc[3]: Plan       : plan cost 10,121
2022-06-01 23:16:09 jdbc[3]: 
/**/prep111.setMaxRows(1);
2022-06-01 23:16:09 jdbc[3]: 
/**/ResultSet rs45 = prep111.executeQuery();
2022-06-01 23:16:09 jdbc[3]: 
/*SQL #:1*/SELECT 1 FROM public.objeto_estado;
2022-06-01 23:16:09 jdbc[3]: 
/**/ResultSetMetaData rsMeta56 = rs45.getMetaData();
2022-06-01 23:16:09 jdbc[3]: 
/**/conn0.getCatalog();
2022-06-01 23:16:09 jdbc[3]: 
/**/rsMeta56.getColumnCount();
2022-06-01 23:16:09 jdbc[3]: 
/**/rsMeta56.getColumnCount();
2022-06-01 23:16:09 jdbc[3]: 
/**/rsMeta56.getColumnLabel(1);
2022-06-01 23:16:09 jdbc[3]: 
/**/rsMeta56.getColumnCount();
2022-06-01 23:16:09 jdbc[3]: 
/**/ResultSetMetaData rsMeta57 = rs45.getMetaData();
2022-06-01 23:16:09 jdbc[3]: 
/**/conn0.getCatalog();
2022-06-01 23:16:09 jdbc[3]: 
/**/rsMeta57.getColumnCount();
2022-06-01 23:16:09 jdbc[3]: 
/**/rs45.next();
2022-06-01 23:16:09 jdbc[3]: 
/**/rsMeta57.getColumnType(1);
2022-06-01 23:16:09 jdbc[3]: 
/**/rs45.getObject(1);
2022-06-01 23:16:09 jdbc[3]: 
/**/rs45.next();
2022-06-01 23:16:09 jdbc[3]: 
/**/rs45.close();
2022-06-01 23:16:09 jdbc[3]: 
/**/prep111.close();
2022-06-01 23:16:09 jdbc[3]: 
/**/conn0.setClientInfo(properties);
2022-06-01 23:16:09 jdbc[3]: 
/**/conn0.getClientInfo();
2022-06-01 23:16:09 jdbc[3]: 
/**/PreparedStatement prep112 = conn0.prepareStatement("SELECT 1 FROM public.ruta", 1003, 1007);
2022-06-01 23:16:09 jdbc[3]: Plan       : calculate cost for plan [PUBLIC.RUTA]
2022-06-01 23:16:09 jdbc[3]: Plan       :   for table filter PUBLIC.RUTA
2022-06-01 23:16:09 jdbc[3]: Table      :     potential plan item cost 10,290 index PUBLIC.RUTA.tableScan
2022-06-01 23:16:09 jdbc[3]: Table      :     potential plan item cost 10,300 index PUBLIC.PRIMARY_KEY_2
2022-06-01 23:16:09 jdbc[3]: Plan       :   best plan item cost 10,290 index PUBLIC.RUTA.tableScan
2022-06-01 23:16:09 jdbc[3]: Plan       : plan cost 10,291
2022-06-01 23:16:09 jdbc[3]: 
/**/prep112.setMaxRows(1);
2022-06-01 23:16:09 jdbc[3]: 
/**/ResultSet rs46 = prep112.executeQuery();
2022-06-01 23:16:09 jdbc[3]: 
/*SQL #:1*/SELECT 1 FROM public.ruta;
2022-06-01 23:16:09 jdbc[3]: 
/**/ResultSetMetaData rsMeta58 = rs46.getMetaData();
2022-06-01 23:16:09 jdbc[3]: 
/**/conn0.getCatalog();
2022-06-01 23:16:09 jdbc[3]: 
/**/rsMeta58.getColumnCount();
2022-06-01 23:16:09 jdbc[3]: 
/**/rsMeta58.getColumnCount();
2022-06-01 23:16:09 jdbc[3]: 
/**/rsMeta58.getColumnLabel(1);
2022-06-01 23:16:09 jdbc[3]: 
/**/rsMeta58.getColumnCount();
2022-06-01 23:16:09 jdbc[3]: 
/**/ResultSetMetaData rsMeta59 = rs46.getMetaData();
2022-06-01 23:16:09 jdbc[3]: 
/**/conn0.getCatalog();
2022-06-01 23:16:09 jdbc[3]: 
/**/rsMeta59.getColumnCount();
2022-06-01 23:16:09 jdbc[3]: 
/**/rs46.next();
2022-06-01 23:16:09 jdbc[3]: 
/**/rsMeta59.getColumnType(1);
2022-06-01 23:16:09 jdbc[3]: 
/**/rs46.getObject(1);
2022-06-01 23:16:09 jdbc[3]: 
/**/rs46.next();
2022-06-01 23:16:09 jdbc[3]: 
/**/rs46.close();
2022-06-01 23:16:09 jdbc[3]: 
/**/prep112.close();
2022-06-01 23:16:09 jdbc[3]: 
/**/conn0.setClientInfo(properties);
2022-06-01 23:16:09 jdbc[3]: 
/**/conn0.getClientInfo();
2022-06-01 23:16:09 jdbc[3]: 
/**/PreparedStatement prep113 = conn0.prepareStatement("SELECT 1 FROM public.tipo_objeto", 1003, 1007);
2022-06-01 23:16:09 jdbc[3]: Plan       : calculate cost for plan [PUBLIC.TIPO_OBJETO]
2022-06-01 23:16:09 jdbc[3]: Plan       :   for table filter PUBLIC.TIPO_OBJETO
2022-06-01 23:16:09 jdbc[3]: Table      :     potential plan item cost 10,290 index PUBLIC.TIPO_OBJETO.tableScan
2022-06-01 23:16:09 jdbc[3]: Table      :     potential plan item cost 10,300 index PUBLIC.PRIMARY_KEY_1
2022-06-01 23:16:09 jdbc[3]: Plan       :   best plan item cost 10,290 index PUBLIC.TIPO_OBJETO.tableScan
2022-06-01 23:16:09 jdbc[3]: Plan       : plan cost 10,291
2022-06-01 23:16:09 jdbc[3]: 
/**/prep113.setMaxRows(1);
2022-06-01 23:16:09 jdbc[3]: 
/**/ResultSet rs47 = prep113.executeQuery();
2022-06-01 23:16:09 jdbc[3]: 
/*SQL #:1*/SELECT 1 FROM public.tipo_objeto;
2022-06-01 23:16:09 jdbc[3]: 
/**/ResultSetMetaData rsMeta60 = rs47.getMetaData();
2022-06-01 23:16:09 jdbc[3]: 
/**/conn0.getCatalog();
2022-06-01 23:16:09 jdbc[3]: 
/**/rsMeta60.getColumnCount();
2022-06-01 23:16:09 jdbc[3]: 
/**/rsMeta60.getColumnCount();
2022-06-01 23:16:09 jdbc[3]: 
/**/rsMeta60.getColumnLabel(1);
2022-06-01 23:16:09 jdbc[3]: 
/**/rsMeta60.getColumnCount();
2022-06-01 23:16:09 jdbc[3]: 
/**/ResultSetMetaData rsMeta61 = rs47.getMetaData();
2022-06-01 23:16:09 jdbc[3]: 
/**/conn0.getCatalog();
2022-06-01 23:16:09 jdbc[3]: 
/**/rsMeta61.getColumnCount();
2022-06-01 23:16:09 jdbc[3]: 
/**/rs47.next();
2022-06-01 23:16:09 jdbc[3]: 
/**/rsMeta61.getColumnType(1);
2022-06-01 23:16:09 jdbc[3]: 
/**/rs47.getObject(1);
2022-06-01 23:16:09 jdbc[3]: 
/**/rs47.next();
2022-06-01 23:16:09 jdbc[3]: 
/**/rs47.close();
2022-06-01 23:16:09 jdbc[3]: 
/**/prep113.close();
2022-06-01 23:16:09 jdbc[3]: 
/**/conn0.setClientInfo(properties);
2022-06-01 23:16:09 jdbc[3]: 
/**/conn0.getClientInfo();
2022-06-01 23:16:09 jdbc[3]: 
/**/PreparedStatement prep114 = conn0.prepareStatement("INSERT INTO estado (nombre, fecha_creacion) VALUES('Insertado desde datos.sql','2022-05-01');", 1003, 1007);
2022-06-01 23:16:09 jdbc[3]: 
/**/prep114.executeUpdate();
2022-06-01 23:16:09 lock: 3 shared read lock requesting for ESTADO 
2022-06-01 23:16:09 lock: 3 shared read lock ok ESTADO 
2022-06-01 23:16:09 jdbc[3]: 
/*SQL #:1*/INSERT INTO estado (nombre, fecha_creacion) VALUES('Insertado desde datos.sql','2022-05-01');
2022-06-01 23:16:09 lock: 3 shared read lock unlock ESTADO 
2022-06-01 23:16:09 jdbc[3]: 
/**/prep114.close();
2022-06-01 23:16:09 jdbc[3]: 
/**/conn0.setClientInfo(properties);
2022-06-01 23:16:09 jdbc[3]: 
/**/conn0.getClientInfo();
2022-06-01 23:16:09 jdbc[3]: 
/**/PreparedStatement prep115 = conn0.prepareStatement("INSERT INTO estado (nombre, fecha_creacion) VALUES('Insertado desde datos.sql','2022-05-02');", 1003, 1007);
2022-06-01 23:16:09 jdbc[3]: 
/**/prep115.executeUpdate();
2022-06-01 23:16:09 lock: 3 shared read lock requesting for ESTADO 
2022-06-01 23:16:09 lock: 3 shared read lock ok ESTADO 
2022-06-01 23:16:09 jdbc[3]: 
/*SQL #:1*/INSERT INTO estado (nombre, fecha_creacion) VALUES('Insertado desde datos.sql','2022-05-02');
2022-06-01 23:16:09 lock: 3 shared read lock unlock ESTADO 
2022-06-01 23:16:09 jdbc[3]: 
/**/prep115.close();
2022-06-01 23:16:09 jdbc[3]: 
/**/conn0.setClientInfo(properties);
2022-06-01 23:16:09 jdbc[3]: 
/**/conn0.getClientInfo();
2022-06-01 23:16:09 jdbc[3]: 
/**/PreparedStatement prep116 = conn0.prepareStatement("INSERT INTO estado (nombre, fecha_creacion) VALUES('Insertado desde datos.sql','2022-05-03');", 1003, 1007);
2022-06-01 23:16:09 jdbc[3]: 
/**/prep116.executeUpdate();
2022-06-01 23:16:09 lock: 3 shared read lock requesting for ESTADO 
2022-06-01 23:16:09 lock: 3 shared read lock ok ESTADO 
2022-06-01 23:16:09 jdbc[3]: 
/*SQL #:1*/INSERT INTO estado (nombre, fecha_creacion) VALUES('Insertado desde datos.sql','2022-05-03');
2022-06-01 23:16:09 lock: 3 shared read lock unlock ESTADO 
2022-06-01 23:16:09 jdbc[3]: 
/**/prep116.close();
2022-06-01 23:16:09 jdbc[3]: 
/**/conn0.setClientInfo(properties);
2022-06-01 23:16:09 jdbc[3]: 
/**/conn0.getClientInfo();
2022-06-01 23:16:09 jdbc[3]: 
/**/PreparedStatement prep117 = conn0.prepareStatement("INSERT INTO objeto (longitud, latitud,nombre) VALUES('1.3845285035','5.3456798788','Insertado desde datos.sql');", 1003, 1007);
2022-06-01 23:16:09 jdbc[3]: 
/**/prep117.executeUpdate();
2022-06-01 23:16:09 lock: 3 shared read lock requesting for OBJETO 
2022-06-01 23:16:09 lock: 3 shared read lock ok OBJETO 
2022-06-01 23:16:09 jdbc[3]: 
/*SQL #:1*/INSERT INTO objeto (longitud, latitud,nombre) VALUES('1.3845285035','5.3456798788','Insertado desde datos.sql');
2022-06-01 23:16:09 lock: 3 shared read lock unlock OBJETO 
2022-06-01 23:16:09 jdbc[3]: 
/**/prep117.close();
2022-06-01 23:16:09 jdbc[3]: 
/**/conn0.setClientInfo(properties);
2022-06-01 23:16:09 jdbc[3]: 
/**/conn0.getClientInfo();
2022-06-01 23:16:09 jdbc[3]: 
/**/PreparedStatement prep118 = conn0.prepareStatement("INSERT INTO objeto (longitud, latitud,nombre) VALUES('2.5392273491','3.5559444444','Insertado desde datos.sql');", 1003, 1007);
2022-06-01 23:16:09 jdbc[3]: 
/**/prep118.executeUpdate();
2022-06-01 23:16:09 lock: 3 shared read lock requesting for OBJETO 
2022-06-01 23:16:09 lock: 3 shared read lock ok OBJETO 
2022-06-01 23:16:09 jdbc[3]: 
/*SQL #:1*/INSERT INTO objeto (longitud, latitud,nombre) VALUES('2.5392273491','3.5559444444','Insertado desde datos.sql');
2022-06-01 23:16:09 lock: 3 shared read lock unlock OBJETO 
2022-06-01 23:16:09 jdbc[3]: 
/**/prep118.close();
2022-06-01 23:16:09 jdbc[3]: 
/**/conn0.setClientInfo(properties);
2022-06-01 23:16:09 jdbc[3]: 
/**/conn0.getClientInfo();
2022-06-01 23:16:09 jdbc[3]: 
/**/PreparedStatement prep119 = conn0.prepareStatement("INSERT INTO objeto (longitud, latitud,nombre) VALUES('3.1234987654','1.0873023588','Insertado desde datos.sql');", 1003, 1007);
2022-06-01 23:16:09 jdbc[3]: 
/**/prep119.executeUpdate();
2022-06-01 23:16:09 lock: 3 shared read lock requesting for OBJETO 
2022-06-01 23:16:09 lock: 3 shared read lock ok OBJETO 
2022-06-01 23:16:09 jdbc[3]: 
/*SQL #:1*/INSERT INTO objeto (longitud, latitud,nombre) VALUES('3.1234987654','1.0873023588','Insertado desde datos.sql');
2022-06-01 23:16:09 lock: 3 shared read lock unlock OBJETO 
2022-06-01 23:16:09 jdbc[3]: 
/**/prep119.close();
2022-06-01 23:16:09 jdbc[3]: 
/**/conn0.setClientInfo(properties);
2022-06-01 23:16:09 jdbc[3]: 
/**/conn0.getClientInfo();
2022-06-01 23:16:09 jdbc[3]: 
/**/PreparedStatement prep120 = conn0.prepareStatement("INSERT INTO objeto_estado(actual,fecha_alcanzado) VALUES(true,'2022-05-02');", 1003, 1007);
2022-06-01 23:16:09 jdbc[3]: 
/**/prep120.executeUpdate();
2022-06-01 23:16:09 lock: 3 shared read lock requesting for OBJETO_ESTADO 
2022-06-01 23:16:09 lock: 3 shared read lock ok OBJETO_ESTADO 
2022-06-01 23:16:09 jdbc[3]: 
/*SQL #:1*/INSERT INTO objeto_estado(actual,fecha_alcanzado) VALUES(true,'2022-05-02');
2022-06-01 23:16:09 lock: 3 shared read lock unlock OBJETO_ESTADO 
2022-06-01 23:16:09 jdbc[3]: 
/**/prep120.close();
2022-06-01 23:16:09 jdbc[3]: 
/**/conn0.setClientInfo(properties);
2022-06-01 23:16:09 jdbc[3]: 
/**/conn0.getClientInfo();
2022-06-01 23:16:09 jdbc[3]: 
/**/PreparedStatement prep121 = conn0.prepareStatement("INSERT INTO objeto_estado(actual,fecha_alcanzado) VALUES(false,'2022-05-02');", 1003, 1007);
2022-06-01 23:16:09 jdbc[3]: 
/**/prep121.executeUpdate();
2022-06-01 23:16:09 lock: 3 shared read lock requesting for OBJETO_ESTADO 
2022-06-01 23:16:09 lock: 3 shared read lock ok OBJETO_ESTADO 
2022-06-01 23:16:09 jdbc[3]: 
/*SQL #:1*/INSERT INTO objeto_estado(actual,fecha_alcanzado) VALUES(false,'2022-05-02');
2022-06-01 23:16:09 lock: 3 shared read lock unlock OBJETO_ESTADO 
2022-06-01 23:16:09 jdbc[3]: 
/**/prep121.close();
2022-06-01 23:16:09 jdbc[3]: 
/**/conn0.setClientInfo(properties);
2022-06-01 23:16:09 jdbc[3]: 
/**/conn0.getClientInfo();
2022-06-01 23:16:09 jdbc[3]: 
/**/PreparedStatement prep122 = conn0.prepareStatement("INSERT INTO objeto_estado(actual,fecha_alcanzado) VALUES(true,'2022-05-02');", 1003, 1007);
2022-06-01 23:16:09 jdbc[3]: 
/**/prep122.executeUpdate();
2022-06-01 23:16:09 lock: 3 shared read lock requesting for OBJETO_ESTADO 
2022-06-01 23:16:09 lock: 3 shared read lock ok OBJETO_ESTADO 
2022-06-01 23:16:09 jdbc[3]: 
/*SQL #:1*/INSERT INTO objeto_estado(actual,fecha_alcanzado) VALUES(true,'2022-05-02');
2022-06-01 23:16:09 lock: 3 shared read lock unlock OBJETO_ESTADO 
2022-06-01 23:16:09 jdbc[3]: 
/**/prep122.close();
2022-06-01 23:16:09 jdbc[3]: 
/**/conn0.setClientInfo(properties);
2022-06-01 23:16:09 jdbc[3]: 
/**/conn0.getClientInfo();
2022-06-01 23:16:09 jdbc[3]: 
/**/PreparedStatement prep123 = conn0.prepareStatement("INSERT INTO ruta(nombre,fecha_creacion) VALUES('Insertado desde datos.sql','2022-05-03');", 1003, 1007);
2022-06-01 23:16:09 jdbc[3]: 
/**/prep123.executeUpdate();
2022-06-01 23:16:09 lock: 3 shared read lock requesting for RUTA 
2022-06-01 23:16:09 lock: 3 shared read lock ok RUTA 
2022-06-01 23:16:09 jdbc[3]: 
/*SQL #:1*/INSERT INTO ruta(nombre,fecha_creacion) VALUES('Insertado desde datos.sql','2022-05-03');
2022-06-01 23:16:09 lock: 3 shared read lock unlock RUTA 
2022-06-01 23:16:09 jdbc[3]: 
/**/prep123.close();
2022-06-01 23:16:09 jdbc[3]: 
/**/conn0.setClientInfo(properties);
2022-06-01 23:16:09 jdbc[3]: 
/**/conn0.getClientInfo();
2022-06-01 23:16:09 jdbc[3]: 
/**/PreparedStatement prep124 = conn0.prepareStatement("INSERT INTO ruta(nombre,fecha_creacion) VALUES('Insertado desde datos.sql','2022-05-03');", 1003, 1007);
2022-06-01 23:16:09 jdbc[3]: 
/**/prep124.executeUpdate();
2022-06-01 23:16:09 lock: 3 shared read lock requesting for RUTA 
2022-06-01 23:16:09 lock: 3 shared read lock ok RUTA 
2022-06-01 23:16:09 jdbc[3]: 
/*SQL #:1*/INSERT INTO ruta(nombre,fecha_creacion) VALUES('Insertado desde datos.sql','2022-05-03');
2022-06-01 23:16:09 lock: 3 shared read lock unlock RUTA 
2022-06-01 23:16:09 jdbc[3]: 
/**/prep124.close();
2022-06-01 23:16:09 jdbc[3]: 
/**/conn0.setClientInfo(properties);
2022-06-01 23:16:09 jdbc[3]: 
/**/conn0.getClientInfo();
2022-06-01 23:16:09 jdbc[3]: 
/**/PreparedStatement prep125 = conn0.prepareStatement("INSERT INTO ruta(nombre,fecha_creacion) VALUES('Insertado desde datos.sql','2022-05-03');", 1003, 1007);
2022-06-01 23:16:09 jdbc[3]: 
/**/prep125.executeUpdate();
2022-06-01 23:16:09 lock: 3 shared read lock requesting for RUTA 
2022-06-01 23:16:09 lock: 3 shared read lock ok RUTA 
2022-06-01 23:16:09 jdbc[3]: 
/*SQL #:1*/INSERT INTO ruta(nombre,fecha_creacion) VALUES('Insertado desde datos.sql','2022-05-03');
2022-06-01 23:16:09 lock: 3 shared read lock unlock RUTA 
2022-06-01 23:16:09 jdbc[3]: 
/**/prep125.close();
2022-06-01 23:16:09 jdbc[3]: 
/**/conn0.setClientInfo(properties);
2022-06-01 23:16:09 jdbc[3]: 
/**/conn0.getClientInfo();
2022-06-01 23:16:09 jdbc[3]: 
/**/PreparedStatement prep126 = conn0.prepareStatement("INSERT INTO tipo_objeto (activo,fecha_creacion) VALUES (true,'2022-3-21');", 1003, 1007);
2022-06-01 23:16:09 jdbc[3]: 
/**/prep126.executeUpdate();
2022-06-01 23:16:09 lock: 3 shared read lock requesting for TIPO_OBJETO 
2022-06-01 23:16:09 lock: 3 shared read lock ok TIPO_OBJETO 
2022-06-01 23:16:09 jdbc[3]: 
/*SQL #:1*/INSERT INTO tipo_objeto (activo,fecha_creacion) VALUES (true,'2022-3-21');
2022-06-01 23:16:09 lock: 3 shared read lock unlock TIPO_OBJETO 
2022-06-01 23:16:09 jdbc[3]: 
/**/prep126.close();
2022-06-01 23:16:09 jdbc[3]: 
/**/conn0.setClientInfo(properties);
2022-06-01 23:16:09 jdbc[3]: 
/**/conn0.getClientInfo();
2022-06-01 23:16:09 jdbc[3]: 
/**/PreparedStatement prep127 = conn0.prepareStatement("INSERT INTO tipo_objeto (activo,fecha_creacion) VALUES (true,'2022-3-22');", 1003, 1007);
2022-06-01 23:16:09 jdbc[3]: 
/**/prep127.executeUpdate();
2022-06-01 23:16:09 lock: 3 shared read lock requesting for TIPO_OBJETO 
2022-06-01 23:16:09 lock: 3 shared read lock ok TIPO_OBJETO 
2022-06-01 23:16:09 jdbc[3]: 
/*SQL #:1*/INSERT INTO tipo_objeto (activo,fecha_creacion) VALUES (true,'2022-3-22');
2022-06-01 23:16:09 lock: 3 shared read lock unlock TIPO_OBJETO 
2022-06-01 23:16:09 jdbc[3]: 
/**/prep127.close();
2022-06-01 23:16:09 jdbc[3]: 
/**/conn0.setClientInfo(properties);
2022-06-01 23:16:09 jdbc[3]: 
/**/conn0.getClientInfo();
2022-06-01 23:16:09 jdbc[3]: 
/**/PreparedStatement prep128 = conn0.prepareStatement("INSERT INTO tipo_objeto (activo,fecha_creacion) VALUES (true,'2022-3-23');", 1003, 1007);
2022-06-01 23:16:09 jdbc[3]: 
/**/prep128.executeUpdate();
2022-06-01 23:16:09 lock: 3 shared read lock requesting for TIPO_OBJETO 
2022-06-01 23:16:09 lock: 3 shared read lock ok TIPO_OBJETO 
2022-06-01 23:16:09 jdbc[3]: 
/*SQL #:1*/INSERT INTO tipo_objeto (activo,fecha_creacion) VALUES (true,'2022-3-23');
2022-06-01 23:16:09 lock: 3 shared read lock unlock TIPO_OBJETO 
2022-06-01 23:16:09 jdbc[3]: 
/**/prep128.close();
2022-06-01 23:16:09 jdbc[3]: 
/**/conn0.setClientInfo(properties);


*************************************************************
findAllRuta
2022-06-01 23:16:09 jdbc[3]: 
/**/conn0.getClientInfo();
2022-06-01 23:16:09 jdbc[3]: 
/**/PreparedStatement prep129 = conn0.prepareStatement("SELECT id_ruta AS a1, fecha_creacion AS a2, nombre AS a3, observaciones AS a4 FROM public.ruta LIMIT ? OFFSET ?", 1003, 1007);
2022-06-01 23:16:09 jdbc[3]: Plan       : calculate cost for plan [PUBLIC.RUTA]
2022-06-01 23:16:09 jdbc[3]: Plan       :   for table filter PUBLIC.RUTA
2022-06-01 23:16:09 jdbc[3]: Table      :     potential plan item cost 10,320 index PUBLIC.RUTA.tableScan
2022-06-01 23:16:09 jdbc[3]: Table      :     potential plan item cost 10,330 index PUBLIC.PRIMARY_KEY_2
2022-06-01 23:16:09 jdbc[3]: Plan       :   best plan item cost 10,320 index PUBLIC.RUTA.tableScan
2022-06-01 23:16:09 jdbc[3]: Plan       : plan cost 10,321
2022-06-01 23:16:09 jdbc[3]: 
/**/prep129.setInt(1, 50);
2022-06-01 23:16:09 jdbc[3]: 
/**/prep129.setInt(2, 0);
2022-06-01 23:16:09 jdbc[3]: 
/**/ResultSet rs48 = prep129.executeQuery();
2022-06-01 23:16:09 jdbc[3]: 
/*SQL l:111 #:12*/SELECT id_ruta AS a1, fecha_creacion AS a2, nombre AS a3, observaciones AS a4 FROM public.ruta LIMIT ? OFFSET ? {1: 50, 2: 0};
2022-06-01 23:16:09 jdbc[3]: 
/**/ResultSetMetaData rsMeta62 = rs48.getMetaData();
2022-06-01 23:16:09 jdbc[3]: 
/**/conn0.getCatalog();
2022-06-01 23:16:09 jdbc[3]: 
/**/rsMeta62.getColumnCount();
2022-06-01 23:16:09 jdbc[3]: 
/**/rs48.next();
2022-06-01 23:16:09 jdbc[3]: 
/**/rsMeta62.getColumnType(1);
2022-06-01 23:16:09 jdbc[3]: 
/**/rs48.getLong(1);
2022-06-01 23:16:09 jdbc[3]: 
/**/rsMeta62.getColumnType(2);
2022-06-01 23:16:09 jdbc[3]: 
/**/rs48.getDate(2);
2022-06-01 23:16:09 jdbc[3]: 
/**/rsMeta62.getColumnType(3);
2022-06-01 23:16:09 jdbc[3]: 
/**/rs48.getString(3);
2022-06-01 23:16:09 jdbc[3]: 
/**/rsMeta62.getColumnType(4);
2022-06-01 23:16:09 jdbc[3]: 
/**/rs48.getString(4);
2022-06-01 23:16:09 jdbc[3]: 
/**/rs48.next();
2022-06-01 23:16:09 jdbc[3]: 
/**/rs48.getLong(1);
2022-06-01 23:16:09 jdbc[3]: 
/**/rs48.getDate(2);
2022-06-01 23:16:09 jdbc[3]: 
/**/rs48.getString(3);
2022-06-01 23:16:09 jdbc[3]: 
/**/rs48.getString(4);
2022-06-01 23:16:09 jdbc[3]: 
/**/rs48.next();
2022-06-01 23:16:09 jdbc[3]: 
/**/rs48.getLong(1);
2022-06-01 23:16:09 jdbc[3]: 
/**/rs48.getDate(2);
2022-06-01 23:16:09 jdbc[3]: 
/**/rs48.getString(3);
2022-06-01 23:16:09 jdbc[3]: 
/**/rs48.getString(4);
2022-06-01 23:16:09 jdbc[3]: 
/**/rs48.next();
2022-06-01 23:16:09 jdbc[3]: 
/**/rs48.getLong(1);
2022-06-01 23:16:09 jdbc[3]: 
/**/rs48.getDate(2);
2022-06-01 23:16:09 jdbc[3]: 
/**/rs48.getString(3);
2022-06-01 23:16:09 jdbc[3]: 
/**/rs48.getString(4);
2022-06-01 23:16:09 jdbc[3]: 
/**/rs48.next();
2022-06-01 23:16:09 jdbc[3]: 
/**/rs48.getLong(1);
2022-06-01 23:16:09 jdbc[3]: 
/**/rs48.getDate(2);
2022-06-01 23:16:09 jdbc[3]: 
/**/rs48.getString(3);
2022-06-01 23:16:09 jdbc[3]: 
/**/rs48.getString(4);
2022-06-01 23:16:09 jdbc[3]: 
/**/rs48.next();
2022-06-01 23:16:09 jdbc[3]: 
/**/rs48.getLong(1);
2022-06-01 23:16:09 jdbc[3]: 
/**/rs48.getDate(2);
2022-06-01 23:16:09 jdbc[3]: 
/**/rs48.getString(3);
2022-06-01 23:16:09 jdbc[3]: 
/**/rs48.getString(4);
2022-06-01 23:16:09 jdbc[3]: 
/**/rs48.next();
2022-06-01 23:16:09 jdbc[3]: 
/**/rs48.getLong(1);
2022-06-01 23:16:09 jdbc[3]: 
/**/rs48.getDate(2);
2022-06-01 23:16:09 jdbc[3]: 
/**/rs48.getString(3);
2022-06-01 23:16:09 jdbc[3]: 
/**/rs48.getString(4);
2022-06-01 23:16:09 jdbc[3]: 
/**/rs48.next();
2022-06-01 23:16:09 jdbc[3]: 
/**/rs48.getLong(1);
2022-06-01 23:16:09 jdbc[3]: 
/**/rs48.getDate(2);
2022-06-01 23:16:09 jdbc[3]: 
/**/rs48.getString(3);
2022-06-01 23:16:09 jdbc[3]: 
/**/rs48.getString(4);
2022-06-01 23:16:09 jdbc[3]: 
/**/rs48.next();
2022-06-01 23:16:09 jdbc[3]: 
/**/rs48.getLong(1);
2022-06-01 23:16:09 jdbc[3]: 
/**/rs48.getDate(2);
2022-06-01 23:16:09 jdbc[3]: 
/**/rs48.getString(3);
2022-06-01 23:16:09 jdbc[3]: 
/**/rs48.getString(4);
2022-06-01 23:16:09 jdbc[3]: 
/**/rs48.next();
2022-06-01 23:16:09 jdbc[3]: 
/**/rs48.getLong(1);
2022-06-01 23:16:09 jdbc[3]: 
/**/rs48.getDate(2);
2022-06-01 23:16:09 jdbc[3]: 
/**/rs48.getString(3);
2022-06-01 23:16:09 jdbc[3]: 
/**/rs48.getString(4);
2022-06-01 23:16:09 jdbc[3]: 
/**/rs48.next();
2022-06-01 23:16:09 jdbc[3]: 
/**/rs48.getLong(1);
2022-06-01 23:16:09 jdbc[3]: 
/**/rs48.getDate(2);
2022-06-01 23:16:09 jdbc[3]: 
/**/rs48.getString(3);
2022-06-01 23:16:09 jdbc[3]: 
/**/rs48.getString(4);
2022-06-01 23:16:09 jdbc[3]: 
/**/rs48.next();
2022-06-01 23:16:09 jdbc[3]: 
/**/rs48.getLong(1);
2022-06-01 23:16:09 jdbc[3]: 
/**/rs48.getDate(2);
2022-06-01 23:16:09 jdbc[3]: 
/**/rs48.getString(3);
2022-06-01 23:16:09 jdbc[3]: 
/**/rs48.getString(4);
2022-06-01 23:16:09 jdbc[3]: 
/**/rs48.next();
2022-06-01 23:16:09 jdbc[3]: 
/**/rs48.close();
2022-06-01 23:16:09 jdbc[3]: 
/**/prep129.close();
2022-06-01 23:16:09 jdbc[3]: 
/**/conn0.setClientInfo(properties);
2022-06-01 23:16:09 jdbc[3]: 
/**/conn0.getClientInfo();
2022-06-01 23:16:09 jdbc[3]: 
/**/PreparedStatement prep130 = conn0.prepareStatement("SELECT COUNT(id_ruta) FROM public.ruta", 1003, 1007);
2022-06-01 23:16:09 jdbc[3]: Plan       : calculate cost for plan [PUBLIC.RUTA]
2022-06-01 23:16:09 jdbc[3]: Plan       :   for table filter PUBLIC.RUTA
2022-06-01 23:16:09 jdbc[3]: Table      :     potential plan item cost 10,320 index PUBLIC.RUTA.tableScan
2022-06-01 23:16:09 jdbc[3]: Table      :     potential plan item cost 10,330 index PUBLIC.PRIMARY_KEY_2
2022-06-01 23:16:09 jdbc[3]: Plan       :   best plan item cost 10,320 index PUBLIC.RUTA.tableScan
2022-06-01 23:16:09 jdbc[3]: Plan       : plan cost 10,321
2022-06-01 23:16:09 jdbc[3]: 
/**/ResultSet rs49 = prep130.executeQuery();
2022-06-01 23:16:09 jdbc[3]: 
/*SQL #:1*/SELECT COUNT(id_ruta) FROM public.ruta;
2022-06-01 23:16:09 jdbc[3]: 
/**/ResultSetMetaData rsMeta63 = rs49.getMetaData();
2022-06-01 23:16:09 jdbc[3]: 
/**/conn0.getCatalog();
2022-06-01 23:16:09 jdbc[3]: 
/**/rsMeta63.getColumnCount();
2022-06-01 23:16:09 jdbc[3]: 
/**/rs49.next();
2022-06-01 23:16:09 jdbc[3]: 
/**/rsMeta63.getColumnType(1);
2022-06-01 23:16:09 jdbc[3]: 
/**/rs49.getLong(1);
2022-06-01 23:16:09 jdbc[3]: 
/**/rs49.next();
2022-06-01 23:16:09 jdbc[3]: 
/**/rs49.close();
2022-06-01 23:16:09 jdbc[3]: 
/**/prep130.close();
2022-06-01 23:16:09 jdbc[3]: 
/**/conn0.setClientInfo(properties);
Total: 12



ID: 1
ID: 2
ID: 3
ID: 4
ID: 5
ID: 6
ID: 7
ID: 8
ID: 9
ID: 10
ID: 11
ID: 12



]]></system-out>
    <system-err><![CDATA[jun. 01, 2022 11:16:09 P. M. org.glassfish.hk2.classmodel.reflect.Parser awaitTermination
INFORMACIÓN: visiting unvisited references
jun. 01, 2022 11:16:09 P. M. org.glassfish.hk2.classmodel.reflect.Parser awaitTermination
INFORMACIÓN: visiting unvisited references
jun. 01, 2022 11:16:09 P. M. org.glassfish.hk2.classmodel.reflect.Parser awaitTermination
INFORMACIÓN: visiting unvisited references
jun. 01, 2022 11:16:09 P. M. org.glassfish.hk2.classmodel.reflect.Parser awaitTermination
INFORMACIÓN: visiting unvisited references
jun. 01, 2022 11:16:09 P. M. org.glassfish.hk2.classmodel.reflect.Parser awaitTermination
INFORMACIÓN: visiting unvisited references
jun. 01, 2022 11:16:09 P. M. org.glassfish.hk2.classmodel.reflect.Parser awaitTermination
INFORMACIÓN: visiting unvisited references
jun. 01, 2022 11:16:09 P. M. org.glassfish.hk2.classmodel.reflect.Parser awaitTermination
INFORMACIÓN: visiting unvisited references
jun. 01, 2022 11:16:09 P. M. org.glassfish.hk2.classmodel.reflect.Parser awaitTermination
INFORMACIÓN: visiting unvisited references
jun. 01, 2022 11:16:09 P. M. org.glassfish.hk2.classmodel.reflect.Parser awaitTermination
INFORMACIÓN: visiting unvisited references
jun. 01, 2022 11:16:09 P. M. org.glassfish.hk2.classmodel.reflect.Parser awaitTermination
INFORMACIÓN: visiting unvisited references
jun. 01, 2022 11:16:09 P. M. org.glassfish.hk2.classmodel.reflect.Parser awaitTermination
INFORMACIÓN: visiting unvisited references
jun. 01, 2022 11:16:09 P. M. org.eclipse.persistence.session./file:/tmp/gfembed12724135745135464521tmp/applications/cf0581a1-9dfd-460f-952b-243c6e60984a/WEB-INF/classes/_Baches_PU
INFORMACIÓN: EclipseLink, version: Eclipse Persistence Services - 2.7.9.payara-p1
jun. 01, 2022 11:16:09 P. M. com.sun.logging.LogDomains getResourceBundle
INFORMACIÓN: Cannot find the resource bundle for the name com.sun.logging.enterprise.system.util for class com.sun.appserv.ClassLoaderUtil using jdk.internal.loader.ClassLoaders$AppClassLoader@3d4eac69
jun. 01, 2022 11:16:09 P. M. com.sun.appserv.ClassLoaderUtil releaseLoader
ADVERTENCIA: classloaderutil.errorReleasingLoader
java.lang.reflect.InaccessibleObjectException: Unable to make field private final java.util.ArrayList jdk.internal.loader.URLClassPath.loaders accessible: module java.base does not "opens jdk.internal.loader" to unnamed module @593634ad
	at java.base/java.lang.reflect.AccessibleObject.checkCanSetAccessible(AccessibleObject.java:340)
	at java.base/java.lang.reflect.AccessibleObject.checkCanSetAccessible(AccessibleObject.java:280)
	at java.base/java.lang.reflect.Field.checkCanSetAccessible(Field.java:176)
	at java.base/java.lang.reflect.Field.setAccessible(Field.java:170)
	at com.sun.appserv.ClassLoaderUtil.getField(ClassLoaderUtil.java:308)
	at com.sun.appserv.ClassLoaderUtil.initForClosingJars(ClassLoaderUtil.java:290)
	at com.sun.appserv.ClassLoaderUtil.init(ClassLoaderUtil.java:263)
	at com.sun.appserv.ClassLoaderUtil.releaseLoader(ClassLoaderUtil.java:139)
	at com.sun.appserv.ClassLoaderUtil.releaseLoader(ClassLoaderUtil.java:111)
	at org.glassfish.web.loader.WebappClassLoader.stop(WebappClassLoader.java:2000)
	at org.glassfish.web.loader.WebappClassLoader.preDestroy(WebappClassLoader.java:1961)
	at org.glassfish.deployment.common.DeploymentContextImpl.getClassLoader(DeploymentContextImpl.java:293)
	at org.glassfish.deployment.common.DeploymentContextImpl.getClassLoader(DeploymentContextImpl.java:235)
	at com.sun.enterprise.v3.server.ApplicationLifecycle.prepare(ApplicationLifecycle.java:561)
	at org.glassfish.deployment.admin.DeployCommand.execute(DeployCommand.java:588)
	at com.sun.enterprise.v3.admin.CommandRunnerImpl$2$1.run(CommandRunnerImpl.java:556)
	at com.sun.enterprise.v3.admin.CommandRunnerImpl$2$1.run(CommandRunnerImpl.java:552)
	at java.base/java.security.AccessController.doPrivileged(Native Method)
	at java.base/javax.security.auth.Subject.doAs(Subject.java:361)
	at com.sun.enterprise.v3.admin.CommandRunnerImpl$2.execute(CommandRunnerImpl.java:551)
	at com.sun.enterprise.v3.admin.CommandRunnerImpl$3.run(CommandRunnerImpl.java:582)
	at com.sun.enterprise.v3.admin.CommandRunnerImpl$3.run(CommandRunnerImpl.java:574)
	at java.base/java.security.AccessController.doPrivileged(Native Method)
	at java.base/javax.security.auth.Subject.doAs(Subject.java:361)
	at com.sun.enterprise.v3.admin.CommandRunnerImpl.doCommand(CommandRunnerImpl.java:573)
	at com.sun.enterprise.v3.admin.CommandRunnerImpl.doCommand(CommandRunnerImpl.java:1497)
	at com.sun.enterprise.v3.admin.CommandRunnerImpl.access$1300(CommandRunnerImpl.java:120)
	at com.sun.enterprise.v3.admin.CommandRunnerImpl$ExecutionContext.execute(CommandRunnerImpl.java:1879)
	at com.sun.enterprise.v3.admin.CommandRunnerImpl$ExecutionContext.execute(CommandRunnerImpl.java:1755)
	at com.sun.enterprise.admin.cli.embeddable.DeployerImpl.deploy(DeployerImpl.java:131)
	at com.sun.enterprise.admin.cli.embeddable.DeployerImpl.deploy(DeployerImpl.java:104)
	at fish.payara.arquillian.container.payara.embedded.PayaraContainer.deploy(PayaraContainer.java:236)
	at org.jboss.arquillian.container.impl.client.container.ContainerDeployController$3.call(ContainerDeployController.java:151)
	at org.jboss.arquillian.container.impl.client.container.ContainerDeployController$3.call(ContainerDeployController.java:118)
	at org.jboss.arquillian.container.impl.client.container.ContainerDeployController.executeOperation(ContainerDeployController.java:239)
	at org.jboss.arquillian.container.impl.client.container.ContainerDeployController.deploy(ContainerDeployController.java:118)
	at java.base/jdk.internal.reflect.NativeMethodAccessorImpl.invoke0(Native Method)
	at java.base/jdk.internal.reflect.NativeMethodAccessorImpl.invoke(NativeMethodAccessorImpl.java:62)
	at java.base/jdk.internal.reflect.DelegatingMethodAccessorImpl.invoke(DelegatingMethodAccessorImpl.java:43)
	at java.base/java.lang.reflect.Method.invoke(Method.java:566)
	at org.jboss.arquillian.core.impl.ObserverImpl.invoke(ObserverImpl.java:86)
	at org.jboss.arquillian.core.impl.EventContextImpl.invokeObservers(EventContextImpl.java:103)
	at org.jboss.arquillian.core.impl.EventContextImpl.proceed(EventContextImpl.java:90)
	at org.jboss.arquillian.container.impl.client.ContainerDeploymentContextHandler.createDeploymentContext(ContainerDeploymentContextHandler.java:71)
	at java.base/jdk.internal.reflect.NativeMethodAccessorImpl.invoke0(Native Method)
	at java.base/jdk.internal.reflect.NativeMethodAccessorImpl.invoke(NativeMethodAccessorImpl.java:62)
	at java.base/jdk.internal.reflect.DelegatingMethodAccessorImpl.invoke(DelegatingMethodAccessorImpl.java:43)
	at java.base/java.lang.reflect.Method.invoke(Method.java:566)
	at org.jboss.arquillian.core.impl.ObserverImpl.invoke(ObserverImpl.java:86)
	at org.jboss.arquillian.core.impl.EventContextImpl.proceed(EventContextImpl.java:95)
	at org.jboss.arquillian.container.impl.client.ContainerDeploymentContextHandler.createContainerContext(ContainerDeploymentContextHandler.java:54)
	at java.base/jdk.internal.reflect.NativeMethodAccessorImpl.invoke0(Native Method)
	at java.base/jdk.internal.reflect.NativeMethodAccessorImpl.invoke(NativeMethodAccessorImpl.java:62)
	at java.base/jdk.internal.reflect.DelegatingMethodAccessorImpl.invoke(DelegatingMethodAccessorImpl.java:43)
	at java.base/java.lang.reflect.Method.invoke(Method.java:566)
	at org.jboss.arquillian.core.impl.ObserverImpl.invoke(ObserverImpl.java:86)
	at org.jboss.arquillian.core.impl.EventContextImpl.proceed(EventContextImpl.java:95)
	at org.jboss.arquillian.container.impl.client.container.DeploymentExceptionHandler.verifyExpectedExceptionDuringDeploy(DeploymentExceptionHandler.java:47)
	at java.base/jdk.internal.reflect.NativeMethodAccessorImpl.invoke0(Native Method)
	at java.base/jdk.internal.reflect.NativeMethodAccessorImpl.invoke(NativeMethodAccessorImpl.java:62)
	at java.base/jdk.internal.reflect.DelegatingMethodAccessorImpl.invoke(DelegatingMethodAccessorImpl.java:43)
	at java.base/java.lang.reflect.Method.invoke(Method.java:566)
	at org.jboss.arquillian.core.impl.ObserverImpl.invoke(ObserverImpl.java:86)
	at org.jboss.arquillian.core.impl.EventContextImpl.proceed(EventContextImpl.java:95)
	at org.jboss.arquillian.core.impl.ManagerImpl.fire(ManagerImpl.java:133)
	at org.jboss.arquillian.core.impl.ManagerImpl.fire(ManagerImpl.java:105)
	at org.jboss.arquillian.core.impl.EventImpl.fire(EventImpl.java:62)
	at org.jboss.arquillian.container.impl.client.container.ContainerDeployController$1.perform(ContainerDeployController.java:92)
	at org.jboss.arquillian.container.impl.client.container.ContainerDeployController$1.perform(ContainerDeployController.java:77)
	at org.jboss.arquillian.container.impl.client.container.ContainerDeployController.forEachDeployment(ContainerDeployController.java:232)
	at org.jboss.arquillian.container.impl.client.container.ContainerDeployController.forEachManagedDeployment(ContainerDeployController.java:212)
	at org.jboss.arquillian.container.impl.client.container.ContainerDeployController.deployManaged(ContainerDeployController.java:77)
	at java.base/jdk.internal.reflect.NativeMethodAccessorImpl.invoke0(Native Method)
	at java.base/jdk.internal.reflect.NativeMethodAccessorImpl.invoke(NativeMethodAccessorImpl.java:62)
	at java.base/jdk.internal.reflect.DelegatingMethodAccessorImpl.invoke(DelegatingMethodAccessorImpl.java:43)
	at java.base/java.lang.reflect.Method.invoke(Method.java:566)
	at org.jboss.arquillian.core.impl.ObserverImpl.invoke(ObserverImpl.java:86)
	at org.jboss.arquillian.core.impl.EventContextImpl.invokeObservers(EventContextImpl.java:103)
	at org.jboss.arquillian.core.impl.EventContextImpl.proceed(EventContextImpl.java:90)
	at org.jboss.arquillian.core.impl.ManagerImpl.fire(ManagerImpl.java:133)
	at org.jboss.arquillian.core.impl.ManagerImpl.fire(ManagerImpl.java:105)
	at org.jboss.arquillian.core.impl.EventImpl.fire(EventImpl.java:62)
	at org.jboss.arquillian.container.test.impl.client.ContainerEventController.execute(ContainerEventController.java:96)
	at java.base/jdk.internal.reflect.NativeMethodAccessorImpl.invoke0(Native Method)
	at java.base/jdk.internal.reflect.NativeMethodAccessorImpl.invoke(NativeMethodAccessorImpl.java:62)
	at java.base/jdk.internal.reflect.DelegatingMethodAccessorImpl.invoke(DelegatingMethodAccessorImpl.java:43)
	at java.base/java.lang.reflect.Method.invoke(Method.java:566)
	at org.jboss.arquillian.core.impl.ObserverImpl.invoke(ObserverImpl.java:86)
	at org.jboss.arquillian.core.impl.EventContextImpl.invokeObservers(EventContextImpl.java:103)
	at org.jboss.arquillian.core.impl.EventContextImpl.proceed(EventContextImpl.java:90)
	at org.jboss.arquillian.test.impl.TestContextHandler.createClassContext(TestContextHandler.java:83)
	at jdk.internal.reflect.GeneratedMethodAccessor75.invoke(Unknown Source)
	at java.base/jdk.internal.reflect.DelegatingMethodAccessorImpl.invoke(DelegatingMethodAccessorImpl.java:43)
	at java.base/java.lang.reflect.Method.invoke(Method.java:566)
	at org.jboss.arquillian.core.impl.ObserverImpl.invoke(ObserverImpl.java:86)
	at org.jboss.arquillian.core.impl.EventContextImpl.proceed(EventContextImpl.java:95)
	at org.jboss.arquillian.test.impl.TestContextHandler.createSuiteContext(TestContextHandler.java:69)
	at jdk.internal.reflect.GeneratedMethodAccessor74.invoke(Unknown Source)
	at java.base/jdk.internal.reflect.DelegatingMethodAccessorImpl.invoke(DelegatingMethodAccessorImpl.java:43)
	at java.base/java.lang.reflect.Method.invoke(Method.java:566)
	at org.jboss.arquillian.core.impl.ObserverImpl.invoke(ObserverImpl.java:86)
	at org.jboss.arquillian.core.impl.EventContextImpl.proceed(EventContextImpl.java:95)
	at org.jboss.arquillian.core.impl.ManagerImpl.fire(ManagerImpl.java:133)
	at org.jboss.arquillian.core.impl.ManagerImpl.fire(ManagerImpl.java:105)
	at org.jboss.arquillian.test.impl.EventTestRunnerAdaptor.beforeClass(EventTestRunnerAdaptor.java:89)
	at org.jboss.arquillian.junit5.ArquillianExtension.beforeAll(ArquillianExtension.java:35)
	at org.junit.jupiter.engine.descriptor.ClassBasedTestDescriptor.lambda$invokeBeforeAllCallbacks$7(ClassBasedTestDescriptor.java:359)
	at org.junit.platform.engine.support.hierarchical.ThrowableCollector.execute(ThrowableCollector.java:73)
	at org.junit.jupiter.engine.descriptor.ClassBasedTestDescriptor.invokeBeforeAllCallbacks(ClassBasedTestDescriptor.java:359)
	at org.junit.jupiter.engine.descriptor.ClassBasedTestDescriptor.before(ClassBasedTestDescriptor.java:189)
	at org.junit.jupiter.engine.descriptor.ClassBasedTestDescriptor.before(ClassBasedTestDescriptor.java:78)
	at org.junit.platform.engine.support.hierarchical.NodeTestTask.lambda$executeRecursively$5(NodeTestTask.java:132)
	at org.junit.platform.engine.support.hierarchical.ThrowableCollector.execute(ThrowableCollector.java:73)
	at org.junit.platform.engine.support.hierarchical.NodeTestTask.lambda$executeRecursively$7(NodeTestTask.java:125)
	at org.junit.platform.engine.support.hierarchical.Node.around(Node.java:135)
	at org.junit.platform.engine.support.hierarchical.NodeTestTask.lambda$executeRecursively$8(NodeTestTask.java:123)
	at org.junit.platform.engine.support.hierarchical.ThrowableCollector.execute(ThrowableCollector.java:73)
	at org.junit.platform.engine.support.hierarchical.NodeTestTask.executeRecursively(NodeTestTask.java:122)
	at org.junit.platform.engine.support.hierarchical.NodeTestTask.execute(NodeTestTask.java:80)
	at java.base/java.util.ArrayList.forEach(ArrayList.java:1541)
	at org.junit.platform.engine.support.hierarchical.SameThreadHierarchicalTestExecutorService.invokeAll(SameThreadHierarchicalTestExecutorService.java:38)
	at org.junit.platform.engine.support.hierarchical.NodeTestTask.lambda$executeRecursively$5(NodeTestTask.java:139)
	at org.junit.platform.engine.support.hierarchical.ThrowableCollector.execute(ThrowableCollector.java:73)
	at org.junit.platform.engine.support.hierarchical.NodeTestTask.lambda$executeRecursively$7(NodeTestTask.java:125)
	at org.junit.platform.engine.support.hierarchical.Node.around(Node.java:135)
	at org.junit.platform.engine.support.hierarchical.NodeTestTask.lambda$executeRecursively$8(NodeTestTask.java:123)
	at org.junit.platform.engine.support.hierarchical.ThrowableCollector.execute(ThrowableCollector.java:73)
	at org.junit.platform.engine.support.hierarchical.NodeTestTask.executeRecursively(NodeTestTask.java:122)
	at org.junit.platform.engine.support.hierarchical.NodeTestTask.execute(NodeTestTask.java:80)
	at org.junit.platform.engine.support.hierarchical.SameThreadHierarchicalTestExecutorService.submit(SameThreadHierarchicalTestExecutorService.java:32)
	at org.junit.platform.engine.support.hierarchical.HierarchicalTestExecutor.execute(HierarchicalTestExecutor.java:57)
	at org.junit.platform.engine.support.hierarchical.HierarchicalTestEngine.execute(HierarchicalTestEngine.java:51)
	at org.junit.platform.launcher.core.DefaultLauncher.execute(DefaultLauncher.java:248)
	at org.junit.platform.launcher.core.DefaultLauncher.lambda$execute$5(DefaultLauncher.java:211)
	at org.junit.platform.launcher.core.DefaultLauncher.withInterceptedStreams(DefaultLauncher.java:226)
	at org.junit.platform.launcher.core.DefaultLauncher.execute(DefaultLauncher.java:199)
	at org.junit.platform.launcher.core.DefaultLauncher.execute(DefaultLauncher.java:132)
	at org.apache.maven.surefire.junitplatform.JUnitPlatformProvider.execute(JUnitPlatformProvider.java:188)
	at org.apache.maven.surefire.junitplatform.JUnitPlatformProvider.invokeAllTests(JUnitPlatformProvider.java:154)
	at org.apache.maven.surefire.junitplatform.JUnitPlatformProvider.invoke(JUnitPlatformProvider.java:128)
	at org.apache.maven.surefire.booter.ForkedBooter.runSuitesInProcess(ForkedBooter.java:428)
	at org.apache.maven.surefire.booter.ForkedBooter.execute(ForkedBooter.java:162)
	at org.apache.maven.surefire.booter.ForkedBooter.run(ForkedBooter.java:562)
	at org.apache.maven.surefire.booter.ForkedBooter.main(ForkedBooter.java:548)

jun. 01, 2022 11:16:09 P. M. com.sun.ejb.containers.BaseContainer initializeHome
INFORMACIÓN: Portable JNDI names for EJB RutaBean: [java:global/cf0581a1-9dfd-460f-952b-243c6e60984a/RutaBean, java:global/cf0581a1-9dfd-460f-952b-243c6e60984a/RutaBean!com.mycompany.baches.control.RutaBean]
jun. 01, 2022 11:16:09 P. M. fish.payara.micro.cdi.extension.ClusteredCDIEventBusImpl postConstruct
INFORMACIÓN: Clustered CDI Event bus initialized
jun. 01, 2022 11:16:09 P. M. org.glassfish.soteria.servlet.SamRegistrationInstaller onStartup
INFORMACIÓN: Initializing Soteria null for context '/cf0581a1-9dfd-460f-952b-243c6e60984a'
jun. 01, 2022 11:16:09 P. M. com.sun.enterprise.web.WebApplication start
INFORMACIÓN: Loading application [cf0581a1-9dfd-460f-952b-243c6e60984a] at [/cf0581a1-9dfd-460f-952b-243c6e60984a]
jun. 01, 2022 11:16:09 P. M. org.glassfish.deployment.admin.DeployCommand execute
INFORMACIÓN: cf0581a1-9dfd-460f-952b-243c6e60984a was successfully deployed in 619 milliseconds.
]]></system-err>
  </testcase>
  <testcase name="testModificar" classname="com.mycompany.baches.resources.RutaResourceIT" time="0.052">
    <system-out><![CDATA[

*************************************************************
Modificar Ruta
2022-06-01 23:16:09 jdbc[3]: 
/**/conn0.getClientInfo();
2022-06-01 23:16:09 jdbc[3]: 
/**/conn0.setAutoCommit(false);
2022-06-01 23:16:09 jdbc[3]: 
/**/PreparedStatement prep131 = conn0.prepareStatement("INSERT INTO public.ruta (fecha_creacion, nombre, observaciones) VALUES (?, ?, ?)", 1003, 1007);
2022-06-01 23:16:09 jdbc[3]: 
/**/prep131.setDate(1, Date.valueOf("2022-06-01"));
2022-06-01 23:16:09 jdbc[3]: 
/**/prep131.setString(2, "Modificado desde RutaResource");
2022-06-01 23:16:09 jdbc[3]: 
/**/prep131.setNull(3, 12);
2022-06-01 23:16:09 jdbc[3]: 
/**/prep131.executeUpdate();
2022-06-01 23:16:09 lock: 3 shared read lock requesting for RUTA 
2022-06-01 23:16:09 lock: 3 shared read lock ok RUTA 
2022-06-01 23:16:09 jdbc[3]: 
/*SQL l:80 #:1 t:1*/INSERT INTO public.ruta (fecha_creacion, nombre, observaciones) VALUES (?, ?, ?) {1: DATE '2022-06-01', 2: 'Modificado desde RutaResource', 3: NULL};
2022-06-01 23:16:09 jdbc[3]: 
/**/prep131.close();
2022-06-01 23:16:09 jdbc[3]: 
/**/PreparedStatement prep132 = conn0.prepareStatement("CALL IDENTITY()", 1003, 1007);
2022-06-01 23:16:09 jdbc[3]: 
/**/ResultSet rs50 = prep132.executeQuery();
2022-06-01 23:16:09 jdbc[3]: 
/*SQL #:1*/CALL IDENTITY();
2022-06-01 23:16:09 jdbc[3]: 
/**/ResultSetMetaData rsMeta64 = rs50.getMetaData();
2022-06-01 23:16:09 jdbc[3]: 
/**/conn0.getCatalog();
2022-06-01 23:16:09 jdbc[3]: 
/**/rsMeta64.getColumnCount();
2022-06-01 23:16:09 jdbc[3]: 
/**/rsMeta64.getColumnCount();
2022-06-01 23:16:09 jdbc[3]: 
/**/rsMeta64.getColumnLabel(1);
2022-06-01 23:16:09 jdbc[3]: 
/**/rsMeta64.getColumnCount();
2022-06-01 23:16:09 jdbc[3]: 
/**/ResultSetMetaData rsMeta65 = rs50.getMetaData();
2022-06-01 23:16:09 jdbc[3]: 
/**/conn0.getCatalog();
2022-06-01 23:16:09 jdbc[3]: 
/**/rsMeta65.getColumnCount();
2022-06-01 23:16:09 jdbc[3]: 
/**/rs50.next();
2022-06-01 23:16:09 jdbc[3]: 
/**/rsMeta65.getColumnType(1);
2022-06-01 23:16:09 jdbc[3]: 
/**/rs50.getObject(1);
2022-06-01 23:16:09 jdbc[3]: 
/**/rs50.next();
2022-06-01 23:16:09 jdbc[3]: 
/**/rs50.close();
2022-06-01 23:16:09 jdbc[3]: 
/**/prep132.close();
2022-06-01 23:16:09 jdbc[3]: 
/**/conn0.setClientInfo(properties);
2022-06-01 23:16:09 jdbc[3]: 
/**/conn0.commit();
2022-06-01 23:16:09 lock: 3 shared read lock unlock RUTA 
2022-06-01 23:16:09 jdbc[3]: 
/*SQL */COMMIT;
2022-06-01 23:16:09 jdbc[3]: 
/**/conn0.setAutoCommit(true);
2022-06-01 23:16:09 jdbc[3]: 
/**/conn0.commit();
2022-06-01 23:16:09 jdbc[3]: 
/*SQL */COMMIT;



Modificado {"fechaCreacion":"2022-06-02T05:16:09.814Z[UTC]","nombre":"Modificado desde RutaResource"}



]]></system-out>
  </testcase>
  <testcase name="testCrear" classname="com.mycompany.baches.resources.RutaResourceIT" time="0.046">
    <system-out><![CDATA[

*************************************************************
Crear Ruta
2022-06-01 23:16:09 jdbc[3]: 
/**/conn0.getClientInfo();
2022-06-01 23:16:09 jdbc[3]: 
/**/conn0.setAutoCommit(false);
2022-06-01 23:16:09 jdbc[3]: 
/**/PreparedStatement prep133 = conn0.prepareStatement("INSERT INTO public.ruta (fecha_creacion, nombre, observaciones) VALUES (?, ?, ?)", 1003, 1007);
2022-06-01 23:16:09 jdbc[3]: 
/**/prep133.setDate(1, Date.valueOf("2022-06-01"));
2022-06-01 23:16:09 jdbc[3]: 
/**/prep133.setString(2, "RutaPrueba");
2022-06-01 23:16:09 jdbc[3]: 
/**/prep133.setString(3, "RutaPrueba");
2022-06-01 23:16:09 jdbc[3]: 
/**/prep133.executeUpdate();
2022-06-01 23:16:09 lock: 3 shared read lock requesting for RUTA 
2022-06-01 23:16:09 lock: 3 shared read lock ok RUTA 
2022-06-01 23:16:09 jdbc[3]: 
/*SQL l:80 #:1*/INSERT INTO public.ruta (fecha_creacion, nombre, observaciones) VALUES (?, ?, ?) {1: DATE '2022-06-01', 2: 'RutaPrueba', 3: 'RutaPrueba'};
2022-06-01 23:16:09 jdbc[3]: 
/**/prep133.close();
2022-06-01 23:16:09 jdbc[3]: 
/**/PreparedStatement prep134 = conn0.prepareStatement("CALL IDENTITY()", 1003, 1007);
2022-06-01 23:16:09 jdbc[3]: 
/**/ResultSet rs51 = prep134.executeQuery();
2022-06-01 23:16:09 jdbc[3]: 
/*SQL #:1*/CALL IDENTITY();
2022-06-01 23:16:09 jdbc[3]: 
/**/ResultSetMetaData rsMeta66 = rs51.getMetaData();
2022-06-01 23:16:09 jdbc[3]: 
/**/conn0.getCatalog();
2022-06-01 23:16:09 jdbc[3]: 
/**/rsMeta66.getColumnCount();
2022-06-01 23:16:09 jdbc[3]: 
/**/rsMeta66.getColumnCount();
2022-06-01 23:16:09 jdbc[3]: 
/**/rsMeta66.getColumnLabel(1);
2022-06-01 23:16:09 jdbc[3]: 
/**/rsMeta66.getColumnCount();
2022-06-01 23:16:09 jdbc[3]: 
/**/ResultSetMetaData rsMeta67 = rs51.getMetaData();
2022-06-01 23:16:09 jdbc[3]: 
/**/conn0.getCatalog();
2022-06-01 23:16:09 jdbc[3]: 
/**/rsMeta67.getColumnCount();
2022-06-01 23:16:09 jdbc[3]: 
/**/rs51.next();
2022-06-01 23:16:09 jdbc[3]: 
/**/rsMeta67.getColumnType(1);
2022-06-01 23:16:09 jdbc[3]: 
/**/rs51.getObject(1);
2022-06-01 23:16:09 jdbc[3]: 
/**/rs51.next();
2022-06-01 23:16:09 jdbc[3]: 
/**/rs51.close();
2022-06-01 23:16:09 jdbc[3]: 
/**/prep134.close();
2022-06-01 23:16:09 jdbc[3]: 
/**/conn0.setClientInfo(properties);
2022-06-01 23:16:09 jdbc[3]: 
/**/conn0.commit();
2022-06-01 23:16:09 lock: 3 shared read lock unlock RUTA 
2022-06-01 23:16:09 jdbc[3]: 
/*SQL */COMMIT;
2022-06-01 23:16:09 jdbc[3]: 
/**/conn0.setAutoCommit(true);
2022-06-01 23:16:09 jdbc[3]: 
/**/conn0.commit();
2022-06-01 23:16:09 jdbc[3]: 
/*SQL */COMMIT;



Creado {"fechaCreacion":"2022-06-02T05:16:09.866Z[UTC]","idRuta":14,"nombre":"RutaPrueba","observaciones":"RutaPrueba"}



]]></system-out>
  </testcase>
  <testcase name="testEliminar" classname="com.mycompany.baches.resources.RutaResourceIT" time="0.078">
    <system-out><![CDATA[

*************************************************************
Eliminar Ruta
2022-06-01 23:16:09 jdbc[3]: 
/**/conn0.getClientInfo();
2022-06-01 23:16:09 jdbc[3]: 
/**/conn0.setAutoCommit(false);
2022-06-01 23:16:09 jdbc[3]: 
/**/PreparedStatement prep135 = conn0.prepareStatement("DELETE FROM public.ruta WHERE (id_ruta = ?)", 1003, 1007);
2022-06-01 23:16:09 jdbc[3]: Table      :     potential plan item cost 10,340 index PUBLIC.RUTA.tableScan
2022-06-01 23:16:09 jdbc[3]: Table      :     potential plan item cost 230 index PUBLIC.PRIMARY_KEY_2
2022-06-01 23:16:09 jdbc[3]: 
/**/prep135.setLong(1, 3L);
2022-06-01 23:16:09 jdbc[3]: 
/**/prep135.executeUpdate();
2022-06-01 23:16:09 lock: 3 shared read lock requesting for RUTA 
2022-06-01 23:16:09 lock: 3 shared read lock ok RUTA 
2022-06-01 23:16:09 jdbc[3]: 
/*SQL l:43 #:1*/DELETE FROM public.ruta WHERE (id_ruta = ?) {1: 3};
2022-06-01 23:16:09 jdbc[3]: 
/**/prep135.close();
2022-06-01 23:16:09 jdbc[3]: 
/**/conn0.setClientInfo(properties);
2022-06-01 23:16:09 jdbc[3]: 
/**/conn0.commit();
2022-06-01 23:16:09 lock: 3 shared read lock unlock RUTA 
2022-06-01 23:16:09 jdbc[3]: 
/*SQL */COMMIT;
2022-06-01 23:16:09 jdbc[3]: 
/**/conn0.setAutoCommit(true);
2022-06-01 23:16:09 jdbc[3]: 
/**/conn0.commit();
2022-06-01 23:16:09 jdbc[3]: 
/*SQL */COMMIT;


ID:3 eliminado con exito


]]></system-out>
  </testcase>
  <testcase name="testContar" classname="com.mycompany.baches.resources.RutaResourceIT" time="0.139">
    <system-out><![CDATA[

*************************************************************
Contar
2022-06-01 23:16:10 jdbc[3]: 
/**/conn0.getClientInfo();
2022-06-01 23:16:10 jdbc[3]: 
/**/PreparedStatement prep136 = conn0.prepareStatement("SELECT COUNT(id_ruta) FROM public.ruta", 1003, 1007);
2022-06-01 23:16:10 jdbc[3]: 
/**/ResultSet rs52 = prep136.executeQuery();
2022-06-01 23:16:10 jdbc[3]: 
/*SQL #:1*/SELECT COUNT(id_ruta) FROM public.ruta;
2022-06-01 23:16:10 jdbc[3]: 
/**/ResultSetMetaData rsMeta68 = rs52.getMetaData();
2022-06-01 23:16:10 jdbc[3]: 
/**/conn0.getCatalog();
2022-06-01 23:16:10 jdbc[3]: 
/**/rsMeta68.getColumnCount();
2022-06-01 23:16:10 jdbc[3]: 
/**/rs52.next();
2022-06-01 23:16:10 jdbc[3]: 
/**/rsMeta68.getColumnType(1);
2022-06-01 23:16:10 jdbc[3]: 
/**/rs52.getLong(1);
2022-06-01 23:16:10 jdbc[3]: 
/**/rs52.next();
2022-06-01 23:16:10 jdbc[3]: 
/**/rs52.close();
2022-06-01 23:16:10 jdbc[3]: 
/**/prep136.close();
2022-06-01 23:16:10 jdbc[3]: 
/**/conn0.setClientInfo(properties);
Se encontraron 13
]]></system-out>
  </testcase>
</testsuite>