<?xml version="1.0" encoding="UTF-8"?>
<testsuite xmlns:xsi="http://www.w3.org/2001/XMLSchema-instance" xsi:noNamespaceSchemaLocation="https://maven.apache.org/surefire/maven-failsafe-plugin/xsd/failsafe-test-report-3.0.xsd" version="3.0" name="com.mycompany.baches.control.TipoObjetoIT" time="21.357" tests="7" errors="0" skipped="0" failures="0">
  <properties>
[...]
</properties>
  <testcase name="testCrear" classname="com.mycompany.baches.control.TipoObjetoIT" time="2.369">
    <system-out><![CDATA[4c828faf-1c89-4fad-af4a-6afaa633c7e7.war:
/WEB-INF/
/WEB-INF/classes/
/WEB-INF/classes/com/
/WEB-INF/classes/com/mycompany/
/WEB-INF/classes/com/mycompany/baches/
/WEB-INF/classes/com/mycompany/baches/entity/
/WEB-INF/classes/com/mycompany/baches/entity/TipoObjeto.class
/WEB-INF/classes/com/mycompany/baches/entity/ObjetoEstado.class
/WEB-INF/classes/com/mycompany/baches/entity/Estado.class
/WEB-INF/classes/com/mycompany/baches/entity/Ruta.class
/WEB-INF/classes/com/mycompany/baches/entity/Objeto.class
/WEB-INF/classes/com/mycompany/baches/control/
/WEB-INF/classes/com/mycompany/baches/control/AbstractDataAccess.class
/WEB-INF/classes/com/mycompany/baches/control/TipoObjetoBean.class
/WEB-INF/classes/persistence-arquillian.xml
/WEB-INF/classes/META-INF/
/WEB-INF/classes/META-INF/persistence.xml
/WEB-INF/classes/META-INF/sql/
/WEB-INF/classes/META-INF/sql/datos.sql
/WEB-INF/beans.xml
2022-06-01 23:15:55 jdbc[3]: 
/*SQL */SET TRACE_LEVEL_FILE 3;
2022-06-01 23:15:55 jdbc[3]: 
/**/Connection conn0 = DriverManager.getConnection("jdbc:h2:mem:h2;TRACE_LEVEL_FILE=3;TRACE_LEVEL_SYSTEM_OUT=3;DB_CLOSE_DELAY=1", "SA", "");
2022-06-01 23:15:55 database: connecting session #4 to mem:h2
2022-06-01 23:15:55 jdbc[4]: 
/*SQL */SET DB_CLOSE_DELAY 1;
2022-06-01 23:15:55 jdbc[4]: 
/*SQL */SET TRACE_LEVEL_SYSTEM_OUT 3;
2022-06-01 23:15:55 jdbc[4]: 
/*SQL */SET TRACE_LEVEL_FILE 3;
2022-06-01 23:15:55 jdbc[4]: 
/**/Connection conn1 = DriverManager.getConnection("jdbc:h2:mem:h2;TRACE_LEVEL_FILE=3;TRACE_LEVEL_SYSTEM_OUT=3;DB_CLOSE_DELAY=1", "SA", "");
2022-06-01 23:15:55 database: connecting session #5 to mem:h2
2022-06-01 23:15:55 jdbc[5]: 
/*SQL */SET DB_CLOSE_DELAY 1;
2022-06-01 23:15:55 jdbc[5]: 
/*SQL */SET TRACE_LEVEL_SYSTEM_OUT 3;
2022-06-01 23:15:55 jdbc[5]: 
/*SQL */SET TRACE_LEVEL_FILE 3;
2022-06-01 23:15:55 jdbc[5]: 
/**/Connection conn2 = DriverManager.getConnection("jdbc:h2:mem:h2;TRACE_LEVEL_FILE=3;TRACE_LEVEL_SYSTEM_OUT=3;DB_CLOSE_DELAY=1", "SA", "");
2022-06-01 23:15:55 database: connecting session #6 to mem:h2
2022-06-01 23:15:55 jdbc[6]: 
/*SQL */SET DB_CLOSE_DELAY 1;
2022-06-01 23:15:55 jdbc[6]: 
/*SQL */SET TRACE_LEVEL_SYSTEM_OUT 3;
2022-06-01 23:15:55 jdbc[6]: 
/*SQL */SET TRACE_LEVEL_FILE 3;
2022-06-01 23:15:55 jdbc[6]: 
/**/Connection conn3 = DriverManager.getConnection("jdbc:h2:mem:h2;TRACE_LEVEL_FILE=3;TRACE_LEVEL_SYSTEM_OUT=3;DB_CLOSE_DELAY=1", "SA", "");
2022-06-01 23:15:55 database: connecting session #7 to mem:h2
2022-06-01 23:15:55 jdbc[7]: 
/*SQL */SET DB_CLOSE_DELAY 1;
2022-06-01 23:15:55 jdbc[7]: 
/*SQL */SET TRACE_LEVEL_SYSTEM_OUT 3;
2022-06-01 23:15:55 jdbc[7]: 
/*SQL */SET TRACE_LEVEL_FILE 3;
2022-06-01 23:15:55 jdbc[7]: 
/**/Connection conn4 = DriverManager.getConnection("jdbc:h2:mem:h2;TRACE_LEVEL_FILE=3;TRACE_LEVEL_SYSTEM_OUT=3;DB_CLOSE_DELAY=1", "SA", "");
2022-06-01 23:15:55 database: connecting session #8 to mem:h2
2022-06-01 23:15:55 jdbc[8]: 
/*SQL */SET DB_CLOSE_DELAY 1;
2022-06-01 23:15:55 jdbc[8]: 
/*SQL */SET TRACE_LEVEL_SYSTEM_OUT 3;
2022-06-01 23:15:55 jdbc[8]: 
/*SQL */SET TRACE_LEVEL_FILE 3;
2022-06-01 23:15:55 jdbc[8]: 
/**/Connection conn5 = DriverManager.getConnection("jdbc:h2:mem:h2;TRACE_LEVEL_FILE=3;TRACE_LEVEL_SYSTEM_OUT=3;DB_CLOSE_DELAY=1", "SA", "");
2022-06-01 23:15:55 database: connecting session #9 to mem:h2
2022-06-01 23:15:55 jdbc[9]: 
/*SQL */SET DB_CLOSE_DELAY 1;
2022-06-01 23:15:55 jdbc[9]: 
/*SQL */SET TRACE_LEVEL_SYSTEM_OUT 3;
2022-06-01 23:15:55 jdbc[9]: 
/*SQL */SET TRACE_LEVEL_FILE 3;
2022-06-01 23:15:55 jdbc[9]: 
/**/Connection conn6 = DriverManager.getConnection("jdbc:h2:mem:h2;TRACE_LEVEL_FILE=3;TRACE_LEVEL_SYSTEM_OUT=3;DB_CLOSE_DELAY=1", "SA", "");
2022-06-01 23:15:55 database: connecting session #10 to mem:h2
2022-06-01 23:15:55 jdbc[10]: 
/*SQL */SET DB_CLOSE_DELAY 1;
2022-06-01 23:15:55 jdbc[10]: 
/*SQL */SET TRACE_LEVEL_SYSTEM_OUT 3;
2022-06-01 23:15:55 jdbc[10]: 
/*SQL */SET TRACE_LEVEL_FILE 3;
2022-06-01 23:15:55 jdbc[10]: 
/**/Connection conn7 = DriverManager.getConnection("jdbc:h2:mem:h2;TRACE_LEVEL_FILE=3;TRACE_LEVEL_SYSTEM_OUT=3;DB_CLOSE_DELAY=1", "SA", "");
2022-06-01 23:15:55 jdbc[3]: 
/**/DatabaseMetaData dbMeta0 = conn0.getMetaData();
2022-06-01 23:15:55 jdbc[3]: 
/**/conn0.getClientInfo();
2022-06-01 23:15:55 jdbc[3]: 
/**/ResultSet rs0 = dbMeta0.getClientInfoProperties();
2022-06-01 23:15:55 jdbc[3]: 
/**/rs0.next();
2022-06-01 23:15:55 jdbc[3]: 
/**/rs0.close();
2022-06-01 23:15:55 jdbc[3]: 
/**/conn0.getClientInfo();
2022-06-01 23:15:55 jdbc[3]: 
/**/DatabaseMetaData dbMeta1 = conn0.getMetaData();
2022-06-01 23:15:55 jdbc[3]: 
/**/dbMeta1.getDatabaseProductName();
2022-06-01 23:15:55 jdbc[3]: 
/**/dbMeta1.getDatabaseProductVersion();
2022-06-01 23:15:55 jdbc[3]: 
/**/dbMeta1.getDatabaseMajorVersion();
2022-06-01 23:15:55 jdbc[3]: 
/**/DatabaseMetaData dbMeta2 = conn0.getMetaData();
2022-06-01 23:15:55 jdbc[3]: 
/**/dbMeta2.getDriverName();
2022-06-01 23:15:55 jdbc[3]: 
/**/conn0.setClientInfo(properties);
2022-06-01 23:15:55 jdbc[3]: 
/**/conn0.getClientInfo();
2022-06-01 23:15:55 jdbc[3]: 
/**/conn0.setClientInfo(properties);
2022-06-01 23:15:55 jdbc[3]: 
/**/conn0.getClientInfo();
2022-06-01 23:15:55 jdbc[3]: 
/**/conn0.setClientInfo(properties);
2022-06-01 23:15:56 jdbc[3]: 
/**/conn0.getClientInfo();
2022-06-01 23:15:56 jdbc[3]: 
/**/PreparedStatement prep0 = conn0.prepareStatement("SELECT 1 FROM public.estado", 1003, 1007);
2022-06-01 23:15:56 jdbc[3]: exception
org.h2.jdbc.JdbcSQLSyntaxErrorException: Tabla "ESTADO" no encontrada
Table "ESTADO" not found; SQL statement:
SELECT 1 FROM public.estado [42102-200]
	at org.h2.message.DbException.getJdbcSQLException(DbException.java:453)
	at org.h2.message.DbException.getJdbcSQLException(DbException.java:429)
	at org.h2.message.DbException.get(DbException.java:205)
	at org.h2.message.DbException.get(DbException.java:181)
	at org.h2.command.Parser.readTableOrView(Parser.java:7628)
	at org.h2.command.Parser.readTableFilter(Parser.java:1970)
	at org.h2.command.Parser.parseSelectFromPart(Parser.java:2827)
	at org.h2.command.Parser.parseSelect(Parser.java:2959)
	at org.h2.command.Parser.parseQuerySub(Parser.java:2817)
	at org.h2.command.Parser.parseSelectUnion(Parser.java:2649)
	at org.h2.command.Parser.parseQuery(Parser.java:2620)
	at org.h2.command.Parser.parsePrepared(Parser.java:868)
	at org.h2.command.Parser.parse(Parser.java:843)
	at org.h2.command.Parser.parse(Parser.java:815)
	at org.h2.command.Parser.prepareCommand(Parser.java:738)
	at org.h2.engine.Session.prepareLocal(Session.java:657)
	at org.h2.engine.Session.prepareCommand(Session.java:595)
	at org.h2.jdbc.JdbcConnection.prepareCommand(JdbcConnection.java:1235)
	at org.h2.jdbc.JdbcPreparedStatement.<init>(JdbcPreparedStatement.java:76)
	at org.h2.jdbc.JdbcConnection.prepareStatement(JdbcConnection.java:734)
	at com.sun.gjc.spi.base.ConnectionHolder.prepareStatement(ConnectionHolder.java:609)
	at com.sun.gjc.spi.jdbc40.ConnectionWrapper40.prepareCachedStatement(ConnectionWrapper40.java:271)
	at com.sun.gjc.spi.jdbc40.ConnectionWrapper40.prepareCachedStatement(ConnectionWrapper40.java:53)
	at com.sun.gjc.spi.ManagedConnectionImpl.prepareCachedStatement(ManagedConnectionImpl.java:1080)
	at com.sun.gjc.spi.jdbc40.ConnectionWrapper40.prepareStatement(ConnectionWrapper40.java:183)
	at org.eclipse.persistence.internal.databaseaccess.DatabaseAccessor.prepareStatement(DatabaseAccessor.java:1600)
	at org.eclipse.persistence.internal.databaseaccess.DatabaseAccessor.prepareStatement(DatabaseAccessor.java:1549)
	at org.eclipse.persistence.internal.databaseaccess.DatabaseCall.prepareStatement(DatabaseCall.java:806)
	at org.eclipse.persistence.internal.databaseaccess.DatabaseAccessor.basicExecuteCall(DatabaseAccessor.java:628)
	at org.eclipse.persistence.internal.databaseaccess.DatabaseAccessor.executeCall(DatabaseAccessor.java:567)
	at org.eclipse.persistence.internal.sessions.AbstractSession.basicExecuteCall(AbstractSession.java:2105)
	at org.eclipse.persistence.sessions.server.ServerSession.executeCall(ServerSession.java:603)
	at org.eclipse.persistence.internal.queries.DatasourceCallQueryMechanism.executeCall(DatasourceCallQueryMechanism.java:277)
	at org.eclipse.persistence.internal.queries.DatasourceCallQueryMechanism.executeCall(DatasourceCallQueryMechanism.java:263)
	at org.eclipse.persistence.internal.queries.DatasourceCallQueryMechanism.executeSelectCall(DatasourceCallQueryMechanism.java:334)
	at org.eclipse.persistence.internal.queries.DatasourceCallQueryMechanism.executeSelect(DatasourceCallQueryMechanism.java:316)
	at org.eclipse.persistence.queries.DataReadQuery.executeNonCursor(DataReadQuery.java:199)
	at org.eclipse.persistence.queries.DataReadQuery.executeDatabaseQuery(DataReadQuery.java:154)
	at org.eclipse.persistence.queries.DatabaseQuery.execute(DatabaseQuery.java:911)
	at org.eclipse.persistence.queries.DataReadQuery.execute(DataReadQuery.java:139)
	at org.eclipse.persistence.internal.sessions.AbstractSession.internalExecuteQuery(AbstractSession.java:3367)
	at org.eclipse.persistence.internal.sessions.AbstractSession.executeQuery(AbstractSession.java:1898)
	at org.eclipse.persistence.internal.sessions.AbstractSession.executeQuery(AbstractSession.java:1880)
	at org.eclipse.persistence.internal.sessions.AbstractSession.executeQuery(AbstractSession.java:1830)
	at org.eclipse.persistence.internal.databaseaccess.DatabasePlatform.checkTableExists(DatabasePlatform.java:3792)
	at org.eclipse.persistence.tools.schemaframework.SchemaManager.checkTableExists(SchemaManager.java:467)
	at org.eclipse.persistence.tools.schemaframework.SchemaManager.checkTableExists(SchemaManager.java:480)
	at org.eclipse.persistence.tools.schemaframework.TableCreator.createTables(TableCreator.java:169)
	at org.eclipse.persistence.tools.schemaframework.TableCreator.createTables(TableCreator.java:151)
	at org.eclipse.persistence.tools.schemaframework.TableCreator.createTables(TableCreator.java:143)
	at org.eclipse.persistence.tools.schemaframework.SchemaManager.createDefaultTables(SchemaManager.java:1030)
	at org.eclipse.persistence.internal.jpa.EntityManagerFactoryProvider.generateDefaultTables(EntityManagerFactoryProvider.java:113)
	at org.eclipse.persistence.internal.jpa.EntityManagerSetupImpl.writeDDLToDatabase(EntityManagerSetupImpl.java:4695)
	at org.eclipse.persistence.internal.jpa.EntityManagerSetupImpl.writeMetadataDDLToDatabase(EntityManagerSetupImpl.java:4762)
	at org.eclipse.persistence.internal.jpa.EntityManagerSetupImpl.writeDDL(EntityManagerSetupImpl.java:4661)
	at org.eclipse.persistence.internal.jpa.EntityManagerSetupImpl.writeDDL(EntityManagerSetupImpl.java:4534)
	at org.eclipse.persistence.internal.jpa.EntityManagerSetupImpl.deploy(EntityManagerSetupImpl.java:820)
	at org.eclipse.persistence.internal.jpa.EntityManagerFactoryDelegate.getAbstractSession(EntityManagerFactoryDelegate.java:222)
	at org.eclipse.persistence.internal.jpa.EntityManagerFactoryDelegate.getDatabaseSession(EntityManagerFactoryDelegate.java:200)
	at org.eclipse.persistence.internal.jpa.EntityManagerFactoryImpl.getDatabaseSession(EntityManagerFactoryImpl.java:542)
	at org.eclipse.persistence.jpa.PersistenceProvider.createContainerEntityManagerFactoryImpl(PersistenceProvider.java:388)
	at org.eclipse.persistence.jpa.PersistenceProvider.createContainerEntityManagerFactory(PersistenceProvider.java:316)
	at org.glassfish.persistence.jpa.PersistenceUnitLoader.loadPU(PersistenceUnitLoader.java:207)
	at org.glassfish.persistence.jpa.PersistenceUnitLoader.<init>(PersistenceUnitLoader.java:114)
	at org.glassfish.persistence.jpa.JPADeployer$1.visitPUD(JPADeployer.java:267)
	at org.glassfish.persistence.jpa.JPADeployer$PersistenceUnitDescriptorIterator.iteratePUDs(JPADeployer.java:571)
	at org.glassfish.persistence.jpa.JPADeployer.createEMFs(JPADeployer.java:286)
	at org.glassfish.persistence.jpa.JPADeployer.prepare(JPADeployer.java:183)
	at com.sun.enterprise.v3.server.ApplicationLifecycle.prepareModule(ApplicationLifecycle.java:1131)
	at com.sun.enterprise.v3.server.ApplicationLifecycle.prepare(ApplicationLifecycle.java:504)
	at org.glassfish.deployment.admin.DeployCommand.execute(DeployCommand.java:588)
	at com.sun.enterprise.v3.admin.CommandRunnerImpl$2$1.run(CommandRunnerImpl.java:556)
	at com.sun.enterprise.v3.admin.CommandRunnerImpl$2$1.run(CommandRunnerImpl.java:552)
	at java.base/java.security.AccessController.doPrivileged(Native Method)
	at java.base/javax.security.auth.Subject.doAs(Subject.java:361)
	at com.sun.enterprise.v3.admin.CommandRunnerImpl$2.execute(CommandRunnerImpl.java:551)
	at com.sun.enterprise.v3.admin.CommandRunnerImpl$3.run(CommandRunnerImpl.java:582)
	at com.sun.enterprise.v3.admin.CommandRunnerImpl$3.run(CommandRunnerImpl.java:574)
	at java.base/java.security.AccessController.doPrivileged(Native Method)
	at java.base/javax.security.auth.Subject.doAs(Subject.java:361)
	at com.sun.enterprise.v3.admin.CommandRunnerImpl.doCommand(CommandRunnerImpl.java:573)
	at com.sun.enterprise.v3.admin.CommandRunnerImpl.doCommand(CommandRunnerImpl.java:1497)
	at com.sun.enterprise.v3.admin.CommandRunnerImpl.access$1300(CommandRunnerImpl.java:120)
	at com.sun.enterprise.v3.admin.CommandRunnerImpl$ExecutionContext.execute(CommandRunnerImpl.java:1879)
	at com.sun.enterprise.v3.admin.CommandRunnerImpl$ExecutionContext.execute(CommandRunnerImpl.java:1755)
	at com.sun.enterprise.admin.cli.embeddable.DeployerImpl.deploy(DeployerImpl.java:131)
	at com.sun.enterprise.admin.cli.embeddable.DeployerImpl.deploy(DeployerImpl.java:104)
	at fish.payara.arquillian.container.payara.embedded.PayaraContainer.deploy(PayaraContainer.java:236)
	at org.jboss.arquillian.container.impl.client.container.ContainerDeployController$3.call(ContainerDeployController.java:151)
	at org.jboss.arquillian.container.impl.client.container.ContainerDeployController$3.call(ContainerDeployController.java:118)
	at org.jboss.arquillian.container.impl.client.container.ContainerDeployController.executeOperation(ContainerDeployController.java:239)
	at org.jboss.arquillian.container.impl.client.container.ContainerDeployController.deploy(ContainerDeployController.java:118)
	at java.base/jdk.internal.reflect.NativeMethodAccessorImpl.invoke0(Native Method)
	at java.base/jdk.internal.reflect.NativeMethodAccessorImpl.invoke(NativeMethodAccessorImpl.java:62)
	at java.base/jdk.internal.reflect.DelegatingMethodAccessorImpl.invoke(DelegatingMethodAccessorImpl.java:43)
	at java.base/java.lang.reflect.Method.invoke(Method.java:566)
	at org.jboss.arquillian.core.impl.ObserverImpl.invoke(ObserverImpl.java:86)
	at org.jboss.arquillian.core.impl.EventContextImpl.invokeObservers(EventContextImpl.java:103)
	at org.jboss.arquillian.core.impl.EventContextImpl.proceed(EventContextImpl.java:90)
	at org.jboss.arquillian.container.impl.client.ContainerDeploymentContextHandler.createDeploymentContext(ContainerDeploymentContextHandler.java:71)
	at java.base/jdk.internal.reflect.NativeMethodAccessorImpl.invoke0(Native Method)
	at java.base/jdk.internal.reflect.NativeMethodAccessorImpl.invoke(NativeMethodAccessorImpl.java:62)
	at java.base/jdk.internal.reflect.DelegatingMethodAccessorImpl.invoke(DelegatingMethodAccessorImpl.java:43)
	at java.base/java.lang.reflect.Method.invoke(Method.java:566)
	at org.jboss.arquillian.core.impl.ObserverImpl.invoke(ObserverImpl.java:86)
	at org.jboss.arquillian.core.impl.EventContextImpl.proceed(EventContextImpl.java:95)
	at org.jboss.arquillian.container.impl.client.ContainerDeploymentContextHandler.createContainerContext(ContainerDeploymentContextHandler.java:54)
	at java.base/jdk.internal.reflect.NativeMethodAccessorImpl.invoke0(Native Method)
	at java.base/jdk.internal.reflect.NativeMethodAccessorImpl.invoke(NativeMethodAccessorImpl.java:62)
	at java.base/jdk.internal.reflect.DelegatingMethodAccessorImpl.invoke(DelegatingMethodAccessorImpl.java:43)
	at java.base/java.lang.reflect.Method.invoke(Method.java:566)
	at org.jboss.arquillian.core.impl.ObserverImpl.invoke(ObserverImpl.java:86)
	at org.jboss.arquillian.core.impl.EventContextImpl.proceed(EventContextImpl.java:95)
	at org.jboss.arquillian.container.impl.client.container.DeploymentExceptionHandler.verifyExpectedExceptionDuringDeploy(DeploymentExceptionHandler.java:47)
	at java.base/jdk.internal.reflect.NativeMethodAccessorImpl.invoke0(Native Method)
	at java.base/jdk.internal.reflect.NativeMethodAccessorImpl.invoke(NativeMethodAccessorImpl.java:62)
	at java.base/jdk.internal.reflect.DelegatingMethodAccessorImpl.invoke(DelegatingMethodAccessorImpl.java:43)
	at java.base/java.lang.reflect.Method.invoke(Method.java:566)
	at org.jboss.arquillian.core.impl.ObserverImpl.invoke(ObserverImpl.java:86)
	at org.jboss.arquillian.core.impl.EventContextImpl.proceed(EventContextImpl.java:95)
	at org.jboss.arquillian.core.impl.ManagerImpl.fire(ManagerImpl.java:133)
	at org.jboss.arquillian.core.impl.ManagerImpl.fire(ManagerImpl.java:105)
	at org.jboss.arquillian.core.impl.EventImpl.fire(EventImpl.java:62)
	at org.jboss.arquillian.container.impl.client.container.ContainerDeployController$1.perform(ContainerDeployController.java:92)
	at org.jboss.arquillian.container.impl.client.container.ContainerDeployController$1.perform(ContainerDeployController.java:77)
	at org.jboss.arquillian.container.impl.client.container.ContainerDeployController.forEachDeployment(ContainerDeployController.java:232)
	at org.jboss.arquillian.container.impl.client.container.ContainerDeployController.forEachManagedDeployment(ContainerDeployController.java:212)
	at org.jboss.arquillian.container.impl.client.container.ContainerDeployController.deployManaged(ContainerDeployController.java:77)
	at java.base/jdk.internal.reflect.NativeMethodAccessorImpl.invoke0(Native Method)
	at java.base/jdk.internal.reflect.NativeMethodAccessorImpl.invoke(NativeMethodAccessorImpl.java:62)
	at java.base/jdk.internal.reflect.DelegatingMethodAccessorImpl.invoke(DelegatingMethodAccessorImpl.java:43)
	at java.base/java.lang.reflect.Method.invoke(Method.java:566)
	at org.jboss.arquillian.core.impl.ObserverImpl.invoke(ObserverImpl.java:86)
	at org.jboss.arquillian.core.impl.EventContextImpl.invokeObservers(EventContextImpl.java:103)
	at org.jboss.arquillian.core.impl.EventContextImpl.proceed(EventContextImpl.java:90)
	at org.jboss.arquillian.core.impl.ManagerImpl.fire(ManagerImpl.java:133)
	at org.jboss.arquillian.core.impl.ManagerImpl.fire(ManagerImpl.java:105)
	at org.jboss.arquillian.core.impl.EventImpl.fire(EventImpl.java:62)
	at org.jboss.arquillian.container.test.impl.client.ContainerEventController.execute(ContainerEventController.java:96)
	at java.base/jdk.internal.reflect.NativeMethodAccessorImpl.invoke0(Native Method)
	at java.base/jdk.internal.reflect.NativeMethodAccessorImpl.invoke(NativeMethodAccessorImpl.java:62)
	at java.base/jdk.internal.reflect.DelegatingMethodAccessorImpl.invoke(DelegatingMethodAccessorImpl.java:43)
	at java.base/java.lang.reflect.Method.invoke(Method.java:566)
	at org.jboss.arquillian.core.impl.ObserverImpl.invoke(ObserverImpl.java:86)
	at org.jboss.arquillian.core.impl.EventContextImpl.invokeObservers(EventContextImpl.java:103)
	at org.jboss.arquillian.core.impl.EventContextImpl.proceed(EventContextImpl.java:90)
	at org.jboss.arquillian.test.impl.TestContextHandler.createClassContext(TestContextHandler.java:83)
	at java.base/jdk.internal.reflect.NativeMethodAccessorImpl.invoke0(Native Method)
	at java.base/jdk.internal.reflect.NativeMethodAccessorImpl.invoke(NativeMethodAccessorImpl.java:62)
	at java.base/jdk.internal.reflect.DelegatingMethodAccessorImpl.invoke(DelegatingMethodAccessorImpl.java:43)
	at java.base/java.lang.reflect.Method.invoke(Method.java:566)
	at org.jboss.arquillian.core.impl.ObserverImpl.invoke(ObserverImpl.java:86)
	at org.jboss.arquillian.core.impl.EventContextImpl.proceed(EventContextImpl.java:95)
	at org.jboss.arquillian.test.impl.TestContextHandler.createSuiteContext(TestContextHandler.java:69)
	at java.base/jdk.internal.reflect.NativeMethodAccessorImpl.invoke0(Native Method)
	at java.base/jdk.internal.reflect.NativeMethodAccessorImpl.invoke(NativeMethodAccessorImpl.java:62)
	at java.base/jdk.internal.reflect.DelegatingMethodAccessorImpl.invoke(DelegatingMethodAccessorImpl.java:43)
	at java.base/java.lang.reflect.Method.invoke(Method.java:566)
	at org.jboss.arquillian.core.impl.ObserverImpl.invoke(ObserverImpl.java:86)
	at org.jboss.arquillian.core.impl.EventContextImpl.proceed(EventContextImpl.java:95)
	at org.jboss.arquillian.core.impl.ManagerImpl.fire(ManagerImpl.java:133)
	at org.jboss.arquillian.core.impl.ManagerImpl.fire(ManagerImpl.java:105)
	at org.jboss.arquillian.test.impl.EventTestRunnerAdaptor.beforeClass(EventTestRunnerAdaptor.java:89)
	at org.jboss.arquillian.junit5.ArquillianExtension.beforeAll(ArquillianExtension.java:35)
	at org.junit.jupiter.engine.descriptor.ClassBasedTestDescriptor.lambda$invokeBeforeAllCallbacks$7(ClassBasedTestDescriptor.java:359)
	at org.junit.platform.engine.support.hierarchical.ThrowableCollector.execute(ThrowableCollector.java:73)
	at org.junit.jupiter.engine.descriptor.ClassBasedTestDescriptor.invokeBeforeAllCallbacks(ClassBasedTestDescriptor.java:359)
	at org.junit.jupiter.engine.descriptor.ClassBasedTestDescriptor.before(ClassBasedTestDescriptor.java:189)
	at org.junit.jupiter.engine.descriptor.ClassBasedTestDescriptor.before(ClassBasedTestDescriptor.java:78)
	at org.junit.platform.engine.support.hierarchical.NodeTestTask.lambda$executeRecursively$5(NodeTestTask.java:132)
	at org.junit.platform.engine.support.hierarchical.ThrowableCollector.execute(ThrowableCollector.java:73)
	at org.junit.platform.engine.support.hierarchical.NodeTestTask.lambda$executeRecursively$7(NodeTestTask.java:125)
	at org.junit.platform.engine.support.hierarchical.Node.around(Node.java:135)
	at org.junit.platform.engine.support.hierarchical.NodeTestTask.lambda$executeRecursively$8(NodeTestTask.java:123)
	at org.junit.platform.engine.support.hierarchical.ThrowableCollector.execute(ThrowableCollector.java:73)
	at org.junit.platform.engine.support.hierarchical.NodeTestTask.executeRecursively(NodeTestTask.java:122)
	at org.junit.platform.engine.support.hierarchical.NodeTestTask.execute(NodeTestTask.java:80)
	at java.base/java.util.ArrayList.forEach(ArrayList.java:1541)
	at org.junit.platform.engine.support.hierarchical.SameThreadHierarchicalTestExecutorService.invokeAll(SameThreadHierarchicalTestExecutorService.java:38)
	at org.junit.platform.engine.support.hierarchical.NodeTestTask.lambda$executeRecursively$5(NodeTestTask.java:139)
	at org.junit.platform.engine.support.hierarchical.ThrowableCollector.execute(ThrowableCollector.java:73)
	at org.junit.platform.engine.support.hierarchical.NodeTestTask.lambda$executeRecursively$7(NodeTestTask.java:125)
	at org.junit.platform.engine.support.hierarchical.Node.around(Node.java:135)
	at org.junit.platform.engine.support.hierarchical.NodeTestTask.lambda$executeRecursively$8(NodeTestTask.java:123)
	at org.junit.platform.engine.support.hierarchical.ThrowableCollector.execute(ThrowableCollector.java:73)
	at org.junit.platform.engine.support.hierarchical.NodeTestTask.executeRecursively(NodeTestTask.java:122)
	at org.junit.platform.engine.support.hierarchical.NodeTestTask.execute(NodeTestTask.java:80)
	at org.junit.platform.engine.support.hierarchical.SameThreadHierarchicalTestExecutorService.submit(SameThreadHierarchicalTestExecutorService.java:32)
	at org.junit.platform.engine.support.hierarchical.HierarchicalTestExecutor.execute(HierarchicalTestExecutor.java:57)
	at org.junit.platform.engine.support.hierarchical.HierarchicalTestEngine.execute(HierarchicalTestEngine.java:51)
	at org.junit.platform.launcher.core.DefaultLauncher.execute(DefaultLauncher.java:248)
	at org.junit.platform.launcher.core.DefaultLauncher.lambda$execute$5(DefaultLauncher.java:211)
	at org.junit.platform.launcher.core.DefaultLauncher.withInterceptedStreams(DefaultLauncher.java:226)
	at org.junit.platform.launcher.core.DefaultLauncher.execute(DefaultLauncher.java:199)
	at org.junit.platform.launcher.core.DefaultLauncher.execute(DefaultLauncher.java:132)
	at org.apache.maven.surefire.junitplatform.JUnitPlatformProvider.execute(JUnitPlatformProvider.java:188)
	at org.apache.maven.surefire.junitplatform.JUnitPlatformProvider.invokeAllTests(JUnitPlatformProvider.java:154)
	at org.apache.maven.surefire.junitplatform.JUnitPlatformProvider.invoke(JUnitPlatformProvider.java:128)
	at org.apache.maven.surefire.booter.ForkedBooter.runSuitesInProcess(ForkedBooter.java:428)
	at org.apache.maven.surefire.booter.ForkedBooter.execute(ForkedBooter.java:162)
	at org.apache.maven.surefire.booter.ForkedBooter.run(ForkedBooter.java:562)
	at org.apache.maven.surefire.booter.ForkedBooter.main(ForkedBooter.java:548)
2022-06-01 23:15:56 jdbc[3]: 
/**/PreparedStatement prep1 = conn0.prepareStatement("SELECT 1", 1003, 1007);
2022-06-01 23:15:56 jdbc[3]: Plan       : calculate cost for plan [DUAL:0:org.h2.table.DualTable@3638d26e]
2022-06-01 23:15:56 jdbc[3]: Plan       :   for table filter DUAL:0:org.h2.table.DualTable@3638d26e
2022-06-01 23:15:56 jdbc[3]: Table      :     potential plan item cost 1 index dual index
2022-06-01 23:15:56 jdbc[3]: Plan       :   best plan item cost 1 index dual index
2022-06-01 23:15:56 jdbc[3]: Plan       : plan cost 2
2022-06-01 23:15:56 jdbc[3]: 
/**/ResultSet rs1 = prep1.executeQuery();
2022-06-01 23:15:56 jdbc[3]: 
/*SQL #:1 t:4*/SELECT 1;
2022-06-01 23:15:56 jdbc[3]: 
/**/rs1.close();
2022-06-01 23:15:56 jdbc[3]: 
/**/prep1.close();
2022-06-01 23:15:56 jdbc[3]: 
/**/conn0.setClientInfo(properties);
2022-06-01 23:15:56 jdbc[3]: 
/**/conn0.getClientInfo();
2022-06-01 23:15:56 jdbc[3]: 
/**/PreparedStatement prep2 = conn0.prepareStatement("CREATE TABLE public.estado (id_estado INTEGER IDENTITY NOT NULL, fecha_creacion DATE, nombre VARCHAR(155), observaciones VARCHAR(2147483647), PRIMARY KEY (id_estado))", 1003, 1007);
2022-06-01 23:15:56 jdbc[3]: 
/**/prep2.executeUpdate();
2022-06-01 23:15:56 lock: 3 exclusive write lock requesting for SYS 
2022-06-01 23:15:56 lock: 3 exclusive write lock added for SYS 
2022-06-01 23:15:56 lock: 3 exclusive write lock unlock SYS 
2022-06-01 23:15:56 lock: 3 exclusive write lock requesting for SYS 
2022-06-01 23:15:56 lock: 3 exclusive write lock added for SYS 
2022-06-01 23:15:56 lock: 3 exclusive write lock requesting for ESTADO 
2022-06-01 23:15:56 lock: 3 exclusive write lock added for ESTADO 
2022-06-01 23:15:56 jdbc[3]: 
/*SQL t:10*/CREATE TABLE public.estado (id_estado INTEGER IDENTITY NOT NULL, fecha_creacion DATE, nombre VARCHAR(155), observaciones VARCHAR(2147483647), PRIMARY KEY (id_estado));
2022-06-01 23:15:56 lock: 3 exclusive write lock unlock SYS 
2022-06-01 23:15:56 lock: 3 exclusive write lock unlock ESTADO 
2022-06-01 23:15:56 jdbc[3]: 
/**/prep2.close();
2022-06-01 23:15:56 jdbc[3]: 
/**/conn0.setClientInfo(properties);
2022-06-01 23:15:56 jdbc[3]: 
/**/conn0.getClientInfo();
2022-06-01 23:15:56 jdbc[3]: 
/**/PreparedStatement prep3 = conn0.prepareStatement("SELECT 1 FROM public.objeto", 1003, 1007);
2022-06-01 23:15:56 jdbc[3]: exception
org.h2.jdbc.JdbcSQLSyntaxErrorException: Tabla "OBJETO" no encontrada
Table "OBJETO" not found; SQL statement:
SELECT 1 FROM public.objeto [42102-200]
	at org.h2.message.DbException.getJdbcSQLException(DbException.java:453)
	at org.h2.message.DbException.getJdbcSQLException(DbException.java:429)
	at org.h2.message.DbException.get(DbException.java:205)
	at org.h2.message.DbException.get(DbException.java:181)
	at org.h2.command.Parser.readTableOrView(Parser.java:7628)
	at org.h2.command.Parser.readTableFilter(Parser.java:1970)
	at org.h2.command.Parser.parseSelectFromPart(Parser.java:2827)
	at org.h2.command.Parser.parseSelect(Parser.java:2959)
	at org.h2.command.Parser.parseQuerySub(Parser.java:2817)
	at org.h2.command.Parser.parseSelectUnion(Parser.java:2649)
	at org.h2.command.Parser.parseQuery(Parser.java:2620)
	at org.h2.command.Parser.parsePrepared(Parser.java:868)
	at org.h2.command.Parser.parse(Parser.java:843)
	at org.h2.command.Parser.parse(Parser.java:815)
	at org.h2.command.Parser.prepareCommand(Parser.java:738)
	at org.h2.engine.Session.prepareLocal(Session.java:657)
	at org.h2.engine.Session.prepareCommand(Session.java:595)
	at org.h2.jdbc.JdbcConnection.prepareCommand(JdbcConnection.java:1235)
	at org.h2.jdbc.JdbcPreparedStatement.<init>(JdbcPreparedStatement.java:76)
	at org.h2.jdbc.JdbcConnection.prepareStatement(JdbcConnection.java:734)
	at com.sun.gjc.spi.base.ConnectionHolder.prepareStatement(ConnectionHolder.java:609)
	at com.sun.gjc.spi.jdbc40.ConnectionWrapper40.prepareCachedStatement(ConnectionWrapper40.java:271)
	at com.sun.gjc.spi.jdbc40.ConnectionWrapper40.prepareCachedStatement(ConnectionWrapper40.java:53)
	at com.sun.gjc.spi.ManagedConnectionImpl.prepareCachedStatement(ManagedConnectionImpl.java:1080)
	at com.sun.gjc.spi.jdbc40.ConnectionWrapper40.prepareStatement(ConnectionWrapper40.java:183)
	at org.eclipse.persistence.internal.databaseaccess.DatabaseAccessor.prepareStatement(DatabaseAccessor.java:1600)
	at org.eclipse.persistence.internal.databaseaccess.DatabaseAccessor.prepareStatement(DatabaseAccessor.java:1549)
	at org.eclipse.persistence.internal.databaseaccess.DatabaseCall.prepareStatement(DatabaseCall.java:806)
	at org.eclipse.persistence.internal.databaseaccess.DatabaseAccessor.basicExecuteCall(DatabaseAccessor.java:628)
	at org.eclipse.persistence.internal.databaseaccess.DatabaseAccessor.executeCall(DatabaseAccessor.java:567)
	at org.eclipse.persistence.internal.sessions.AbstractSession.basicExecuteCall(AbstractSession.java:2105)
	at org.eclipse.persistence.sessions.server.ServerSession.executeCall(ServerSession.java:603)
	at org.eclipse.persistence.internal.queries.DatasourceCallQueryMechanism.executeCall(DatasourceCallQueryMechanism.java:277)
	at org.eclipse.persistence.internal.queries.DatasourceCallQueryMechanism.executeCall(DatasourceCallQueryMechanism.java:263)
	at org.eclipse.persistence.internal.queries.DatasourceCallQueryMechanism.executeSelectCall(DatasourceCallQueryMechanism.java:334)
	at org.eclipse.persistence.internal.queries.DatasourceCallQueryMechanism.executeSelect(DatasourceCallQueryMechanism.java:316)
	at org.eclipse.persistence.queries.DataReadQuery.executeNonCursor(DataReadQuery.java:199)
	at org.eclipse.persistence.queries.DataReadQuery.executeDatabaseQuery(DataReadQuery.java:154)
	at org.eclipse.persistence.queries.DatabaseQuery.execute(DatabaseQuery.java:911)
	at org.eclipse.persistence.queries.DataReadQuery.execute(DataReadQuery.java:139)
	at org.eclipse.persistence.internal.sessions.AbstractSession.internalExecuteQuery(AbstractSession.java:3367)
	at org.eclipse.persistence.internal.sessions.AbstractSession.executeQuery(AbstractSession.java:1898)
	at org.eclipse.persistence.internal.sessions.AbstractSession.executeQuery(AbstractSession.java:1880)
	at org.eclipse.persistence.internal.sessions.AbstractSession.executeQuery(AbstractSession.java:1830)
	at org.eclipse.persistence.internal.databaseaccess.DatabasePlatform.checkTableExists(DatabasePlatform.java:3792)
	at org.eclipse.persistence.tools.schemaframework.SchemaManager.checkTableExists(SchemaManager.java:467)
	at org.eclipse.persistence.tools.schemaframework.SchemaManager.checkTableExists(SchemaManager.java:480)
	at org.eclipse.persistence.tools.schemaframework.TableCreator.createTables(TableCreator.java:169)
	at org.eclipse.persistence.tools.schemaframework.TableCreator.createTables(TableCreator.java:151)
	at org.eclipse.persistence.tools.schemaframework.TableCreator.createTables(TableCreator.java:143)
	at org.eclipse.persistence.tools.schemaframework.SchemaManager.createDefaultTables(SchemaManager.java:1030)
	at org.eclipse.persistence.internal.jpa.EntityManagerFactoryProvider.generateDefaultTables(EntityManagerFactoryProvider.java:113)
	at org.eclipse.persistence.internal.jpa.EntityManagerSetupImpl.writeDDLToDatabase(EntityManagerSetupImpl.java:4695)
	at org.eclipse.persistence.internal.jpa.EntityManagerSetupImpl.writeMetadataDDLToDatabase(EntityManagerSetupImpl.java:4762)
	at org.eclipse.persistence.internal.jpa.EntityManagerSetupImpl.writeDDL(EntityManagerSetupImpl.java:4661)
	at org.eclipse.persistence.internal.jpa.EntityManagerSetupImpl.writeDDL(EntityManagerSetupImpl.java:4534)
	at org.eclipse.persistence.internal.jpa.EntityManagerSetupImpl.deploy(EntityManagerSetupImpl.java:820)
	at org.eclipse.persistence.internal.jpa.EntityManagerFactoryDelegate.getAbstractSession(EntityManagerFactoryDelegate.java:222)
	at org.eclipse.persistence.internal.jpa.EntityManagerFactoryDelegate.getDatabaseSession(EntityManagerFactoryDelegate.java:200)
	at org.eclipse.persistence.internal.jpa.EntityManagerFactoryImpl.getDatabaseSession(EntityManagerFactoryImpl.java:542)
	at org.eclipse.persistence.jpa.PersistenceProvider.createContainerEntityManagerFactoryImpl(PersistenceProvider.java:388)
	at org.eclipse.persistence.jpa.PersistenceProvider.createContainerEntityManagerFactory(PersistenceProvider.java:316)
	at org.glassfish.persistence.jpa.PersistenceUnitLoader.loadPU(PersistenceUnitLoader.java:207)
	at org.glassfish.persistence.jpa.PersistenceUnitLoader.<init>(PersistenceUnitLoader.java:114)
	at org.glassfish.persistence.jpa.JPADeployer$1.visitPUD(JPADeployer.java:267)
	at org.glassfish.persistence.jpa.JPADeployer$PersistenceUnitDescriptorIterator.iteratePUDs(JPADeployer.java:571)
	at org.glassfish.persistence.jpa.JPADeployer.createEMFs(JPADeployer.java:286)
	at org.glassfish.persistence.jpa.JPADeployer.prepare(JPADeployer.java:183)
	at com.sun.enterprise.v3.server.ApplicationLifecycle.prepareModule(ApplicationLifecycle.java:1131)
	at com.sun.enterprise.v3.server.ApplicationLifecycle.prepare(ApplicationLifecycle.java:504)
	at org.glassfish.deployment.admin.DeployCommand.execute(DeployCommand.java:588)
	at com.sun.enterprise.v3.admin.CommandRunnerImpl$2$1.run(CommandRunnerImpl.java:556)
	at com.sun.enterprise.v3.admin.CommandRunnerImpl$2$1.run(CommandRunnerImpl.java:552)
	at java.base/java.security.AccessController.doPrivileged(Native Method)
	at java.base/javax.security.auth.Subject.doAs(Subject.java:361)
	at com.sun.enterprise.v3.admin.CommandRunnerImpl$2.execute(CommandRunnerImpl.java:551)
	at com.sun.enterprise.v3.admin.CommandRunnerImpl$3.run(CommandRunnerImpl.java:582)
	at com.sun.enterprise.v3.admin.CommandRunnerImpl$3.run(CommandRunnerImpl.java:574)
	at java.base/java.security.AccessController.doPrivileged(Native Method)
	at java.base/javax.security.auth.Subject.doAs(Subject.java:361)
	at com.sun.enterprise.v3.admin.CommandRunnerImpl.doCommand(CommandRunnerImpl.java:573)
	at com.sun.enterprise.v3.admin.CommandRunnerImpl.doCommand(CommandRunnerImpl.java:1497)
	at com.sun.enterprise.v3.admin.CommandRunnerImpl.access$1300(CommandRunnerImpl.java:120)
	at com.sun.enterprise.v3.admin.CommandRunnerImpl$ExecutionContext.execute(CommandRunnerImpl.java:1879)
	at com.sun.enterprise.v3.admin.CommandRunnerImpl$ExecutionContext.execute(CommandRunnerImpl.java:1755)
	at com.sun.enterprise.admin.cli.embeddable.DeployerImpl.deploy(DeployerImpl.java:131)
	at com.sun.enterprise.admin.cli.embeddable.DeployerImpl.deploy(DeployerImpl.java:104)
	at fish.payara.arquillian.container.payara.embedded.PayaraContainer.deploy(PayaraContainer.java:236)
	at org.jboss.arquillian.container.impl.client.container.ContainerDeployController$3.call(ContainerDeployController.java:151)
	at org.jboss.arquillian.container.impl.client.container.ContainerDeployController$3.call(ContainerDeployController.java:118)
	at org.jboss.arquillian.container.impl.client.container.ContainerDeployController.executeOperation(ContainerDeployController.java:239)
	at org.jboss.arquillian.container.impl.client.container.ContainerDeployController.deploy(ContainerDeployController.java:118)
	at java.base/jdk.internal.reflect.NativeMethodAccessorImpl.invoke0(Native Method)
	at java.base/jdk.internal.reflect.NativeMethodAccessorImpl.invoke(NativeMethodAccessorImpl.java:62)
	at java.base/jdk.internal.reflect.DelegatingMethodAccessorImpl.invoke(DelegatingMethodAccessorImpl.java:43)
	at java.base/java.lang.reflect.Method.invoke(Method.java:566)
	at org.jboss.arquillian.core.impl.ObserverImpl.invoke(ObserverImpl.java:86)
	at org.jboss.arquillian.core.impl.EventContextImpl.invokeObservers(EventContextImpl.java:103)
	at org.jboss.arquillian.core.impl.EventContextImpl.proceed(EventContextImpl.java:90)
	at org.jboss.arquillian.container.impl.client.ContainerDeploymentContextHandler.createDeploymentContext(ContainerDeploymentContextHandler.java:71)
	at java.base/jdk.internal.reflect.NativeMethodAccessorImpl.invoke0(Native Method)
	at java.base/jdk.internal.reflect.NativeMethodAccessorImpl.invoke(NativeMethodAccessorImpl.java:62)
	at java.base/jdk.internal.reflect.DelegatingMethodAccessorImpl.invoke(DelegatingMethodAccessorImpl.java:43)
	at java.base/java.lang.reflect.Method.invoke(Method.java:566)
	at org.jboss.arquillian.core.impl.ObserverImpl.invoke(ObserverImpl.java:86)
	at org.jboss.arquillian.core.impl.EventContextImpl.proceed(EventContextImpl.java:95)
	at org.jboss.arquillian.container.impl.client.ContainerDeploymentContextHandler.createContainerContext(ContainerDeploymentContextHandler.java:54)
	at java.base/jdk.internal.reflect.NativeMethodAccessorImpl.invoke0(Native Method)
	at java.base/jdk.internal.reflect.NativeMethodAccessorImpl.invoke(NativeMethodAccessorImpl.java:62)
	at java.base/jdk.internal.reflect.DelegatingMethodAccessorImpl.invoke(DelegatingMethodAccessorImpl.java:43)
	at java.base/java.lang.reflect.Method.invoke(Method.java:566)
	at org.jboss.arquillian.core.impl.ObserverImpl.invoke(ObserverImpl.java:86)
	at org.jboss.arquillian.core.impl.EventContextImpl.proceed(EventContextImpl.java:95)
	at org.jboss.arquillian.container.impl.client.container.DeploymentExceptionHandler.verifyExpectedExceptionDuringDeploy(DeploymentExceptionHandler.java:47)
	at java.base/jdk.internal.reflect.NativeMethodAccessorImpl.invoke0(Native Method)
	at java.base/jdk.internal.reflect.NativeMethodAccessorImpl.invoke(NativeMethodAccessorImpl.java:62)
	at java.base/jdk.internal.reflect.DelegatingMethodAccessorImpl.invoke(DelegatingMethodAccessorImpl.java:43)
	at java.base/java.lang.reflect.Method.invoke(Method.java:566)
	at org.jboss.arquillian.core.impl.ObserverImpl.invoke(ObserverImpl.java:86)
	at org.jboss.arquillian.core.impl.EventContextImpl.proceed(EventContextImpl.java:95)
	at org.jboss.arquillian.core.impl.ManagerImpl.fire(ManagerImpl.java:133)
	at org.jboss.arquillian.core.impl.ManagerImpl.fire(ManagerImpl.java:105)
	at org.jboss.arquillian.core.impl.EventImpl.fire(EventImpl.java:62)
	at org.jboss.arquillian.container.impl.client.container.ContainerDeployController$1.perform(ContainerDeployController.java:92)
	at org.jboss.arquillian.container.impl.client.container.ContainerDeployController$1.perform(ContainerDeployController.java:77)
	at org.jboss.arquillian.container.impl.client.container.ContainerDeployController.forEachDeployment(ContainerDeployController.java:232)
	at org.jboss.arquillian.container.impl.client.container.ContainerDeployController.forEachManagedDeployment(ContainerDeployController.java:212)
	at org.jboss.arquillian.container.impl.client.container.ContainerDeployController.deployManaged(ContainerDeployController.java:77)
	at java.base/jdk.internal.reflect.NativeMethodAccessorImpl.invoke0(Native Method)
	at java.base/jdk.internal.reflect.NativeMethodAccessorImpl.invoke(NativeMethodAccessorImpl.java:62)
	at java.base/jdk.internal.reflect.DelegatingMethodAccessorImpl.invoke(DelegatingMethodAccessorImpl.java:43)
	at java.base/java.lang.reflect.Method.invoke(Method.java:566)
	at org.jboss.arquillian.core.impl.ObserverImpl.invoke(ObserverImpl.java:86)
	at org.jboss.arquillian.core.impl.EventContextImpl.invokeObservers(EventContextImpl.java:103)
	at org.jboss.arquillian.core.impl.EventContextImpl.proceed(EventContextImpl.java:90)
	at org.jboss.arquillian.core.impl.ManagerImpl.fire(ManagerImpl.java:133)
	at org.jboss.arquillian.core.impl.ManagerImpl.fire(ManagerImpl.java:105)
	at org.jboss.arquillian.core.impl.EventImpl.fire(EventImpl.java:62)
	at org.jboss.arquillian.container.test.impl.client.ContainerEventController.execute(ContainerEventController.java:96)
	at java.base/jdk.internal.reflect.NativeMethodAccessorImpl.invoke0(Native Method)
	at java.base/jdk.internal.reflect.NativeMethodAccessorImpl.invoke(NativeMethodAccessorImpl.java:62)
	at java.base/jdk.internal.reflect.DelegatingMethodAccessorImpl.invoke(DelegatingMethodAccessorImpl.java:43)
	at java.base/java.lang.reflect.Method.invoke(Method.java:566)
	at org.jboss.arquillian.core.impl.ObserverImpl.invoke(ObserverImpl.java:86)
	at org.jboss.arquillian.core.impl.EventContextImpl.invokeObservers(EventContextImpl.java:103)
	at org.jboss.arquillian.core.impl.EventContextImpl.proceed(EventContextImpl.java:90)
	at org.jboss.arquillian.test.impl.TestContextHandler.createClassContext(TestContextHandler.java:83)
	at java.base/jdk.internal.reflect.NativeMethodAccessorImpl.invoke0(Native Method)
	at java.base/jdk.internal.reflect.NativeMethodAccessorImpl.invoke(NativeMethodAccessorImpl.java:62)
	at java.base/jdk.internal.reflect.DelegatingMethodAccessorImpl.invoke(DelegatingMethodAccessorImpl.java:43)
	at java.base/java.lang.reflect.Method.invoke(Method.java:566)
	at org.jboss.arquillian.core.impl.ObserverImpl.invoke(ObserverImpl.java:86)
	at org.jboss.arquillian.core.impl.EventContextImpl.proceed(EventContextImpl.java:95)
	at org.jboss.arquillian.test.impl.TestContextHandler.createSuiteContext(TestContextHandler.java:69)
	at java.base/jdk.internal.reflect.NativeMethodAccessorImpl.invoke0(Native Method)
	at java.base/jdk.internal.reflect.NativeMethodAccessorImpl.invoke(NativeMethodAccessorImpl.java:62)
	at java.base/jdk.internal.reflect.DelegatingMethodAccessorImpl.invoke(DelegatingMethodAccessorImpl.java:43)
	at java.base/java.lang.reflect.Method.invoke(Method.java:566)
	at org.jboss.arquillian.core.impl.ObserverImpl.invoke(ObserverImpl.java:86)
	at org.jboss.arquillian.core.impl.EventContextImpl.proceed(EventContextImpl.java:95)
	at org.jboss.arquillian.core.impl.ManagerImpl.fire(ManagerImpl.java:133)
	at org.jboss.arquillian.core.impl.ManagerImpl.fire(ManagerImpl.java:105)
	at org.jboss.arquillian.test.impl.EventTestRunnerAdaptor.beforeClass(EventTestRunnerAdaptor.java:89)
	at org.jboss.arquillian.junit5.ArquillianExtension.beforeAll(ArquillianExtension.java:35)
	at org.junit.jupiter.engine.descriptor.ClassBasedTestDescriptor.lambda$invokeBeforeAllCallbacks$7(ClassBasedTestDescriptor.java:359)
	at org.junit.platform.engine.support.hierarchical.ThrowableCollector.execute(ThrowableCollector.java:73)
	at org.junit.jupiter.engine.descriptor.ClassBasedTestDescriptor.invokeBeforeAllCallbacks(ClassBasedTestDescriptor.java:359)
	at org.junit.jupiter.engine.descriptor.ClassBasedTestDescriptor.before(ClassBasedTestDescriptor.java:189)
	at org.junit.jupiter.engine.descriptor.ClassBasedTestDescriptor.before(ClassBasedTestDescriptor.java:78)
	at org.junit.platform.engine.support.hierarchical.NodeTestTask.lambda$executeRecursively$5(NodeTestTask.java:132)
	at org.junit.platform.engine.support.hierarchical.ThrowableCollector.execute(ThrowableCollector.java:73)
	at org.junit.platform.engine.support.hierarchical.NodeTestTask.lambda$executeRecursively$7(NodeTestTask.java:125)
	at org.junit.platform.engine.support.hierarchical.Node.around(Node.java:135)
	at org.junit.platform.engine.support.hierarchical.NodeTestTask.lambda$executeRecursively$8(NodeTestTask.java:123)
	at org.junit.platform.engine.support.hierarchical.ThrowableCollector.execute(ThrowableCollector.java:73)
	at org.junit.platform.engine.support.hierarchical.NodeTestTask.executeRecursively(NodeTestTask.java:122)
	at org.junit.platform.engine.support.hierarchical.NodeTestTask.execute(NodeTestTask.java:80)
	at java.base/java.util.ArrayList.forEach(ArrayList.java:1541)
	at org.junit.platform.engine.support.hierarchical.SameThreadHierarchicalTestExecutorService.invokeAll(SameThreadHierarchicalTestExecutorService.java:38)
	at org.junit.platform.engine.support.hierarchical.NodeTestTask.lambda$executeRecursively$5(NodeTestTask.java:139)
	at org.junit.platform.engine.support.hierarchical.ThrowableCollector.execute(ThrowableCollector.java:73)
	at org.junit.platform.engine.support.hierarchical.NodeTestTask.lambda$executeRecursively$7(NodeTestTask.java:125)
	at org.junit.platform.engine.support.hierarchical.Node.around(Node.java:135)
	at org.junit.platform.engine.support.hierarchical.NodeTestTask.lambda$executeRecursively$8(NodeTestTask.java:123)
	at org.junit.platform.engine.support.hierarchical.ThrowableCollector.execute(ThrowableCollector.java:73)
	at org.junit.platform.engine.support.hierarchical.NodeTestTask.executeRecursively(NodeTestTask.java:122)
	at org.junit.platform.engine.support.hierarchical.NodeTestTask.execute(NodeTestTask.java:80)
	at org.junit.platform.engine.support.hierarchical.SameThreadHierarchicalTestExecutorService.submit(SameThreadHierarchicalTestExecutorService.java:32)
	at org.junit.platform.engine.support.hierarchical.HierarchicalTestExecutor.execute(HierarchicalTestExecutor.java:57)
	at org.junit.platform.engine.support.hierarchical.HierarchicalTestEngine.execute(HierarchicalTestEngine.java:51)
	at org.junit.platform.launcher.core.DefaultLauncher.execute(DefaultLauncher.java:248)
	at org.junit.platform.launcher.core.DefaultLauncher.lambda$execute$5(DefaultLauncher.java:211)
	at org.junit.platform.launcher.core.DefaultLauncher.withInterceptedStreams(DefaultLauncher.java:226)
	at org.junit.platform.launcher.core.DefaultLauncher.execute(DefaultLauncher.java:199)
	at org.junit.platform.launcher.core.DefaultLauncher.execute(DefaultLauncher.java:132)
	at org.apache.maven.surefire.junitplatform.JUnitPlatformProvider.execute(JUnitPlatformProvider.java:188)
	at org.apache.maven.surefire.junitplatform.JUnitPlatformProvider.invokeAllTests(JUnitPlatformProvider.java:154)
	at org.apache.maven.surefire.junitplatform.JUnitPlatformProvider.invoke(JUnitPlatformProvider.java:128)
	at org.apache.maven.surefire.booter.ForkedBooter.runSuitesInProcess(ForkedBooter.java:428)
	at org.apache.maven.surefire.booter.ForkedBooter.execute(ForkedBooter.java:162)
	at org.apache.maven.surefire.booter.ForkedBooter.run(ForkedBooter.java:562)
	at org.apache.maven.surefire.booter.ForkedBooter.main(ForkedBooter.java:548)
2022-06-01 23:15:56 jdbc[3]: 
/**/PreparedStatement prep4 = conn0.prepareStatement("SELECT 1", 1003, 1007);
2022-06-01 23:15:56 jdbc[3]: Plan       : calculate cost for plan [DUAL:0:org.h2.table.DualTable@19710bed]
2022-06-01 23:15:56 jdbc[3]: Plan       :   for table filter DUAL:0:org.h2.table.DualTable@19710bed
2022-06-01 23:15:56 jdbc[3]: Table      :     potential plan item cost 1 index dual index
2022-06-01 23:15:56 jdbc[3]: Plan       :   best plan item cost 1 index dual index
2022-06-01 23:15:56 jdbc[3]: Plan       : plan cost 2
2022-06-01 23:15:56 jdbc[3]: 
/**/ResultSet rs2 = prep4.executeQuery();
2022-06-01 23:15:56 jdbc[3]: 
/*SQL #:1*/SELECT 1;
2022-06-01 23:15:56 jdbc[3]: 
/**/rs2.close();
2022-06-01 23:15:56 jdbc[3]: 
/**/prep4.close();
2022-06-01 23:15:56 jdbc[3]: 
/**/conn0.setClientInfo(properties);
2022-06-01 23:15:56 jdbc[3]: 
/**/conn0.getClientInfo();
2022-06-01 23:15:56 jdbc[3]: 
/**/PreparedStatement prep5 = conn0.prepareStatement("CREATE TABLE public.objeto (id_objeto BIGINT IDENTITY NOT NULL, latitud NUMERIC(9,6), longitud NUMERIC(8,6), nombre VARCHAR(155), observaciones VARCHAR(2147483647), id_tipo_objeto INTEGER, PRIMARY KEY (id_objeto))", 1003, 1007);
2022-06-01 23:15:56 jdbc[3]: 
/**/prep5.executeUpdate();
2022-06-01 23:15:56 lock: 3 exclusive write lock requesting for SYS 
2022-06-01 23:15:56 lock: 3 exclusive write lock added for SYS 
2022-06-01 23:15:56 lock: 3 exclusive write lock unlock SYS 
2022-06-01 23:15:56 lock: 3 exclusive write lock requesting for SYS 
2022-06-01 23:15:56 lock: 3 exclusive write lock added for SYS 
2022-06-01 23:15:56 lock: 3 exclusive write lock requesting for OBJETO 
2022-06-01 23:15:56 lock: 3 exclusive write lock added for OBJETO 
2022-06-01 23:15:56 jdbc[3]: 
/*SQL t:3*/CREATE TABLE public.objeto (id_objeto BIGINT IDENTITY NOT NULL, latitud NUMERIC(9,6), longitud NUMERIC(8,6), nombre VARCHAR(155), observaciones VARCHAR(2147483647), id_tipo_objeto INTEGER, PRIMARY KEY (id_objeto));
2022-06-01 23:15:56 lock: 3 exclusive write lock unlock SYS 
2022-06-01 23:15:56 lock: 3 exclusive write lock unlock OBJETO 
2022-06-01 23:15:56 jdbc[3]: 
/**/prep5.close();
2022-06-01 23:15:56 jdbc[3]: 
/**/conn0.setClientInfo(properties);
2022-06-01 23:15:56 jdbc[3]: 
/**/conn0.getClientInfo();
2022-06-01 23:15:56 jdbc[3]: 
/**/PreparedStatement prep6 = conn0.prepareStatement("SELECT 1 FROM public.objeto_estado", 1003, 1007);
2022-06-01 23:15:56 jdbc[3]: exception
org.h2.jdbc.JdbcSQLSyntaxErrorException: Tabla "OBJETO_ESTADO" no encontrada
Table "OBJETO_ESTADO" not found; SQL statement:
SELECT 1 FROM public.objeto_estado [42102-200]
	at org.h2.message.DbException.getJdbcSQLException(DbException.java:453)
	at org.h2.message.DbException.getJdbcSQLException(DbException.java:429)
	at org.h2.message.DbException.get(DbException.java:205)
	at org.h2.message.DbException.get(DbException.java:181)
	at org.h2.command.Parser.readTableOrView(Parser.java:7628)
	at org.h2.command.Parser.readTableFilter(Parser.java:1970)
	at org.h2.command.Parser.parseSelectFromPart(Parser.java:2827)
	at org.h2.command.Parser.parseSelect(Parser.java:2959)
	at org.h2.command.Parser.parseQuerySub(Parser.java:2817)
	at org.h2.command.Parser.parseSelectUnion(Parser.java:2649)
	at org.h2.command.Parser.parseQuery(Parser.java:2620)
	at org.h2.command.Parser.parsePrepared(Parser.java:868)
	at org.h2.command.Parser.parse(Parser.java:843)
	at org.h2.command.Parser.parse(Parser.java:815)
	at org.h2.command.Parser.prepareCommand(Parser.java:738)
	at org.h2.engine.Session.prepareLocal(Session.java:657)
	at org.h2.engine.Session.prepareCommand(Session.java:595)
	at org.h2.jdbc.JdbcConnection.prepareCommand(JdbcConnection.java:1235)
	at org.h2.jdbc.JdbcPreparedStatement.<init>(JdbcPreparedStatement.java:76)
	at org.h2.jdbc.JdbcConnection.prepareStatement(JdbcConnection.java:734)
	at com.sun.gjc.spi.base.ConnectionHolder.prepareStatement(ConnectionHolder.java:609)
	at com.sun.gjc.spi.jdbc40.ConnectionWrapper40.prepareCachedStatement(ConnectionWrapper40.java:271)
	at com.sun.gjc.spi.jdbc40.ConnectionWrapper40.prepareCachedStatement(ConnectionWrapper40.java:53)
	at com.sun.gjc.spi.ManagedConnectionImpl.prepareCachedStatement(ManagedConnectionImpl.java:1080)
	at com.sun.gjc.spi.jdbc40.ConnectionWrapper40.prepareStatement(ConnectionWrapper40.java:183)
	at org.eclipse.persistence.internal.databaseaccess.DatabaseAccessor.prepareStatement(DatabaseAccessor.java:1600)
	at org.eclipse.persistence.internal.databaseaccess.DatabaseAccessor.prepareStatement(DatabaseAccessor.java:1549)
	at org.eclipse.persistence.internal.databaseaccess.DatabaseCall.prepareStatement(DatabaseCall.java:806)
	at org.eclipse.persistence.internal.databaseaccess.DatabaseAccessor.basicExecuteCall(DatabaseAccessor.java:628)
	at org.eclipse.persistence.internal.databaseaccess.DatabaseAccessor.executeCall(DatabaseAccessor.java:567)
	at org.eclipse.persistence.internal.sessions.AbstractSession.basicExecuteCall(AbstractSession.java:2105)
	at org.eclipse.persistence.sessions.server.ServerSession.executeCall(ServerSession.java:603)
	at org.eclipse.persistence.internal.queries.DatasourceCallQueryMechanism.executeCall(DatasourceCallQueryMechanism.java:277)
	at org.eclipse.persistence.internal.queries.DatasourceCallQueryMechanism.executeCall(DatasourceCallQueryMechanism.java:263)
	at org.eclipse.persistence.internal.queries.DatasourceCallQueryMechanism.executeSelectCall(DatasourceCallQueryMechanism.java:334)
	at org.eclipse.persistence.internal.queries.DatasourceCallQueryMechanism.executeSelect(DatasourceCallQueryMechanism.java:316)
	at org.eclipse.persistence.queries.DataReadQuery.executeNonCursor(DataReadQuery.java:199)
	at org.eclipse.persistence.queries.DataReadQuery.executeDatabaseQuery(DataReadQuery.java:154)
	at org.eclipse.persistence.queries.DatabaseQuery.execute(DatabaseQuery.java:911)
	at org.eclipse.persistence.queries.DataReadQuery.execute(DataReadQuery.java:139)
	at org.eclipse.persistence.internal.sessions.AbstractSession.internalExecuteQuery(AbstractSession.java:3367)
	at org.eclipse.persistence.internal.sessions.AbstractSession.executeQuery(AbstractSession.java:1898)
	at org.eclipse.persistence.internal.sessions.AbstractSession.executeQuery(AbstractSession.java:1880)
	at org.eclipse.persistence.internal.sessions.AbstractSession.executeQuery(AbstractSession.java:1830)
	at org.eclipse.persistence.internal.databaseaccess.DatabasePlatform.checkTableExists(DatabasePlatform.java:3792)
	at org.eclipse.persistence.tools.schemaframework.SchemaManager.checkTableExists(SchemaManager.java:467)
	at org.eclipse.persistence.tools.schemaframework.SchemaManager.checkTableExists(SchemaManager.java:480)
	at org.eclipse.persistence.tools.schemaframework.TableCreator.createTables(TableCreator.java:169)
	at org.eclipse.persistence.tools.schemaframework.TableCreator.createTables(TableCreator.java:151)
	at org.eclipse.persistence.tools.schemaframework.TableCreator.createTables(TableCreator.java:143)
	at org.eclipse.persistence.tools.schemaframework.SchemaManager.createDefaultTables(SchemaManager.java:1030)
	at org.eclipse.persistence.internal.jpa.EntityManagerFactoryProvider.generateDefaultTables(EntityManagerFactoryProvider.java:113)
	at org.eclipse.persistence.internal.jpa.EntityManagerSetupImpl.writeDDLToDatabase(EntityManagerSetupImpl.java:4695)
	at org.eclipse.persistence.internal.jpa.EntityManagerSetupImpl.writeMetadataDDLToDatabase(EntityManagerSetupImpl.java:4762)
	at org.eclipse.persistence.internal.jpa.EntityManagerSetupImpl.writeDDL(EntityManagerSetupImpl.java:4661)
	at org.eclipse.persistence.internal.jpa.EntityManagerSetupImpl.writeDDL(EntityManagerSetupImpl.java:4534)
	at org.eclipse.persistence.internal.jpa.EntityManagerSetupImpl.deploy(EntityManagerSetupImpl.java:820)
	at org.eclipse.persistence.internal.jpa.EntityManagerFactoryDelegate.getAbstractSession(EntityManagerFactoryDelegate.java:222)
	at org.eclipse.persistence.internal.jpa.EntityManagerFactoryDelegate.getDatabaseSession(EntityManagerFactoryDelegate.java:200)
	at org.eclipse.persistence.internal.jpa.EntityManagerFactoryImpl.getDatabaseSession(EntityManagerFactoryImpl.java:542)
	at org.eclipse.persistence.jpa.PersistenceProvider.createContainerEntityManagerFactoryImpl(PersistenceProvider.java:388)
	at org.eclipse.persistence.jpa.PersistenceProvider.createContainerEntityManagerFactory(PersistenceProvider.java:316)
	at org.glassfish.persistence.jpa.PersistenceUnitLoader.loadPU(PersistenceUnitLoader.java:207)
	at org.glassfish.persistence.jpa.PersistenceUnitLoader.<init>(PersistenceUnitLoader.java:114)
	at org.glassfish.persistence.jpa.JPADeployer$1.visitPUD(JPADeployer.java:267)
	at org.glassfish.persistence.jpa.JPADeployer$PersistenceUnitDescriptorIterator.iteratePUDs(JPADeployer.java:571)
	at org.glassfish.persistence.jpa.JPADeployer.createEMFs(JPADeployer.java:286)
	at org.glassfish.persistence.jpa.JPADeployer.prepare(JPADeployer.java:183)
	at com.sun.enterprise.v3.server.ApplicationLifecycle.prepareModule(ApplicationLifecycle.java:1131)
	at com.sun.enterprise.v3.server.ApplicationLifecycle.prepare(ApplicationLifecycle.java:504)
	at org.glassfish.deployment.admin.DeployCommand.execute(DeployCommand.java:588)
	at com.sun.enterprise.v3.admin.CommandRunnerImpl$2$1.run(CommandRunnerImpl.java:556)
	at com.sun.enterprise.v3.admin.CommandRunnerImpl$2$1.run(CommandRunnerImpl.java:552)
	at java.base/java.security.AccessController.doPrivileged(Native Method)
	at java.base/javax.security.auth.Subject.doAs(Subject.java:361)
	at com.sun.enterprise.v3.admin.CommandRunnerImpl$2.execute(CommandRunnerImpl.java:551)
	at com.sun.enterprise.v3.admin.CommandRunnerImpl$3.run(CommandRunnerImpl.java:582)
	at com.sun.enterprise.v3.admin.CommandRunnerImpl$3.run(CommandRunnerImpl.java:574)
	at java.base/java.security.AccessController.doPrivileged(Native Method)
	at java.base/javax.security.auth.Subject.doAs(Subject.java:361)
	at com.sun.enterprise.v3.admin.CommandRunnerImpl.doCommand(CommandRunnerImpl.java:573)
	at com.sun.enterprise.v3.admin.CommandRunnerImpl.doCommand(CommandRunnerImpl.java:1497)
	at com.sun.enterprise.v3.admin.CommandRunnerImpl.access$1300(CommandRunnerImpl.java:120)
	at com.sun.enterprise.v3.admin.CommandRunnerImpl$ExecutionContext.execute(CommandRunnerImpl.java:1879)
	at com.sun.enterprise.v3.admin.CommandRunnerImpl$ExecutionContext.execute(CommandRunnerImpl.java:1755)
	at com.sun.enterprise.admin.cli.embeddable.DeployerImpl.deploy(DeployerImpl.java:131)
	at com.sun.enterprise.admin.cli.embeddable.DeployerImpl.deploy(DeployerImpl.java:104)
	at fish.payara.arquillian.container.payara.embedded.PayaraContainer.deploy(PayaraContainer.java:236)
	at org.jboss.arquillian.container.impl.client.container.ContainerDeployController$3.call(ContainerDeployController.java:151)
	at org.jboss.arquillian.container.impl.client.container.ContainerDeployController$3.call(ContainerDeployController.java:118)
	at org.jboss.arquillian.container.impl.client.container.ContainerDeployController.executeOperation(ContainerDeployController.java:239)
	at org.jboss.arquillian.container.impl.client.container.ContainerDeployController.deploy(ContainerDeployController.java:118)
	at java.base/jdk.internal.reflect.NativeMethodAccessorImpl.invoke0(Native Method)
	at java.base/jdk.internal.reflect.NativeMethodAccessorImpl.invoke(NativeMethodAccessorImpl.java:62)
	at java.base/jdk.internal.reflect.DelegatingMethodAccessorImpl.invoke(DelegatingMethodAccessorImpl.java:43)
	at java.base/java.lang.reflect.Method.invoke(Method.java:566)
	at org.jboss.arquillian.core.impl.ObserverImpl.invoke(ObserverImpl.java:86)
	at org.jboss.arquillian.core.impl.EventContextImpl.invokeObservers(EventContextImpl.java:103)
	at org.jboss.arquillian.core.impl.EventContextImpl.proceed(EventContextImpl.java:90)
	at org.jboss.arquillian.container.impl.client.ContainerDeploymentContextHandler.createDeploymentContext(ContainerDeploymentContextHandler.java:71)
	at java.base/jdk.internal.reflect.NativeMethodAccessorImpl.invoke0(Native Method)
	at java.base/jdk.internal.reflect.NativeMethodAccessorImpl.invoke(NativeMethodAccessorImpl.java:62)
	at java.base/jdk.internal.reflect.DelegatingMethodAccessorImpl.invoke(DelegatingMethodAccessorImpl.java:43)
	at java.base/java.lang.reflect.Method.invoke(Method.java:566)
	at org.jboss.arquillian.core.impl.ObserverImpl.invoke(ObserverImpl.java:86)
	at org.jboss.arquillian.core.impl.EventContextImpl.proceed(EventContextImpl.java:95)
	at org.jboss.arquillian.container.impl.client.ContainerDeploymentContextHandler.createContainerContext(ContainerDeploymentContextHandler.java:54)
	at java.base/jdk.internal.reflect.NativeMethodAccessorImpl.invoke0(Native Method)
	at java.base/jdk.internal.reflect.NativeMethodAccessorImpl.invoke(NativeMethodAccessorImpl.java:62)
	at java.base/jdk.internal.reflect.DelegatingMethodAccessorImpl.invoke(DelegatingMethodAccessorImpl.java:43)
	at java.base/java.lang.reflect.Method.invoke(Method.java:566)
	at org.jboss.arquillian.core.impl.ObserverImpl.invoke(ObserverImpl.java:86)
	at org.jboss.arquillian.core.impl.EventContextImpl.proceed(EventContextImpl.java:95)
	at org.jboss.arquillian.container.impl.client.container.DeploymentExceptionHandler.verifyExpectedExceptionDuringDeploy(DeploymentExceptionHandler.java:47)
	at java.base/jdk.internal.reflect.NativeMethodAccessorImpl.invoke0(Native Method)
	at java.base/jdk.internal.reflect.NativeMethodAccessorImpl.invoke(NativeMethodAccessorImpl.java:62)
	at java.base/jdk.internal.reflect.DelegatingMethodAccessorImpl.invoke(DelegatingMethodAccessorImpl.java:43)
	at java.base/java.lang.reflect.Method.invoke(Method.java:566)
	at org.jboss.arquillian.core.impl.ObserverImpl.invoke(ObserverImpl.java:86)
	at org.jboss.arquillian.core.impl.EventContextImpl.proceed(EventContextImpl.java:95)
	at org.jboss.arquillian.core.impl.ManagerImpl.fire(ManagerImpl.java:133)
	at org.jboss.arquillian.core.impl.ManagerImpl.fire(ManagerImpl.java:105)
	at org.jboss.arquillian.core.impl.EventImpl.fire(EventImpl.java:62)
	at org.jboss.arquillian.container.impl.client.container.ContainerDeployController$1.perform(ContainerDeployController.java:92)
	at org.jboss.arquillian.container.impl.client.container.ContainerDeployController$1.perform(ContainerDeployController.java:77)
	at org.jboss.arquillian.container.impl.client.container.ContainerDeployController.forEachDeployment(ContainerDeployController.java:232)
	at org.jboss.arquillian.container.impl.client.container.ContainerDeployController.forEachManagedDeployment(ContainerDeployController.java:212)
	at org.jboss.arquillian.container.impl.client.container.ContainerDeployController.deployManaged(ContainerDeployController.java:77)
	at java.base/jdk.internal.reflect.NativeMethodAccessorImpl.invoke0(Native Method)
	at java.base/jdk.internal.reflect.NativeMethodAccessorImpl.invoke(NativeMethodAccessorImpl.java:62)
	at java.base/jdk.internal.reflect.DelegatingMethodAccessorImpl.invoke(DelegatingMethodAccessorImpl.java:43)
	at java.base/java.lang.reflect.Method.invoke(Method.java:566)
	at org.jboss.arquillian.core.impl.ObserverImpl.invoke(ObserverImpl.java:86)
	at org.jboss.arquillian.core.impl.EventContextImpl.invokeObservers(EventContextImpl.java:103)
	at org.jboss.arquillian.core.impl.EventContextImpl.proceed(EventContextImpl.java:90)
	at org.jboss.arquillian.core.impl.ManagerImpl.fire(ManagerImpl.java:133)
	at org.jboss.arquillian.core.impl.ManagerImpl.fire(ManagerImpl.java:105)
	at org.jboss.arquillian.core.impl.EventImpl.fire(EventImpl.java:62)
	at org.jboss.arquillian.container.test.impl.client.ContainerEventController.execute(ContainerEventController.java:96)
	at java.base/jdk.internal.reflect.NativeMethodAccessorImpl.invoke0(Native Method)
	at java.base/jdk.internal.reflect.NativeMethodAccessorImpl.invoke(NativeMethodAccessorImpl.java:62)
	at java.base/jdk.internal.reflect.DelegatingMethodAccessorImpl.invoke(DelegatingMethodAccessorImpl.java:43)
	at java.base/java.lang.reflect.Method.invoke(Method.java:566)
	at org.jboss.arquillian.core.impl.ObserverImpl.invoke(ObserverImpl.java:86)
	at org.jboss.arquillian.core.impl.EventContextImpl.invokeObservers(EventContextImpl.java:103)
	at org.jboss.arquillian.core.impl.EventContextImpl.proceed(EventContextImpl.java:90)
	at org.jboss.arquillian.test.impl.TestContextHandler.createClassContext(TestContextHandler.java:83)
	at java.base/jdk.internal.reflect.NativeMethodAccessorImpl.invoke0(Native Method)
	at java.base/jdk.internal.reflect.NativeMethodAccessorImpl.invoke(NativeMethodAccessorImpl.java:62)
	at java.base/jdk.internal.reflect.DelegatingMethodAccessorImpl.invoke(DelegatingMethodAccessorImpl.java:43)
	at java.base/java.lang.reflect.Method.invoke(Method.java:566)
	at org.jboss.arquillian.core.impl.ObserverImpl.invoke(ObserverImpl.java:86)
	at org.jboss.arquillian.core.impl.EventContextImpl.proceed(EventContextImpl.java:95)
	at org.jboss.arquillian.test.impl.TestContextHandler.createSuiteContext(TestContextHandler.java:69)
	at java.base/jdk.internal.reflect.NativeMethodAccessorImpl.invoke0(Native Method)
	at java.base/jdk.internal.reflect.NativeMethodAccessorImpl.invoke(NativeMethodAccessorImpl.java:62)
	at java.base/jdk.internal.reflect.DelegatingMethodAccessorImpl.invoke(DelegatingMethodAccessorImpl.java:43)
	at java.base/java.lang.reflect.Method.invoke(Method.java:566)
	at org.jboss.arquillian.core.impl.ObserverImpl.invoke(ObserverImpl.java:86)
	at org.jboss.arquillian.core.impl.EventContextImpl.proceed(EventContextImpl.java:95)
	at org.jboss.arquillian.core.impl.ManagerImpl.fire(ManagerImpl.java:133)
	at org.jboss.arquillian.core.impl.ManagerImpl.fire(ManagerImpl.java:105)
	at org.jboss.arquillian.test.impl.EventTestRunnerAdaptor.beforeClass(EventTestRunnerAdaptor.java:89)
	at org.jboss.arquillian.junit5.ArquillianExtension.beforeAll(ArquillianExtension.java:35)
	at org.junit.jupiter.engine.descriptor.ClassBasedTestDescriptor.lambda$invokeBeforeAllCallbacks$7(ClassBasedTestDescriptor.java:359)
	at org.junit.platform.engine.support.hierarchical.ThrowableCollector.execute(ThrowableCollector.java:73)
	at org.junit.jupiter.engine.descriptor.ClassBasedTestDescriptor.invokeBeforeAllCallbacks(ClassBasedTestDescriptor.java:359)
	at org.junit.jupiter.engine.descriptor.ClassBasedTestDescriptor.before(ClassBasedTestDescriptor.java:189)
	at org.junit.jupiter.engine.descriptor.ClassBasedTestDescriptor.before(ClassBasedTestDescriptor.java:78)
	at org.junit.platform.engine.support.hierarchical.NodeTestTask.lambda$executeRecursively$5(NodeTestTask.java:132)
	at org.junit.platform.engine.support.hierarchical.ThrowableCollector.execute(ThrowableCollector.java:73)
	at org.junit.platform.engine.support.hierarchical.NodeTestTask.lambda$executeRecursively$7(NodeTestTask.java:125)
	at org.junit.platform.engine.support.hierarchical.Node.around(Node.java:135)
	at org.junit.platform.engine.support.hierarchical.NodeTestTask.lambda$executeRecursively$8(NodeTestTask.java:123)
	at org.junit.platform.engine.support.hierarchical.ThrowableCollector.execute(ThrowableCollector.java:73)
	at org.junit.platform.engine.support.hierarchical.NodeTestTask.executeRecursively(NodeTestTask.java:122)
	at org.junit.platform.engine.support.hierarchical.NodeTestTask.execute(NodeTestTask.java:80)
	at java.base/java.util.ArrayList.forEach(ArrayList.java:1541)
	at org.junit.platform.engine.support.hierarchical.SameThreadHierarchicalTestExecutorService.invokeAll(SameThreadHierarchicalTestExecutorService.java:38)
	at org.junit.platform.engine.support.hierarchical.NodeTestTask.lambda$executeRecursively$5(NodeTestTask.java:139)
	at org.junit.platform.engine.support.hierarchical.ThrowableCollector.execute(ThrowableCollector.java:73)
	at org.junit.platform.engine.support.hierarchical.NodeTestTask.lambda$executeRecursively$7(NodeTestTask.java:125)
	at org.junit.platform.engine.support.hierarchical.Node.around(Node.java:135)
	at org.junit.platform.engine.support.hierarchical.NodeTestTask.lambda$executeRecursively$8(NodeTestTask.java:123)
	at org.junit.platform.engine.support.hierarchical.ThrowableCollector.execute(ThrowableCollector.java:73)
	at org.junit.platform.engine.support.hierarchical.NodeTestTask.executeRecursively(NodeTestTask.java:122)
	at org.junit.platform.engine.support.hierarchical.NodeTestTask.execute(NodeTestTask.java:80)
	at org.junit.platform.engine.support.hierarchical.SameThreadHierarchicalTestExecutorService.submit(SameThreadHierarchicalTestExecutorService.java:32)
	at org.junit.platform.engine.support.hierarchical.HierarchicalTestExecutor.execute(HierarchicalTestExecutor.java:57)
	at org.junit.platform.engine.support.hierarchical.HierarchicalTestEngine.execute(HierarchicalTestEngine.java:51)
	at org.junit.platform.launcher.core.DefaultLauncher.execute(DefaultLauncher.java:248)
	at org.junit.platform.launcher.core.DefaultLauncher.lambda$execute$5(DefaultLauncher.java:211)
	at org.junit.platform.launcher.core.DefaultLauncher.withInterceptedStreams(DefaultLauncher.java:226)
	at org.junit.platform.launcher.core.DefaultLauncher.execute(DefaultLauncher.java:199)
	at org.junit.platform.launcher.core.DefaultLauncher.execute(DefaultLauncher.java:132)
	at org.apache.maven.surefire.junitplatform.JUnitPlatformProvider.execute(JUnitPlatformProvider.java:188)
	at org.apache.maven.surefire.junitplatform.JUnitPlatformProvider.invokeAllTests(JUnitPlatformProvider.java:154)
	at org.apache.maven.surefire.junitplatform.JUnitPlatformProvider.invoke(JUnitPlatformProvider.java:128)
	at org.apache.maven.surefire.booter.ForkedBooter.runSuitesInProcess(ForkedBooter.java:428)
	at org.apache.maven.surefire.booter.ForkedBooter.execute(ForkedBooter.java:162)
	at org.apache.maven.surefire.booter.ForkedBooter.run(ForkedBooter.java:562)
	at org.apache.maven.surefire.booter.ForkedBooter.main(ForkedBooter.java:548)
2022-06-01 23:15:56 jdbc[3]: 
/**/PreparedStatement prep7 = conn0.prepareStatement("SELECT 1", 1003, 1007);
2022-06-01 23:15:56 jdbc[3]: Plan       : calculate cost for plan [DUAL:0:org.h2.table.DualTable@72457cdd]
2022-06-01 23:15:56 jdbc[3]: Plan       :   for table filter DUAL:0:org.h2.table.DualTable@72457cdd
2022-06-01 23:15:56 jdbc[3]: Table      :     potential plan item cost 1 index dual index
2022-06-01 23:15:56 jdbc[3]: Plan       :   best plan item cost 1 index dual index
2022-06-01 23:15:56 jdbc[3]: Plan       : plan cost 2
2022-06-01 23:15:56 jdbc[3]: 
/**/ResultSet rs3 = prep7.executeQuery();
2022-06-01 23:15:56 jdbc[3]: 
/*SQL #:1*/SELECT 1;
2022-06-01 23:15:56 jdbc[3]: 
/**/rs3.close();
2022-06-01 23:15:56 jdbc[3]: 
/**/prep7.close();
2022-06-01 23:15:56 jdbc[3]: 
/**/conn0.setClientInfo(properties);
2022-06-01 23:15:56 jdbc[3]: 
/**/conn0.getClientInfo();
2022-06-01 23:15:56 jdbc[3]: 
/**/PreparedStatement prep8 = conn0.prepareStatement("CREATE TABLE public.objeto_estado (id_objeto_estado BIGINT IDENTITY NOT NULL, actual BOOLEAN, fecha_alcanzado DATE, observaciones VARCHAR(2147483647), id_estado INTEGER, id_objeto BIGINT, PRIMARY KEY (id_objeto_estado))", 1003, 1007);
2022-06-01 23:15:56 jdbc[3]: 
/**/prep8.executeUpdate();
2022-06-01 23:15:56 lock: 3 exclusive write lock requesting for SYS 
2022-06-01 23:15:56 lock: 3 exclusive write lock added for SYS 
2022-06-01 23:15:56 lock: 3 exclusive write lock unlock SYS 
2022-06-01 23:15:56 lock: 3 exclusive write lock requesting for SYS 
2022-06-01 23:15:56 lock: 3 exclusive write lock added for SYS 
2022-06-01 23:15:56 lock: 3 exclusive write lock requesting for OBJETO_ESTADO 
2022-06-01 23:15:56 lock: 3 exclusive write lock added for OBJETO_ESTADO 
2022-06-01 23:15:56 jdbc[3]: 
/*SQL t:2*/CREATE TABLE public.objeto_estado (id_objeto_estado BIGINT IDENTITY NOT NULL, actual BOOLEAN, fecha_alcanzado DATE, observaciones VARCHAR(2147483647), id_estado INTEGER, id_objeto BIGINT, PRIMARY KEY (id_objeto_estado));
2022-06-01 23:15:56 lock: 3 exclusive write lock unlock SYS 
2022-06-01 23:15:56 lock: 3 exclusive write lock unlock OBJETO_ESTADO 
2022-06-01 23:15:56 jdbc[3]: 
/**/prep8.close();
2022-06-01 23:15:56 jdbc[3]: 
/**/conn0.setClientInfo(properties);
2022-06-01 23:15:56 jdbc[3]: 
/**/conn0.getClientInfo();
2022-06-01 23:15:56 jdbc[3]: 
/**/PreparedStatement prep9 = conn0.prepareStatement("SELECT 1 FROM public.ruta", 1003, 1007);
2022-06-01 23:15:56 jdbc[3]: exception
org.h2.jdbc.JdbcSQLSyntaxErrorException: Tabla "RUTA" no encontrada
Table "RUTA" not found; SQL statement:
SELECT 1 FROM public.ruta [42102-200]
	at org.h2.message.DbException.getJdbcSQLException(DbException.java:453)
	at org.h2.message.DbException.getJdbcSQLException(DbException.java:429)
	at org.h2.message.DbException.get(DbException.java:205)
	at org.h2.message.DbException.get(DbException.java:181)
	at org.h2.command.Parser.readTableOrView(Parser.java:7628)
	at org.h2.command.Parser.readTableFilter(Parser.java:1970)
	at org.h2.command.Parser.parseSelectFromPart(Parser.java:2827)
	at org.h2.command.Parser.parseSelect(Parser.java:2959)
	at org.h2.command.Parser.parseQuerySub(Parser.java:2817)
	at org.h2.command.Parser.parseSelectUnion(Parser.java:2649)
	at org.h2.command.Parser.parseQuery(Parser.java:2620)
	at org.h2.command.Parser.parsePrepared(Parser.java:868)
	at org.h2.command.Parser.parse(Parser.java:843)
	at org.h2.command.Parser.parse(Parser.java:815)
	at org.h2.command.Parser.prepareCommand(Parser.java:738)
	at org.h2.engine.Session.prepareLocal(Session.java:657)
	at org.h2.engine.Session.prepareCommand(Session.java:595)
	at org.h2.jdbc.JdbcConnection.prepareCommand(JdbcConnection.java:1235)
	at org.h2.jdbc.JdbcPreparedStatement.<init>(JdbcPreparedStatement.java:76)
	at org.h2.jdbc.JdbcConnection.prepareStatement(JdbcConnection.java:734)
	at com.sun.gjc.spi.base.ConnectionHolder.prepareStatement(ConnectionHolder.java:609)
	at com.sun.gjc.spi.jdbc40.ConnectionWrapper40.prepareCachedStatement(ConnectionWrapper40.java:271)
	at com.sun.gjc.spi.jdbc40.ConnectionWrapper40.prepareCachedStatement(ConnectionWrapper40.java:53)
	at com.sun.gjc.spi.ManagedConnectionImpl.prepareCachedStatement(ManagedConnectionImpl.java:1080)
	at com.sun.gjc.spi.jdbc40.ConnectionWrapper40.prepareStatement(ConnectionWrapper40.java:183)
	at org.eclipse.persistence.internal.databaseaccess.DatabaseAccessor.prepareStatement(DatabaseAccessor.java:1600)
	at org.eclipse.persistence.internal.databaseaccess.DatabaseAccessor.prepareStatement(DatabaseAccessor.java:1549)
	at org.eclipse.persistence.internal.databaseaccess.DatabaseCall.prepareStatement(DatabaseCall.java:806)
	at org.eclipse.persistence.internal.databaseaccess.DatabaseAccessor.basicExecuteCall(DatabaseAccessor.java:628)
	at org.eclipse.persistence.internal.databaseaccess.DatabaseAccessor.executeCall(DatabaseAccessor.java:567)
	at org.eclipse.persistence.internal.sessions.AbstractSession.basicExecuteCall(AbstractSession.java:2105)
	at org.eclipse.persistence.sessions.server.ServerSession.executeCall(ServerSession.java:603)
	at org.eclipse.persistence.internal.queries.DatasourceCallQueryMechanism.executeCall(DatasourceCallQueryMechanism.java:277)
	at org.eclipse.persistence.internal.queries.DatasourceCallQueryMechanism.executeCall(DatasourceCallQueryMechanism.java:263)
	at org.eclipse.persistence.internal.queries.DatasourceCallQueryMechanism.executeSelectCall(DatasourceCallQueryMechanism.java:334)
	at org.eclipse.persistence.internal.queries.DatasourceCallQueryMechanism.executeSelect(DatasourceCallQueryMechanism.java:316)
	at org.eclipse.persistence.queries.DataReadQuery.executeNonCursor(DataReadQuery.java:199)
	at org.eclipse.persistence.queries.DataReadQuery.executeDatabaseQuery(DataReadQuery.java:154)
	at org.eclipse.persistence.queries.DatabaseQuery.execute(DatabaseQuery.java:911)
	at org.eclipse.persistence.queries.DataReadQuery.execute(DataReadQuery.java:139)
	at org.eclipse.persistence.internal.sessions.AbstractSession.internalExecuteQuery(AbstractSession.java:3367)
	at org.eclipse.persistence.internal.sessions.AbstractSession.executeQuery(AbstractSession.java:1898)
	at org.eclipse.persistence.internal.sessions.AbstractSession.executeQuery(AbstractSession.java:1880)
	at org.eclipse.persistence.internal.sessions.AbstractSession.executeQuery(AbstractSession.java:1830)
	at org.eclipse.persistence.internal.databaseaccess.DatabasePlatform.checkTableExists(DatabasePlatform.java:3792)
	at org.eclipse.persistence.tools.schemaframework.SchemaManager.checkTableExists(SchemaManager.java:467)
	at org.eclipse.persistence.tools.schemaframework.SchemaManager.checkTableExists(SchemaManager.java:480)
	at org.eclipse.persistence.tools.schemaframework.TableCreator.createTables(TableCreator.java:169)
	at org.eclipse.persistence.tools.schemaframework.TableCreator.createTables(TableCreator.java:151)
	at org.eclipse.persistence.tools.schemaframework.TableCreator.createTables(TableCreator.java:143)
	at org.eclipse.persistence.tools.schemaframework.SchemaManager.createDefaultTables(SchemaManager.java:1030)
	at org.eclipse.persistence.internal.jpa.EntityManagerFactoryProvider.generateDefaultTables(EntityManagerFactoryProvider.java:113)
	at org.eclipse.persistence.internal.jpa.EntityManagerSetupImpl.writeDDLToDatabase(EntityManagerSetupImpl.java:4695)
	at org.eclipse.persistence.internal.jpa.EntityManagerSetupImpl.writeMetadataDDLToDatabase(EntityManagerSetupImpl.java:4762)
	at org.eclipse.persistence.internal.jpa.EntityManagerSetupImpl.writeDDL(EntityManagerSetupImpl.java:4661)
	at org.eclipse.persistence.internal.jpa.EntityManagerSetupImpl.writeDDL(EntityManagerSetupImpl.java:4534)
	at org.eclipse.persistence.internal.jpa.EntityManagerSetupImpl.deploy(EntityManagerSetupImpl.java:820)
	at org.eclipse.persistence.internal.jpa.EntityManagerFactoryDelegate.getAbstractSession(EntityManagerFactoryDelegate.java:222)
	at org.eclipse.persistence.internal.jpa.EntityManagerFactoryDelegate.getDatabaseSession(EntityManagerFactoryDelegate.java:200)
	at org.eclipse.persistence.internal.jpa.EntityManagerFactoryImpl.getDatabaseSession(EntityManagerFactoryImpl.java:542)
	at org.eclipse.persistence.jpa.PersistenceProvider.createContainerEntityManagerFactoryImpl(PersistenceProvider.java:388)
	at org.eclipse.persistence.jpa.PersistenceProvider.createContainerEntityManagerFactory(PersistenceProvider.java:316)
	at org.glassfish.persistence.jpa.PersistenceUnitLoader.loadPU(PersistenceUnitLoader.java:207)
	at org.glassfish.persistence.jpa.PersistenceUnitLoader.<init>(PersistenceUnitLoader.java:114)
	at org.glassfish.persistence.jpa.JPADeployer$1.visitPUD(JPADeployer.java:267)
	at org.glassfish.persistence.jpa.JPADeployer$PersistenceUnitDescriptorIterator.iteratePUDs(JPADeployer.java:571)
	at org.glassfish.persistence.jpa.JPADeployer.createEMFs(JPADeployer.java:286)
	at org.glassfish.persistence.jpa.JPADeployer.prepare(JPADeployer.java:183)
	at com.sun.enterprise.v3.server.ApplicationLifecycle.prepareModule(ApplicationLifecycle.java:1131)
	at com.sun.enterprise.v3.server.ApplicationLifecycle.prepare(ApplicationLifecycle.java:504)
	at org.glassfish.deployment.admin.DeployCommand.execute(DeployCommand.java:588)
	at com.sun.enterprise.v3.admin.CommandRunnerImpl$2$1.run(CommandRunnerImpl.java:556)
	at com.sun.enterprise.v3.admin.CommandRunnerImpl$2$1.run(CommandRunnerImpl.java:552)
	at java.base/java.security.AccessController.doPrivileged(Native Method)
	at java.base/javax.security.auth.Subject.doAs(Subject.java:361)
	at com.sun.enterprise.v3.admin.CommandRunnerImpl$2.execute(CommandRunnerImpl.java:551)
	at com.sun.enterprise.v3.admin.CommandRunnerImpl$3.run(CommandRunnerImpl.java:582)
	at com.sun.enterprise.v3.admin.CommandRunnerImpl$3.run(CommandRunnerImpl.java:574)
	at java.base/java.security.AccessController.doPrivileged(Native Method)
	at java.base/javax.security.auth.Subject.doAs(Subject.java:361)
	at com.sun.enterprise.v3.admin.CommandRunnerImpl.doCommand(CommandRunnerImpl.java:573)
	at com.sun.enterprise.v3.admin.CommandRunnerImpl.doCommand(CommandRunnerImpl.java:1497)
	at com.sun.enterprise.v3.admin.CommandRunnerImpl.access$1300(CommandRunnerImpl.java:120)
	at com.sun.enterprise.v3.admin.CommandRunnerImpl$ExecutionContext.execute(CommandRunnerImpl.java:1879)
	at com.sun.enterprise.v3.admin.CommandRunnerImpl$ExecutionContext.execute(CommandRunnerImpl.java:1755)
	at com.sun.enterprise.admin.cli.embeddable.DeployerImpl.deploy(DeployerImpl.java:131)
	at com.sun.enterprise.admin.cli.embeddable.DeployerImpl.deploy(DeployerImpl.java:104)
	at fish.payara.arquillian.container.payara.embedded.PayaraContainer.deploy(PayaraContainer.java:236)
	at org.jboss.arquillian.container.impl.client.container.ContainerDeployController$3.call(ContainerDeployController.java:151)
	at org.jboss.arquillian.container.impl.client.container.ContainerDeployController$3.call(ContainerDeployController.java:118)
	at org.jboss.arquillian.container.impl.client.container.ContainerDeployController.executeOperation(ContainerDeployController.java:239)
	at org.jboss.arquillian.container.impl.client.container.ContainerDeployController.deploy(ContainerDeployController.java:118)
	at java.base/jdk.internal.reflect.NativeMethodAccessorImpl.invoke0(Native Method)
[...]
	at org.jboss.arquillian.core.impl.ObserverImpl.invoke(ObserverImpl.java:86)
	at org.jboss.arquillian.core.impl.EventContextImpl.invokeObservers(EventContextImpl.java:103)
	at org.jboss.arquillian.core.impl.EventContextImpl.proceed(EventContextImpl.java:90)
	at org.jboss.arquillian.test.impl.TestContextHandler.createClassContext(TestContextHandler.java:83)
	at java.base/jdk.internal.reflect.NativeMethodAccessorImpl.invoke0(Native Method)
	at java.base/jdk.internal.reflect.NativeMethodAccessorImpl.invoke(NativeMethodAccessorImpl.java:62)
	at java.base/jdk.internal.reflect.DelegatingMethodAccessorImpl.invoke(DelegatingMethodAccessorImpl.java:43)
	at java.base/java.lang.reflect.Method.invoke(Method.java:566)
	at org.jboss.arquillian.core.impl.ObserverImpl.invoke(ObserverImpl.java:86)
	at org.jboss.arquillian.core.impl.EventContextImpl.proceed(EventContextImpl.java:95)
	at org.jboss.arquillian.test.impl.TestContextHandler.createSuiteContext(TestContextHandler.java:69)
	at java.base/jdk.internal.reflect.NativeMethodAccessorImpl.invoke0(Native Method)
	at java.base/jdk.internal.reflect.NativeMethodAccessorImpl.invoke(NativeMethodAccessorImpl.java:62)
	at java.base/jdk.internal.reflect.DelegatingMethodAccessorImpl.invoke(DelegatingMethodAccessorImpl.java:43)
	at java.base/java.lang.reflect.Method.invoke(Method.java:566)
	at org.jboss.arquillian.core.impl.ObserverImpl.invoke(ObserverImpl.java:86)
	at org.jboss.arquillian.core.impl.EventContextImpl.proceed(EventContextImpl.java:95)
	at org.jboss.arquillian.core.impl.ManagerImpl.fire(ManagerImpl.java:133)
	at org.jboss.arquillian.core.impl.ManagerImpl.fire(ManagerImpl.java:105)
	at org.jboss.arquillian.test.impl.EventTestRunnerAdaptor.beforeClass(EventTestRunnerAdaptor.java:89)
	at org.jboss.arquillian.junit5.ArquillianExtension.beforeAll(ArquillianExtension.java:35)
	at org.junit.jupiter.engine.descriptor.ClassBasedTestDescriptor.lambda$invokeBeforeAllCallbacks$7(ClassBasedTestDescriptor.java:359)
	at org.junit.platform.engine.support.hierarchical.ThrowableCollector.execute(ThrowableCollector.java:73)
	at org.junit.jupiter.engine.descriptor.ClassBasedTestDescriptor.invokeBeforeAllCallbacks(ClassBasedTestDescriptor.java:359)
	at org.junit.jupiter.engine.descriptor.ClassBasedTestDescriptor.before(ClassBasedTestDescriptor.java:189)
	at org.junit.jupiter.engine.descriptor.ClassBasedTestDescriptor.before(ClassBasedTestDescriptor.java:78)
	at org.junit.platform.engine.support.hierarchical.NodeTestTask.lambda$executeRecursively$5(NodeTestTask.java:132)
	at org.junit.platform.engine.support.hierarchical.ThrowableCollector.execute(ThrowableCollector.java:73)
	at org.junit.platform.engine.support.hierarchical.NodeTestTask.lambda$executeRecursively$7(NodeTestTask.java:125)
	at org.junit.platform.engine.support.hierarchical.Node.around(Node.java:135)
	at org.junit.platform.engine.support.hierarchical.NodeTestTask.lambda$executeRecursively$8(NodeTestTask.java:123)
	at org.junit.platform.engine.support.hierarchical.ThrowableCollector.execute(ThrowableCollector.java:73)
	at org.junit.platform.engine.support.hierarchical.NodeTestTask.executeRecursively(NodeTestTask.java:122)
	at org.junit.platform.engine.support.hierarchical.NodeTestTask.execute(NodeTestTask.java:80)
	at java.base/java.util.ArrayList.forEach(ArrayList.java:1541)
	at org.junit.platform.engine.support.hierarchical.SameThreadHierarchicalTestExecutorService.invokeAll(SameThreadHierarchicalTestExecutorService.java:38)
	at org.junit.platform.engine.support.hierarchical.NodeTestTask.lambda$executeRecursively$5(NodeTestTask.java:139)
	at org.junit.platform.engine.support.hierarchical.ThrowableCollector.execute(ThrowableCollector.java:73)
	at org.junit.platform.engine.support.hierarchical.NodeTestTask.lambda$executeRecursively$7(NodeTestTask.java:125)
	at org.junit.platform.engine.support.hierarchical.Node.around(Node.java:135)
	at org.junit.platform.engine.support.hierarchical.NodeTestTask.lambda$executeRecursively$8(NodeTestTask.java:123)
	at org.junit.platform.engine.support.hierarchical.ThrowableCollector.execute(ThrowableCollector.java:73)
	at org.junit.platform.engine.support.hierarchical.NodeTestTask.executeRecursively(NodeTestTask.java:122)
	at org.junit.platform.engine.support.hierarchical.NodeTestTask.execute(NodeTestTask.java:80)
	at org.junit.platform.engine.support.hierarchical.SameThreadHierarchicalTestExecutorService.submit(SameThreadHierarchicalTestExecutorService.java:32)
	at org.junit.platform.engine.support.hierarchical.HierarchicalTestExecutor.execute(HierarchicalTestExecutor.java:57)
	at org.junit.platform.engine.support.hierarchical.HierarchicalTestEngine.execute(HierarchicalTestEngine.java:51)
	at org.junit.platform.launcher.core.DefaultLauncher.execute(DefaultLauncher.java:248)
	at org.junit.platform.launcher.core.DefaultLauncher.lambda$execute$5(DefaultLauncher.java:211)
	at org.junit.platform.launcher.core.DefaultLauncher.withInterceptedStreams(DefaultLauncher.java:226)
	at org.junit.platform.launcher.core.DefaultLauncher.execute(DefaultLauncher.java:199)
	at org.junit.platform.launcher.core.DefaultLauncher.execute(DefaultLauncher.java:132)
	at org.apache.maven.surefire.junitplatform.JUnitPlatformProvider.execute(JUnitPlatformProvider.java:188)
	at org.apache.maven.surefire.junitplatform.JUnitPlatformProvider.invokeAllTests(JUnitPlatformProvider.java:154)
	at org.apache.maven.surefire.junitplatform.JUnitPlatformProvider.invoke(JUnitPlatformProvider.java:128)
	at org.apache.maven.surefire.booter.ForkedBooter.runSuitesInProcess(ForkedBooter.java:428)
	at org.apache.maven.surefire.booter.ForkedBooter.execute(ForkedBooter.java:162)
	at org.apache.maven.surefire.booter.ForkedBooter.run(ForkedBooter.java:562)
	at org.apache.maven.surefire.booter.ForkedBooter.main(ForkedBooter.java:548)

jun. 01, 2022 11:15:56 P. M. org.jboss.weld.bootstrap.WeldStartup <clinit>
INFO: WELD-000900: 3.1.8 (Final)
jun. 01, 2022 11:15:56 P. M. com.sun.logging.LogDomains getResourceBundle
INFORMACIÓN: Cannot find the resource bundle for the name com.sun.logging.enterprise.system.container.ejb for class org.glassfish.ejb.security.application.EjbSecurityComponentInvocationHandler using jdk.internal.loader.ClassLoaders$AppClassLoader@3d4eac69
jun. 01, 2022 11:15:56 P. M. com.sun.logging.LogDomains getResourceBundle
INFORMACIÓN: Cannot find the resource bundle for the name com.sun.logging.enterprise.system.container.ejb for class com.sun.ejb.EJBUtils using jdk.internal.loader.ClassLoaders$AppClassLoader@3d4eac69
jun. 01, 2022 11:15:56 P. M. com.sun.ejb.containers.BaseContainer initializeHome
INFORMACIÓN: Portable JNDI names for EJB TipoObjetoBean: [java:global/4c828faf-1c89-4fad-af4a-6afaa633c7e7/TipoObjetoBean!com.mycompany.baches.control.TipoObjetoBean, java:global/4c828faf-1c89-4fad-af4a-6afaa633c7e7/TipoObjetoBean]
jun. 01, 2022 11:15:58 P. M. fish.payara.micro.cdi.extension.ClusteredCDIEventBusImpl postConstruct
INFORMACIÓN: Clustered CDI Event bus initialized
jun. 01, 2022 11:15:58 P. M. org.glassfish.soteria.servlet.SamRegistrationInstaller onStartup
INFORMACIÓN: Initializing Soteria null for context '/4c828faf-1c89-4fad-af4a-6afaa633c7e7'
jun. 01, 2022 11:15:58 P. M. com.sun.enterprise.web.WebApplication start
INFORMACIÓN: Loading application [4c828faf-1c89-4fad-af4a-6afaa633c7e7] at [/4c828faf-1c89-4fad-af4a-6afaa633c7e7]
jun. 01, 2022 11:15:58 P. M. org.glassfish.deployment.admin.DeployCommand execute
INFORMACIÓN: 4c828faf-1c89-4fad-af4a-6afaa633c7e7 was successfully deployed in 7,177 milliseconds.
]]></system-err>
  </testcase>
  <testcase name="testModificar" classname="com.mycompany.baches.control.TipoObjetoIT" time="0.06">
    <system-out><![CDATA[modificar
2022-06-01 23:16:00 jdbc[3]: 
/**/conn0.getClientInfo();
2022-06-01 23:16:00 jdbc[3]: 
/**/PreparedStatement prep37 = conn0.prepareStatement("SELECT id_tipo_objeto, activo, fecha_creacion FROM public.tipo_objeto WHERE (id_tipo_objeto = ?)", 1003, 1007);
2022-06-01 23:16:00 jdbc[3]: 
/**/prep37.setInt(1, 2);
2022-06-01 23:16:00 jdbc[3]: 
/**/ResultSet rs9 = prep37.executeQuery();
2022-06-01 23:16:00 jdbc[3]: 
/*SQL l:96 #:1*/SELECT id_tipo_objeto, activo, fecha_creacion FROM public.tipo_objeto WHERE (id_tipo_objeto = ?) {1: 2};
2022-06-01 23:16:00 jdbc[3]: 
/**/ResultSetMetaData rsMeta4 = rs9.getMetaData();
2022-06-01 23:16:00 jdbc[3]: 
/**/conn0.getCatalog();
2022-06-01 23:16:00 jdbc[3]: 
/**/rsMeta4.getColumnCount();
2022-06-01 23:16:00 jdbc[3]: 
/**/rs9.next();
2022-06-01 23:16:00 jdbc[3]: 
/**/rsMeta4.getColumnType(1);
2022-06-01 23:16:00 jdbc[3]: 
/**/rs9.getInt(1);
2022-06-01 23:16:00 jdbc[3]: 
/**/rsMeta4.getColumnType(2);
2022-06-01 23:16:00 jdbc[3]: 
/**/rs9.getBoolean(2);
2022-06-01 23:16:00 jdbc[3]: 
/**/rsMeta4.getColumnType(3);
2022-06-01 23:16:00 jdbc[3]: 
/**/rs9.getDate(3);
2022-06-01 23:16:00 jdbc[3]: 
/**/rs9.next();
2022-06-01 23:16:00 jdbc[3]: 
/**/rs9.close();
2022-06-01 23:16:00 jdbc[3]: 
/**/prep37.close();
2022-06-01 23:16:00 jdbc[3]: 
/**/conn0.setClientInfo(properties);
2022-06-01 23:16:00 jdbc[3]: 
/**/conn0.getClientInfo();
2022-06-01 23:16:00 jdbc[3]: 
/**/PreparedStatement prep38 = conn0.prepareStatement("SELECT id_objeto, latitud, longitud, nombre, observaciones, id_tipo_objeto FROM public.objeto WHERE (id_tipo_objeto = ?)", 1003, 1007);
2022-06-01 23:16:00 jdbc[3]: Plan       : calculate cost for plan [PUBLIC.OBJETO]
2022-06-01 23:16:00 jdbc[3]: Plan       :   for table filter PUBLIC.OBJETO
2022-06-01 23:16:00 jdbc[3]: Table      :     potential plan item cost 10,230 index PUBLIC.OBJETO.tableScan
2022-06-01 23:16:00 jdbc[3]: Table      :     potential plan item cost 10,240 index PUBLIC.PRIMARY_KEY_8
2022-06-01 23:16:00 jdbc[3]: Table      :     potential plan item cost 280 index PUBLIC.FK_OBJETO_ID_TIPO_OBJETO_INDEX_8
2022-06-01 23:16:00 jdbc[3]: Plan       :   best plan item cost 277.2 index PUBLIC.FK_OBJETO_ID_TIPO_OBJETO_INDEX_8
2022-06-01 23:16:00 jdbc[3]: Plan       : plan cost 278.2
2022-06-01 23:16:00 jdbc[3]: 
/**/prep38.setInt(1, 2);
2022-06-01 23:16:00 jdbc[3]: 
/**/ResultSet rs10 = prep38.executeQuery();
2022-06-01 23:16:00 jdbc[3]: 
/*SQL l:120*/SELECT id_objeto, latitud, longitud, nombre, observaciones, id_tipo_objeto FROM public.objeto WHERE (id_tipo_objeto = ?) {1: 2};
2022-06-01 23:16:00 jdbc[3]: 
/**/ResultSetMetaData rsMeta5 = rs10.getMetaData();
2022-06-01 23:16:00 jdbc[3]: 
/**/conn0.getCatalog();
2022-06-01 23:16:00 jdbc[3]: 
/**/rsMeta5.getColumnCount();
2022-06-01 23:16:00 jdbc[3]: 
/**/rs10.next();
2022-06-01 23:16:00 jdbc[3]: 
/**/rs10.close();
2022-06-01 23:16:00 jdbc[3]: 
/**/prep38.close();
2022-06-01 23:16:00 jdbc[3]: 
/**/conn0.setClientInfo(properties);
2022-06-01 23:16:00 jdbc[3]: 
/**/conn0.getClientInfo();
2022-06-01 23:16:00 jdbc[3]: 
/**/conn0.setAutoCommit(false);
2022-06-01 23:16:00 jdbc[3]: 
/**/PreparedStatement prep39 = conn0.prepareStatement("UPDATE public.tipo_objeto SET activo = ?, fecha_creacion = ? WHERE (id_tipo_objeto = ?)", 1003, 1007);
2022-06-01 23:16:00 jdbc[3]: Table      :     potential plan item cost 10,240 index PUBLIC.TIPO_OBJETO.tableScan
2022-06-01 23:16:00 jdbc[3]: Table      :     potential plan item cost 230 index PUBLIC.PRIMARY_KEY_1
2022-06-01 23:16:00 jdbc[3]: 
/**/prep39.setNull(1, 16);
2022-06-01 23:16:00 jdbc[3]: 
/**/prep39.setNull(2, 91);
2022-06-01 23:16:00 jdbc[3]: 
/**/prep39.setInt(3, 2);
2022-06-01 23:16:00 jdbc[3]: 
/**/prep39.executeUpdate();
2022-06-01 23:16:00 lock: 3 shared read lock requesting for TIPO_OBJETO 
2022-06-01 23:16:00 lock: 3 shared read lock ok TIPO_OBJETO 
2022-06-01 23:16:00 jdbc[3]: 
/*SQL l:87 #:1 t:2*/UPDATE public.tipo_objeto SET activo = ?, fecha_creacion = ? WHERE (id_tipo_objeto = ?) {1: NULL, 2: NULL, 3: 2};
2022-06-01 23:16:00 jdbc[3]: 
/**/prep39.close();
2022-06-01 23:16:00 jdbc[3]: 
/**/conn0.setClientInfo(properties);
2022-06-01 23:16:00 jdbc[3]: 
/**/conn0.commit();
2022-06-01 23:16:00 lock: 3 shared read lock unlock TIPO_OBJETO 
2022-06-01 23:16:00 jdbc[3]: 
/*SQL */COMMIT;
2022-06-01 23:16:00 jdbc[3]: 
/**/conn0.setAutoCommit(true);
2022-06-01 23:16:00 jdbc[3]: 
/**/conn0.commit();
2022-06-01 23:16:00 jdbc[3]: 
/*SQL */COMMIT;
]]></system-out>
  </testcase>
  <testcase name="testFindAll" classname="com.mycompany.baches.control.TipoObjetoIT" time="0.026">
    <system-out><![CDATA[FindAll
2022-06-01 23:16:00 jdbc[3]: 
/**/conn0.getClientInfo();
2022-06-01 23:16:00 jdbc[3]: 
/**/PreparedStatement prep40 = conn0.prepareStatement("SELECT id_tipo_objeto, activo, fecha_creacion FROM public.tipo_objeto", 1003, 1007);
2022-06-01 23:16:00 jdbc[3]: Plan       : calculate cost for plan [PUBLIC.TIPO_OBJETO]
2022-06-01 23:16:00 jdbc[3]: Plan       :   for table filter PUBLIC.TIPO_OBJETO
2022-06-01 23:16:00 jdbc[3]: Table      :     potential plan item cost 10,240 index PUBLIC.TIPO_OBJETO.tableScan
2022-06-01 23:16:00 jdbc[3]: Table      :     potential plan item cost 10,250 index PUBLIC.PRIMARY_KEY_1
2022-06-01 23:16:00 jdbc[3]: Plan       :   best plan item cost 10,240 index PUBLIC.TIPO_OBJETO.tableScan
2022-06-01 23:16:00 jdbc[3]: Plan       : plan cost 10,241
2022-06-01 23:16:00 jdbc[3]: 
/**/ResultSet rs11 = prep40.executeQuery();
2022-06-01 23:16:00 jdbc[3]: 
/*SQL #:4*/SELECT id_tipo_objeto, activo, fecha_creacion FROM public.tipo_objeto;
2022-06-01 23:16:00 jdbc[3]: 
/**/ResultSetMetaData rsMeta6 = rs11.getMetaData();
2022-06-01 23:16:00 jdbc[3]: 
/**/conn0.getCatalog();
2022-06-01 23:16:00 jdbc[3]: 
/**/rsMeta6.getColumnCount();
2022-06-01 23:16:00 jdbc[3]: 
/**/rs11.next();
2022-06-01 23:16:00 jdbc[3]: 
/**/rs11.getInt(1);
2022-06-01 23:16:00 jdbc[3]: 
/**/rs11.getBoolean(2);
2022-06-01 23:16:00 jdbc[3]: 
/**/rs11.getDate(3);
2022-06-01 23:16:00 jdbc[3]: 
/**/rs11.next();
2022-06-01 23:16:00 jdbc[3]: 
/**/rs11.getInt(1);
2022-06-01 23:16:00 jdbc[3]: 
/**/rs11.getBoolean(2);
2022-06-01 23:16:00 jdbc[3]: 
/**/rs11.wasNull();
2022-06-01 23:16:00 jdbc[3]: 
/**/rs11.getDate(3);
2022-06-01 23:16:00 jdbc[3]: 
/**/rs11.next();
2022-06-01 23:16:00 jdbc[3]: 
/**/rs11.getInt(1);
2022-06-01 23:16:00 jdbc[3]: 
/**/rs11.getBoolean(2);
2022-06-01 23:16:00 jdbc[3]: 
/**/rs11.getDate(3);
2022-06-01 23:16:00 jdbc[3]: 
/**/rs11.next();
2022-06-01 23:16:00 jdbc[3]: 
/**/rs11.getInt(1);
2022-06-01 23:16:00 jdbc[3]: 
/**/rs11.getBoolean(2);
2022-06-01 23:16:00 jdbc[3]: 
/**/rs11.wasNull();
2022-06-01 23:16:00 jdbc[3]: 
/**/rs11.getDate(3);
2022-06-01 23:16:00 jdbc[3]: 
/**/rs11.next();
2022-06-01 23:16:00 jdbc[3]: 
/**/rs11.close();
2022-06-01 23:16:00 jdbc[3]: 
/**/prep40.close();
2022-06-01 23:16:00 jdbc[3]: 
/**/conn0.setClientInfo(properties);
La lista posee 4
]]></system-out>
  </testcase>
  <testcase name="testfindRange" classname="com.mycompany.baches.control.TipoObjetoIT" time="0.029">
    <system-out><![CDATA[findRange
2022-06-01 23:16:00 jdbc[3]: 
/**/conn0.getClientInfo();
2022-06-01 23:16:00 jdbc[3]: 
/**/PreparedStatement prep41 = conn0.prepareStatement("SELECT id_tipo_objeto AS a1, activo AS a2, fecha_creacion AS a3 FROM public.tipo_objeto LIMIT ? OFFSET ?", 1003, 1007);
2022-06-01 23:16:00 jdbc[3]: Plan       : calculate cost for plan [PUBLIC.TIPO_OBJETO]
2022-06-01 23:16:00 jdbc[3]: Plan       :   for table filter PUBLIC.TIPO_OBJETO
2022-06-01 23:16:00 jdbc[3]: Table      :     potential plan item cost 10,240 index PUBLIC.TIPO_OBJETO.tableScan
2022-06-01 23:16:00 jdbc[3]: Table      :     potential plan item cost 10,250 index PUBLIC.PRIMARY_KEY_1
2022-06-01 23:16:00 jdbc[3]: Plan       :   best plan item cost 10,240 index PUBLIC.TIPO_OBJETO.tableScan
2022-06-01 23:16:00 jdbc[3]: Plan       : plan cost 10,241
2022-06-01 23:16:00 jdbc[3]: 
/**/prep41.setInt(1, 3);
2022-06-01 23:16:00 jdbc[3]: 
/**/prep41.setInt(2, 1);
2022-06-01 23:16:00 jdbc[3]: 
/**/ResultSet rs12 = prep41.executeQuery();
2022-06-01 23:16:00 jdbc[3]: 
/*SQL l:104 #:3*/SELECT id_tipo_objeto AS a1, activo AS a2, fecha_creacion AS a3 FROM public.tipo_objeto LIMIT ? OFFSET ? {1: 3, 2: 1};
2022-06-01 23:16:00 jdbc[3]: 
/**/ResultSetMetaData rsMeta7 = rs12.getMetaData();
2022-06-01 23:16:00 jdbc[3]: 
/**/conn0.getCatalog();
2022-06-01 23:16:00 jdbc[3]: 
/**/rsMeta7.getColumnCount();
2022-06-01 23:16:00 jdbc[3]: 
/**/rs12.next();
2022-06-01 23:16:00 jdbc[3]: 
/**/rs12.getInt(1);
2022-06-01 23:16:00 jdbc[3]: 
/**/rs12.getBoolean(2);
2022-06-01 23:16:00 jdbc[3]: 
/**/rs12.wasNull();
2022-06-01 23:16:00 jdbc[3]: 
/**/rs12.getDate(3);
2022-06-01 23:16:00 jdbc[3]: 
/**/rs12.next();
2022-06-01 23:16:00 jdbc[3]: 
/**/rs12.getInt(1);
2022-06-01 23:16:00 jdbc[3]: 
/**/rs12.getBoolean(2);
2022-06-01 23:16:00 jdbc[3]: 
/**/rs12.getDate(3);
2022-06-01 23:16:00 jdbc[3]: 
/**/rs12.next();
2022-06-01 23:16:00 jdbc[3]: 
/**/rs12.getInt(1);
2022-06-01 23:16:00 jdbc[3]: 
/**/rs12.getBoolean(2);
2022-06-01 23:16:00 jdbc[3]: 
/**/rs12.wasNull();
2022-06-01 23:16:00 jdbc[3]: 
/**/rs12.getDate(3);
2022-06-01 23:16:00 jdbc[3]: 
/**/rs12.next();
2022-06-01 23:16:00 jdbc[3]: 
/**/rs12.close();
2022-06-01 23:16:00 jdbc[3]: 
/**/prep41.close();
2022-06-01 23:16:00 jdbc[3]: 
/**/conn0.setClientInfo(properties);
Se encontraron 3
]]></system-out>
  </testcase>
  <testcase name="testEliminar" classname="com.mycompany.baches.control.TipoObjetoIT" time="0.029">
    <system-out><![CDATA[Eliminar
2022-06-01 23:16:00 jdbc[3]: 
/**/conn0.getClientInfo();
2022-06-01 23:16:00 jdbc[3]: 
/**/conn0.setAutoCommit(false);
2022-06-01 23:16:00 jdbc[3]: 
/**/PreparedStatement prep42 = conn0.prepareStatement("DELETE FROM public.tipo_objeto WHERE (id_tipo_objeto = ?)", 1003, 1007);
2022-06-01 23:16:00 jdbc[3]: Table      :     potential plan item cost 10,240 index PUBLIC.TIPO_OBJETO.tableScan
2022-06-01 23:16:00 jdbc[3]: Table      :     potential plan item cost 230 index PUBLIC.PRIMARY_KEY_1
2022-06-01 23:16:00 jdbc[3]: 
/**/prep42.setInt(1, 2);
2022-06-01 23:16:00 jdbc[3]: 
/**/prep42.executeUpdate();
2022-06-01 23:16:00 lock: 3 shared read lock requesting for TIPO_OBJETO 
2022-06-01 23:16:00 lock: 3 shared read lock ok TIPO_OBJETO 
2022-06-01 23:16:00 jdbc[3]: 
/*SQL l:57 #:1 t:1*/DELETE FROM public.tipo_objeto WHERE (id_tipo_objeto = ?) {1: 2};
2022-06-01 23:16:00 jdbc[3]: 
/**/prep42.close();
2022-06-01 23:16:00 jdbc[3]: 
/**/conn0.setClientInfo(properties);
2022-06-01 23:16:00 jdbc[3]: 
/**/conn0.commit();
2022-06-01 23:16:00 lock: 3 shared read lock unlock TIPO_OBJETO 
2022-06-01 23:16:00 jdbc[3]: 
/*SQL */COMMIT;
2022-06-01 23:16:00 jdbc[3]: 
/**/conn0.setAutoCommit(true);
2022-06-01 23:16:00 jdbc[3]: 
/**/conn0.commit();
2022-06-01 23:16:00 jdbc[3]: 
/*SQL */COMMIT;
Eliminado el Registro com.mycompany.bachesjpa.entity.TipoObjeto[ idTipoObjeto=2 ]
]]></system-out>
  </testcase>
  <testcase name="testContar" classname="com.mycompany.baches.control.TipoObjetoIT" time="2.028">
    <system-out><![CDATA[Contar
2022-06-01 23:16:02 jdbc[3]: 
/**/conn0.getClientInfo();
2022-06-01 23:16:02 jdbc[3]: 
/**/PreparedStatement prep43 = conn0.prepareStatement("SELECT COUNT(id_tipo_objeto) FROM public.tipo_objeto", 1003, 1007);
2022-06-01 23:16:02 jdbc[3]: 
/**/ResultSet rs13 = prep43.executeQuery();
2022-06-01 23:16:02 jdbc[3]: 
/*SQL #:1*/SELECT COUNT(id_tipo_objeto) FROM public.tipo_objeto;
2022-06-01 23:16:02 jdbc[3]: 
/**/ResultSetMetaData rsMeta8 = rs13.getMetaData();
2022-06-01 23:16:02 jdbc[3]: 
/**/conn0.getCatalog();
2022-06-01 23:16:02 jdbc[3]: 
/**/rsMeta8.getColumnCount();
2022-06-01 23:16:02 jdbc[3]: 
/**/rs13.next();
2022-06-01 23:16:02 jdbc[3]: 
/**/rsMeta8.getColumnType(1);
2022-06-01 23:16:02 jdbc[3]: 
/**/rs13.getLong(1);
2022-06-01 23:16:02 jdbc[3]: 
/**/rs13.next();
2022-06-01 23:16:02 jdbc[3]: 
/**/rs13.close();
2022-06-01 23:16:02 jdbc[3]: 
/**/prep43.close();
2022-06-01 23:16:02 jdbc[3]: 
/**/conn0.setClientInfo(properties);
Se encontraron 3 registros
]]></system-out>
  </testcase>
  <testcase name="testfindById" classname="com.mycompany.baches.control.TipoObjetoIT" time="0.025">
    <system-out><![CDATA[findById
Se encontro el resultado true
]]></system-out>
  </testcase>
</testsuite>