<?xml version="1.0" encoding="UTF-8"?>
<testsuite xmlns:xsi="http://www.w3.org/2001/XMLSchema-instance" xsi:noNamespaceSchemaLocation="https://maven.apache.org/surefire/maven-failsafe-plugin/xsd/failsafe-test-report-3.0.xsd" version="3.0" name="com.mycompany.baches.resources.ObjetoEstadoResourceIT" time="2.489" tests="5" errors="0" skipped="0" failures="0">
  <properties>
[...]
</properties>
  <testcase name="testFindAll" classname="com.mycompany.baches.resources.ObjetoEstadoResourceIT" time="0.312">
    <system-out><![CDATA[2020e7a6-bf3f-4c32-95a6-229b56b4c8e4.war:
/WEB-INF/
/WEB-INF/classes/
/WEB-INF/classes/com/
/WEB-INF/classes/com/mycompany/
/WEB-INF/classes/com/mycompany/baches/
/WEB-INF/classes/com/mycompany/baches/entity/
/WEB-INF/classes/com/mycompany/baches/entity/TipoObjeto.class
/WEB-INF/classes/com/mycompany/baches/entity/ObjetoEstado.class
/WEB-INF/classes/com/mycompany/baches/entity/Estado.class
/WEB-INF/classes/com/mycompany/baches/entity/Ruta.class
/WEB-INF/classes/com/mycompany/baches/entity/Objeto.class
/WEB-INF/classes/com/mycompany/baches/control/
/WEB-INF/classes/com/mycompany/baches/control/AbstractDataAccess.class
/WEB-INF/classes/com/mycompany/baches/control/ObjetoEstadoBean.class
/WEB-INF/classes/com/mycompany/baches/resources/
/WEB-INF/classes/com/mycompany/baches/resources/JakartaRestConfiguration.class
/WEB-INF/classes/com/mycompany/baches/resources/ObjetoEstadoResource.class
/WEB-INF/classes/persistence-arquillian.xml
/WEB-INF/classes/META-INF/
/WEB-INF/classes/META-INF/persistence.xml
/WEB-INF/classes/META-INF/sql/
/WEB-INF/classes/META-INF/sql/datos.sql
/WEB-INF/beans.xml
2022-05-30 22:48:34 jdbc[3]: 
/**/conn0.getClientInfo();
2022-05-30 22:48:34 jdbc[3]: 
/**/DatabaseMetaData dbMeta3 = conn0.getMetaData();
2022-05-30 22:48:34 jdbc[3]: 
/**/dbMeta3.getDatabaseProductName();
2022-05-30 22:48:34 jdbc[3]: 
/**/dbMeta3.getDatabaseProductVersion();
2022-05-30 22:48:34 jdbc[3]: 
/**/dbMeta3.getDatabaseMajorVersion();
2022-05-30 22:48:34 jdbc[3]: 
/**/DatabaseMetaData dbMeta4 = conn0.getMetaData();
2022-05-30 22:48:34 jdbc[3]: 
/**/dbMeta4.getDriverName();
2022-05-30 22:48:34 jdbc[3]: 
/**/conn0.setClientInfo(properties);
2022-05-30 22:48:34 jdbc[3]: 
/**/conn0.getClientInfo();
2022-05-30 22:48:34 jdbc[3]: 
/**/conn0.setClientInfo(properties);
2022-05-30 22:48:34 jdbc[3]: 
/**/conn0.getClientInfo();
2022-05-30 22:48:34 jdbc[3]: 
/**/conn0.setClientInfo(properties);
2022-05-30 22:48:34 jdbc[3]: 
/**/conn0.getClientInfo();
2022-05-30 22:48:34 jdbc[3]: 
/**/PreparedStatement prep44 = conn0.prepareStatement("SELECT 1 FROM public.estado", 1003, 1007);
2022-05-30 22:48:34 jdbc[3]: Plan       : calculate cost for plan [PUBLIC.ESTADO]
2022-05-30 22:48:34 jdbc[3]: Plan       :   for table filter PUBLIC.ESTADO
2022-05-30 22:48:34 jdbc[3]: Table      :     potential plan item cost 10,230 index PUBLIC.ESTADO.tableScan
2022-05-30 22:48:34 jdbc[3]: Table      :     potential plan item cost 10,240 index PUBLIC.PRIMARY_KEY_7
2022-05-30 22:48:34 jdbc[3]: Plan       :   best plan item cost 10,230 index PUBLIC.ESTADO.tableScan
2022-05-30 22:48:34 jdbc[3]: Plan       : plan cost 10,231
2022-05-30 22:48:34 jdbc[3]: 
/**/prep44.setMaxRows(1);
2022-05-30 22:48:34 jdbc[3]: 
/**/ResultSet rs14 = prep44.executeQuery();
2022-05-30 22:48:34 jdbc[3]: 
/*SQL #:1*/SELECT 1 FROM public.estado;
2022-05-30 22:48:34 jdbc[3]: 
/**/ResultSetMetaData rsMeta9 = rs14.getMetaData();
2022-05-30 22:48:34 jdbc[3]: 
/**/conn0.getCatalog();
2022-05-30 22:48:34 jdbc[3]: 
/**/rsMeta9.getColumnCount();
2022-05-30 22:48:34 jdbc[3]: 
/**/rsMeta9.getColumnCount();
2022-05-30 22:48:34 jdbc[3]: 
/**/rsMeta9.getColumnLabel(1);
2022-05-30 22:48:34 jdbc[3]: 
/**/rsMeta9.getColumnCount();
2022-05-30 22:48:34 jdbc[3]: 
/**/ResultSetMetaData rsMeta10 = rs14.getMetaData();
2022-05-30 22:48:34 jdbc[3]: 
/**/conn0.getCatalog();
2022-05-30 22:48:34 jdbc[3]: 
/**/rsMeta10.getColumnCount();
2022-05-30 22:48:34 jdbc[3]: 
/**/rs14.next();
2022-05-30 22:48:34 jdbc[3]: 
/**/rsMeta10.getColumnType(1);
2022-05-30 22:48:34 jdbc[3]: 
/**/rs14.getObject(1);
2022-05-30 22:48:34 jdbc[3]: 
/**/rs14.next();
2022-05-30 22:48:34 jdbc[3]: 
/**/rs14.close();
2022-05-30 22:48:34 jdbc[3]: 
/**/prep44.close();
2022-05-30 22:48:34 jdbc[3]: 
/**/conn0.setClientInfo(properties);
2022-05-30 22:48:34 jdbc[3]: 
/**/conn0.getClientInfo();
2022-05-30 22:48:34 jdbc[3]: 
/**/PreparedStatement prep45 = conn0.prepareStatement("SELECT 1 FROM public.objeto", 1003, 1007);
2022-05-30 22:48:34 jdbc[3]: Plan       : calculate cost for plan [PUBLIC.OBJETO]
2022-05-30 22:48:34 jdbc[3]: Plan       :   for table filter PUBLIC.OBJETO
2022-05-30 22:48:34 jdbc[3]: Table      :     potential plan item cost 10,230 index PUBLIC.OBJETO.tableScan
2022-05-30 22:48:34 jdbc[3]: Table      :     potential plan item cost 10,240 index PUBLIC.PRIMARY_KEY_8
2022-05-30 22:48:34 jdbc[3]: Table      :     potential plan item cost 10,050 index PUBLIC.FK_OBJETO_ID_TIPO_OBJETO_INDEX_8
2022-05-30 22:48:34 jdbc[3]: Plan       :   best plan item cost 10,050 index PUBLIC.FK_OBJETO_ID_TIPO_OBJETO_INDEX_8
2022-05-30 22:48:34 jdbc[3]: Plan       : plan cost 10,051
2022-05-30 22:48:34 jdbc[3]: 
/**/prep45.setMaxRows(1);
2022-05-30 22:48:34 jdbc[3]: 
/**/ResultSet rs15 = prep45.executeQuery();
2022-05-30 22:48:34 jdbc[3]: 
/*SQL #:1*/SELECT 1 FROM public.objeto;
2022-05-30 22:48:34 jdbc[3]: 
/**/ResultSetMetaData rsMeta11 = rs15.getMetaData();
2022-05-30 22:48:34 jdbc[3]: 
/**/conn0.getCatalog();
2022-05-30 22:48:34 jdbc[3]: 
/**/rsMeta11.getColumnCount();
2022-05-30 22:48:34 jdbc[3]: 
/**/rsMeta11.getColumnCount();
2022-05-30 22:48:34 jdbc[3]: 
/**/rsMeta11.getColumnLabel(1);
2022-05-30 22:48:34 jdbc[3]: 
/**/rsMeta11.getColumnCount();
2022-05-30 22:48:34 jdbc[3]: 
/**/ResultSetMetaData rsMeta12 = rs15.getMetaData();
2022-05-30 22:48:34 jdbc[3]: 
/**/conn0.getCatalog();
2022-05-30 22:48:34 jdbc[3]: 
/**/rsMeta12.getColumnCount();
2022-05-30 22:48:34 jdbc[3]: 
/**/rs15.next();
2022-05-30 22:48:34 jdbc[3]: 
/**/rsMeta12.getColumnType(1);
2022-05-30 22:48:34 jdbc[3]: 
/**/rs15.getObject(1);
2022-05-30 22:48:34 jdbc[3]: 
/**/rs15.next();
2022-05-30 22:48:34 jdbc[3]: 
/**/rs15.close();
2022-05-30 22:48:34 jdbc[3]: 
/**/prep45.close();
2022-05-30 22:48:34 jdbc[3]: 
/**/conn0.setClientInfo(properties);
2022-05-30 22:48:34 jdbc[3]: 
/**/conn0.getClientInfo();
2022-05-30 22:48:34 jdbc[3]: 
/**/PreparedStatement prep46 = conn0.prepareStatement("SELECT 1 FROM public.objeto_estado", 1003, 1007);
2022-05-30 22:48:34 jdbc[3]: Plan       : calculate cost for plan [PUBLIC.OBJETO_ESTADO]
2022-05-30 22:48:34 jdbc[3]: Plan       :   for table filter PUBLIC.OBJETO_ESTADO
2022-05-30 22:48:34 jdbc[3]: Table      :     potential plan item cost 10,230 index PUBLIC.OBJETO_ESTADO.tableScan
2022-05-30 22:48:34 jdbc[3]: Table      :     potential plan item cost 10,240 index PUBLIC.PRIMARY_KEY_4
2022-05-30 22:48:34 jdbc[3]: Table      :     potential plan item cost 10,050 index PUBLIC.FK_OBJETO_ESTADO_ID_OBJETO_INDEX_4
2022-05-30 22:48:34 jdbc[3]: Table      :     potential plan item cost 10,050 index PUBLIC.FK_OBJETO_ESTADO_ID_ESTADO_INDEX_4
2022-05-30 22:48:34 jdbc[3]: Plan       :   best plan item cost 10,050 index PUBLIC.FK_OBJETO_ESTADO_ID_OBJETO_INDEX_4
2022-05-30 22:48:34 jdbc[3]: Plan       : plan cost 10,051
2022-05-30 22:48:34 jdbc[3]: 
/**/prep46.setMaxRows(1);
2022-05-30 22:48:34 jdbc[3]: 
/**/ResultSet rs16 = prep46.executeQuery();
2022-05-30 22:48:34 jdbc[3]: 
/*SQL #:1*/SELECT 1 FROM public.objeto_estado;
2022-05-30 22:48:34 jdbc[3]: 
/**/ResultSetMetaData rsMeta13 = rs16.getMetaData();
2022-05-30 22:48:34 jdbc[3]: 
/**/conn0.getCatalog();
2022-05-30 22:48:34 jdbc[3]: 
/**/rsMeta13.getColumnCount();
2022-05-30 22:48:34 jdbc[3]: 
/**/rsMeta13.getColumnCount();
2022-05-30 22:48:34 jdbc[3]: 
/**/rsMeta13.getColumnLabel(1);
2022-05-30 22:48:34 jdbc[3]: 
/**/rsMeta13.getColumnCount();
2022-05-30 22:48:34 jdbc[3]: 
/**/ResultSetMetaData rsMeta14 = rs16.getMetaData();
2022-05-30 22:48:34 jdbc[3]: 
/**/conn0.getCatalog();
2022-05-30 22:48:34 jdbc[3]: 
/**/rsMeta14.getColumnCount();
2022-05-30 22:48:34 jdbc[3]: 
/**/rs16.next();
2022-05-30 22:48:34 jdbc[3]: 
/**/rsMeta14.getColumnType(1);
2022-05-30 22:48:34 jdbc[3]: 
/**/rs16.getObject(1);
2022-05-30 22:48:34 jdbc[3]: 
/**/rs16.next();
2022-05-30 22:48:34 jdbc[3]: 
/**/rs16.close();
2022-05-30 22:48:34 jdbc[3]: 
/**/prep46.close();
2022-05-30 22:48:34 jdbc[3]: 
/**/conn0.setClientInfo(properties);
2022-05-30 22:48:34 jdbc[3]: 
/**/conn0.getClientInfo();
2022-05-30 22:48:34 jdbc[3]: 
/**/PreparedStatement prep47 = conn0.prepareStatement("SELECT 1 FROM public.ruta", 1003, 1007);
2022-05-30 22:48:34 jdbc[3]: Plan       : calculate cost for plan [PUBLIC.RUTA]
2022-05-30 22:48:34 jdbc[3]: Plan       :   for table filter PUBLIC.RUTA
2022-05-30 22:48:34 jdbc[3]: Table      :     potential plan item cost 10,230 index PUBLIC.RUTA.tableScan
2022-05-30 22:48:34 jdbc[3]: Table      :     potential plan item cost 10,240 index PUBLIC.PRIMARY_KEY_2
2022-05-30 22:48:34 jdbc[3]: Plan       :   best plan item cost 10,230 index PUBLIC.RUTA.tableScan
2022-05-30 22:48:34 jdbc[3]: Plan       : plan cost 10,231
2022-05-30 22:48:34 jdbc[3]: 
/**/prep47.setMaxRows(1);
2022-05-30 22:48:34 jdbc[3]: 
/**/ResultSet rs17 = prep47.executeQuery();
2022-05-30 22:48:34 jdbc[3]: 
/*SQL #:1*/SELECT 1 FROM public.ruta;
2022-05-30 22:48:34 jdbc[3]: 
/**/ResultSetMetaData rsMeta15 = rs17.getMetaData();
2022-05-30 22:48:34 jdbc[3]: 
/**/conn0.getCatalog();
2022-05-30 22:48:34 jdbc[3]: 
/**/rsMeta15.getColumnCount();
2022-05-30 22:48:34 jdbc[3]: 
/**/rsMeta15.getColumnCount();
2022-05-30 22:48:34 jdbc[3]: 
/**/rsMeta15.getColumnLabel(1);
2022-05-30 22:48:34 jdbc[3]: 
/**/rsMeta15.getColumnCount();
2022-05-30 22:48:34 jdbc[3]: 
/**/ResultSetMetaData rsMeta16 = rs17.getMetaData();
2022-05-30 22:48:34 jdbc[3]: 
/**/conn0.getCatalog();
2022-05-30 22:48:34 jdbc[3]: 
/**/rsMeta16.getColumnCount();
2022-05-30 22:48:34 jdbc[3]: 
/**/rs17.next();
2022-05-30 22:48:34 jdbc[3]: 
/**/rsMeta16.getColumnType(1);
2022-05-30 22:48:34 jdbc[3]: 
/**/rs17.getObject(1);
2022-05-30 22:48:34 jdbc[3]: 
/**/rs17.next();
2022-05-30 22:48:34 jdbc[3]: 
/**/rs17.close();
2022-05-30 22:48:34 jdbc[3]: 
/**/prep47.close();
2022-05-30 22:48:34 jdbc[3]: 
/**/conn0.setClientInfo(properties);
2022-05-30 22:48:34 jdbc[3]: 
/**/conn0.getClientInfo();
2022-05-30 22:48:34 jdbc[3]: 
/**/PreparedStatement prep48 = conn0.prepareStatement("SELECT 1 FROM public.tipo_objeto", 1003, 1007);
2022-05-30 22:48:34 jdbc[3]: Plan       : calculate cost for plan [PUBLIC.TIPO_OBJETO]
2022-05-30 22:48:34 jdbc[3]: Plan       :   for table filter PUBLIC.TIPO_OBJETO
2022-05-30 22:48:34 jdbc[3]: Table      :     potential plan item cost 10,230 index PUBLIC.TIPO_OBJETO.tableScan
2022-05-30 22:48:34 jdbc[3]: Table      :     potential plan item cost 10,240 index PUBLIC.PRIMARY_KEY_1
2022-05-30 22:48:34 jdbc[3]: Plan       :   best plan item cost 10,230 index PUBLIC.TIPO_OBJETO.tableScan
2022-05-30 22:48:34 jdbc[3]: Plan       : plan cost 10,231
2022-05-30 22:48:34 jdbc[3]: 
/**/prep48.setMaxRows(1);
2022-05-30 22:48:34 jdbc[3]: 
/**/ResultSet rs18 = prep48.executeQuery();
2022-05-30 22:48:34 jdbc[3]: 
/*SQL #:1*/SELECT 1 FROM public.tipo_objeto;
2022-05-30 22:48:34 jdbc[3]: 
/**/ResultSetMetaData rsMeta17 = rs18.getMetaData();
2022-05-30 22:48:34 jdbc[3]: 
/**/conn0.getCatalog();
2022-05-30 22:48:34 jdbc[3]: 
/**/rsMeta17.getColumnCount();
2022-05-30 22:48:34 jdbc[3]: 
/**/rsMeta17.getColumnCount();
2022-05-30 22:48:34 jdbc[3]: 
/**/rsMeta17.getColumnLabel(1);
2022-05-30 22:48:34 jdbc[3]: 
/**/rsMeta17.getColumnCount();
2022-05-30 22:48:34 jdbc[3]: 
/**/ResultSetMetaData rsMeta18 = rs18.getMetaData();
2022-05-30 22:48:34 jdbc[3]: 
/**/conn0.getCatalog();
2022-05-30 22:48:34 jdbc[3]: 
/**/rsMeta18.getColumnCount();
2022-05-30 22:48:34 jdbc[3]: 
/**/rs18.next();
2022-05-30 22:48:34 jdbc[3]: 
/**/rsMeta18.getColumnType(1);
2022-05-30 22:48:34 jdbc[3]: 
/**/rs18.getObject(1);
2022-05-30 22:48:34 jdbc[3]: 
/**/rs18.next();
2022-05-30 22:48:34 jdbc[3]: 
/**/rs18.close();
2022-05-30 22:48:34 jdbc[3]: 
/**/prep48.close();
2022-05-30 22:48:34 jdbc[3]: 
/**/conn0.setClientInfo(properties);
2022-05-30 22:48:34 jdbc[3]: 
/**/conn0.getClientInfo();
2022-05-30 22:48:34 jdbc[3]: 
/**/PreparedStatement prep49 = conn0.prepareStatement("INSERT INTO estado (nombre, fecha_creacion) VALUES('Insertado desde datos.sql','2022-05-01');", 1003, 1007);
2022-05-30 22:48:34 jdbc[3]: 
/**/prep49.executeUpdate();
2022-05-30 22:48:34 lock: 3 shared read lock requesting for ESTADO 
2022-05-30 22:48:34 lock: 3 shared read lock ok ESTADO 
2022-05-30 22:48:34 jdbc[3]: 
/*SQL #:1*/INSERT INTO estado (nombre, fecha_creacion) VALUES('Insertado desde datos.sql','2022-05-01');
2022-05-30 22:48:34 lock: 3 shared read lock unlock ESTADO 
2022-05-30 22:48:34 jdbc[3]: 
/**/prep49.close();
2022-05-30 22:48:34 jdbc[3]: 
/**/conn0.setClientInfo(properties);
2022-05-30 22:48:34 jdbc[3]: 
/**/conn0.getClientInfo();
2022-05-30 22:48:34 jdbc[3]: 
/**/PreparedStatement prep50 = conn0.prepareStatement("INSERT INTO estado (nombre, fecha_creacion) VALUES('Insertado desde datos.sql','2022-05-02');", 1003, 1007);
2022-05-30 22:48:34 jdbc[3]: 
/**/prep50.executeUpdate();
2022-05-30 22:48:34 lock: 3 shared read lock requesting for ESTADO 
2022-05-30 22:48:34 lock: 3 shared read lock ok ESTADO 
2022-05-30 22:48:34 jdbc[3]: 
/*SQL #:1*/INSERT INTO estado (nombre, fecha_creacion) VALUES('Insertado desde datos.sql','2022-05-02');
2022-05-30 22:48:34 lock: 3 shared read lock unlock ESTADO 
2022-05-30 22:48:34 jdbc[3]: 
/**/prep50.close();
2022-05-30 22:48:34 jdbc[3]: 
/**/conn0.setClientInfo(properties);
2022-05-30 22:48:34 jdbc[3]: 
/**/conn0.getClientInfo();
2022-05-30 22:48:34 jdbc[3]: 
/**/PreparedStatement prep51 = conn0.prepareStatement("INSERT INTO estado (nombre, fecha_creacion) VALUES('Insertado desde datos.sql','2022-05-03');", 1003, 1007);
2022-05-30 22:48:34 jdbc[3]: 
/**/prep51.executeUpdate();
2022-05-30 22:48:34 lock: 3 shared read lock requesting for ESTADO 
2022-05-30 22:48:34 lock: 3 shared read lock ok ESTADO 
2022-05-30 22:48:34 jdbc[3]: 
/*SQL #:1*/INSERT INTO estado (nombre, fecha_creacion) VALUES('Insertado desde datos.sql','2022-05-03');
2022-05-30 22:48:34 lock: 3 shared read lock unlock ESTADO 
2022-05-30 22:48:34 jdbc[3]: 
/**/prep51.close();
2022-05-30 22:48:34 jdbc[3]: 
/**/conn0.setClientInfo(properties);
2022-05-30 22:48:34 jdbc[3]: 
/**/conn0.getClientInfo();
2022-05-30 22:48:34 jdbc[3]: 
/**/PreparedStatement prep52 = conn0.prepareStatement("INSERT INTO objeto (longitud, latitud,nombre) VALUES('1.3845285035','5.3456798788','Insertado desde datos.sql');", 1003, 1007);
2022-05-30 22:48:34 jdbc[3]: 
/**/prep52.executeUpdate();
2022-05-30 22:48:34 lock: 3 shared read lock requesting for OBJETO 
2022-05-30 22:48:34 lock: 3 shared read lock ok OBJETO 
2022-05-30 22:48:34 jdbc[3]: 
/*SQL #:1*/INSERT INTO objeto (longitud, latitud,nombre) VALUES('1.3845285035','5.3456798788','Insertado desde datos.sql');
2022-05-30 22:48:34 lock: 3 shared read lock unlock OBJETO 
2022-05-30 22:48:34 jdbc[3]: 
/**/prep52.close();
2022-05-30 22:48:34 jdbc[3]: 
/**/conn0.setClientInfo(properties);
2022-05-30 22:48:34 jdbc[3]: 
/**/conn0.getClientInfo();
2022-05-30 22:48:34 jdbc[3]: 
/**/PreparedStatement prep53 = conn0.prepareStatement("INSERT INTO objeto (longitud, latitud,nombre) VALUES('2.5392273491','3.5559444444','Insertado desde datos.sql');", 1003, 1007);
2022-05-30 22:48:34 jdbc[3]: 
/**/prep53.executeUpdate();
2022-05-30 22:48:34 lock: 3 shared read lock requesting for OBJETO 
2022-05-30 22:48:34 lock: 3 shared read lock ok OBJETO 
2022-05-30 22:48:34 jdbc[3]: 
/*SQL #:1*/INSERT INTO objeto (longitud, latitud,nombre) VALUES('2.5392273491','3.5559444444','Insertado desde datos.sql');
2022-05-30 22:48:34 lock: 3 shared read lock unlock OBJETO 
2022-05-30 22:48:34 jdbc[3]: 
/**/prep53.close();
2022-05-30 22:48:34 jdbc[3]: 
/**/conn0.setClientInfo(properties);
2022-05-30 22:48:34 jdbc[3]: 
/**/conn0.getClientInfo();
2022-05-30 22:48:34 jdbc[3]: 
/**/PreparedStatement prep54 = conn0.prepareStatement("INSERT INTO objeto (longitud, latitud,nombre) VALUES('3.1234987654','1.0873023588','Insertado desde datos.sql');", 1003, 1007);
2022-05-30 22:48:34 jdbc[3]: 
/**/prep54.executeUpdate();
2022-05-30 22:48:34 lock: 3 shared read lock requesting for OBJETO 
2022-05-30 22:48:34 lock: 3 shared read lock ok OBJETO 
2022-05-30 22:48:34 jdbc[3]: 
/*SQL #:1*/INSERT INTO objeto (longitud, latitud,nombre) VALUES('3.1234987654','1.0873023588','Insertado desde datos.sql');
2022-05-30 22:48:34 lock: 3 shared read lock unlock OBJETO 
2022-05-30 22:48:34 jdbc[3]: 
/**/prep54.close();
2022-05-30 22:48:34 jdbc[3]: 
/**/conn0.setClientInfo(properties);
2022-05-30 22:48:34 jdbc[3]: 
/**/conn0.getClientInfo();
2022-05-30 22:48:34 jdbc[3]: 
/**/PreparedStatement prep55 = conn0.prepareStatement("INSERT INTO objeto_estado(actual,fecha_alcanzado) VALUES(true,'2022-05-02');", 1003, 1007);
2022-05-30 22:48:34 jdbc[3]: 
/**/prep55.executeUpdate();
2022-05-30 22:48:34 lock: 3 shared read lock requesting for OBJETO_ESTADO 
2022-05-30 22:48:34 lock: 3 shared read lock ok OBJETO_ESTADO 
2022-05-30 22:48:34 jdbc[3]: 
/*SQL #:1*/INSERT INTO objeto_estado(actual,fecha_alcanzado) VALUES(true,'2022-05-02');
2022-05-30 22:48:34 lock: 3 shared read lock unlock OBJETO_ESTADO 
2022-05-30 22:48:34 jdbc[3]: 
/**/prep55.close();
2022-05-30 22:48:34 jdbc[3]: 
/**/conn0.setClientInfo(properties);
2022-05-30 22:48:34 jdbc[3]: 
/**/conn0.getClientInfo();
2022-05-30 22:48:34 jdbc[3]: 
/**/PreparedStatement prep56 = conn0.prepareStatement("INSERT INTO objeto_estado(actual,fecha_alcanzado) VALUES(false,'2022-05-02');", 1003, 1007);
2022-05-30 22:48:34 jdbc[3]: 
/**/prep56.executeUpdate();
2022-05-30 22:48:34 lock: 3 shared read lock requesting for OBJETO_ESTADO 
2022-05-30 22:48:34 lock: 3 shared read lock ok OBJETO_ESTADO 
2022-05-30 22:48:34 jdbc[3]: 
/*SQL #:1*/INSERT INTO objeto_estado(actual,fecha_alcanzado) VALUES(false,'2022-05-02');
2022-05-30 22:48:34 lock: 3 shared read lock unlock OBJETO_ESTADO 
2022-05-30 22:48:34 jdbc[3]: 
/**/prep56.close();
2022-05-30 22:48:34 jdbc[3]: 
/**/conn0.setClientInfo(properties);
2022-05-30 22:48:34 jdbc[3]: 
/**/conn0.getClientInfo();
2022-05-30 22:48:34 jdbc[3]: 
/**/PreparedStatement prep57 = conn0.prepareStatement("INSERT INTO objeto_estado(actual,fecha_alcanzado) VALUES(true,'2022-05-02');", 1003, 1007);
2022-05-30 22:48:34 jdbc[3]: 
/**/prep57.executeUpdate();
2022-05-30 22:48:34 lock: 3 shared read lock requesting for OBJETO_ESTADO 
2022-05-30 22:48:34 lock: 3 shared read lock ok OBJETO_ESTADO 
2022-05-30 22:48:34 jdbc[3]: 
/*SQL #:1*/INSERT INTO objeto_estado(actual,fecha_alcanzado) VALUES(true,'2022-05-02');
2022-05-30 22:48:34 lock: 3 shared read lock unlock OBJETO_ESTADO 
2022-05-30 22:48:34 jdbc[3]: 
/**/prep57.close();
2022-05-30 22:48:34 jdbc[3]: 
/**/conn0.setClientInfo(properties);
2022-05-30 22:48:34 jdbc[3]: 
/**/conn0.getClientInfo();
2022-05-30 22:48:34 jdbc[3]: 
/**/PreparedStatement prep58 = conn0.prepareStatement("INSERT INTO ruta(nombre,fecha_creacion) VALUES('Insertado desde datos.sql','2022-05-03');", 1003, 1007);
2022-05-30 22:48:34 jdbc[3]: 
/**/prep58.executeUpdate();
2022-05-30 22:48:34 lock: 3 shared read lock requesting for RUTA 
2022-05-30 22:48:34 lock: 3 shared read lock ok RUTA 
2022-05-30 22:48:34 jdbc[3]: 
/*SQL #:1*/INSERT INTO ruta(nombre,fecha_creacion) VALUES('Insertado desde datos.sql','2022-05-03');
2022-05-30 22:48:34 lock: 3 shared read lock unlock RUTA 
2022-05-30 22:48:34 jdbc[3]: 
/**/prep58.close();
2022-05-30 22:48:34 jdbc[3]: 
/**/conn0.setClientInfo(properties);
2022-05-30 22:48:34 jdbc[3]: 
/**/conn0.getClientInfo();
2022-05-30 22:48:34 jdbc[3]: 
/**/PreparedStatement prep59 = conn0.prepareStatement("INSERT INTO ruta(nombre,fecha_creacion) VALUES('Insertado desde datos.sql','2022-05-03');", 1003, 1007);
2022-05-30 22:48:34 jdbc[3]: 
/**/prep59.executeUpdate();
2022-05-30 22:48:34 lock: 3 shared read lock requesting for RUTA 
2022-05-30 22:48:34 lock: 3 shared read lock ok RUTA 
2022-05-30 22:48:34 jdbc[3]: 
/*SQL #:1*/INSERT INTO ruta(nombre,fecha_creacion) VALUES('Insertado desde datos.sql','2022-05-03');
2022-05-30 22:48:34 lock: 3 shared read lock unlock RUTA 
2022-05-30 22:48:34 jdbc[3]: 
/**/prep59.close();
2022-05-30 22:48:34 jdbc[3]: 
/**/conn0.setClientInfo(properties);
2022-05-30 22:48:34 jdbc[3]: 
/**/conn0.getClientInfo();
2022-05-30 22:48:34 jdbc[3]: 
/**/PreparedStatement prep60 = conn0.prepareStatement("INSERT INTO ruta(nombre,fecha_creacion) VALUES('Insertado desde datos.sql','2022-05-03');", 1003, 1007);
2022-05-30 22:48:34 jdbc[3]: 
/**/prep60.executeUpdate();
2022-05-30 22:48:34 lock: 3 shared read lock requesting for RUTA 
2022-05-30 22:48:34 lock: 3 shared read lock ok RUTA 
2022-05-30 22:48:34 jdbc[3]: 
/*SQL #:1*/INSERT INTO ruta(nombre,fecha_creacion) VALUES('Insertado desde datos.sql','2022-05-03');
2022-05-30 22:48:34 lock: 3 shared read lock unlock RUTA 
2022-05-30 22:48:34 jdbc[3]: 
/**/prep60.close();
2022-05-30 22:48:34 jdbc[3]: 
/**/conn0.setClientInfo(properties);
2022-05-30 22:48:34 jdbc[3]: 
/**/conn0.getClientInfo();
2022-05-30 22:48:34 jdbc[3]: 
/**/PreparedStatement prep61 = conn0.prepareStatement("INSERT INTO tipo_objeto (activo,fecha_creacion) VALUES (true,'2022-3-21');", 1003, 1007);
2022-05-30 22:48:34 jdbc[3]: 
/**/prep61.executeUpdate();
2022-05-30 22:48:34 lock: 3 shared read lock requesting for TIPO_OBJETO 
2022-05-30 22:48:34 lock: 3 shared read lock ok TIPO_OBJETO 
2022-05-30 22:48:34 jdbc[3]: 
/*SQL #:1*/INSERT INTO tipo_objeto (activo,fecha_creacion) VALUES (true,'2022-3-21');
2022-05-30 22:48:34 lock: 3 shared read lock unlock TIPO_OBJETO 
2022-05-30 22:48:34 jdbc[3]: 
/**/prep61.close();
2022-05-30 22:48:34 jdbc[3]: 
/**/conn0.setClientInfo(properties);
2022-05-30 22:48:34 jdbc[3]: 
/**/conn0.getClientInfo();
2022-05-30 22:48:34 jdbc[3]: 
/**/PreparedStatement prep62 = conn0.prepareStatement("INSERT INTO tipo_objeto (activo,fecha_creacion) VALUES (true,'2022-3-22');", 1003, 1007);
2022-05-30 22:48:34 jdbc[3]: 
/**/prep62.executeUpdate();
2022-05-30 22:48:34 lock: 3 shared read lock requesting for TIPO_OBJETO 
2022-05-30 22:48:34 lock: 3 shared read lock ok TIPO_OBJETO 
2022-05-30 22:48:34 jdbc[3]: 
/*SQL #:1*/INSERT INTO tipo_objeto (activo,fecha_creacion) VALUES (true,'2022-3-22');
2022-05-30 22:48:34 lock: 3 shared read lock unlock TIPO_OBJETO 
2022-05-30 22:48:34 jdbc[3]: 
/**/prep62.close();
2022-05-30 22:48:34 jdbc[3]: 
/**/conn0.setClientInfo(properties);
2022-05-30 22:48:34 jdbc[3]: 
/**/conn0.getClientInfo();
2022-05-30 22:48:34 jdbc[3]: 
/**/PreparedStatement prep63 = conn0.prepareStatement("INSERT INTO tipo_objeto (activo,fecha_creacion) VALUES (true,'2022-3-23');", 1003, 1007);
2022-05-30 22:48:34 jdbc[3]: 
/**/prep63.executeUpdate();
2022-05-30 22:48:34 lock: 3 shared read lock requesting for TIPO_OBJETO 
2022-05-30 22:48:34 lock: 3 shared read lock ok TIPO_OBJETO 
2022-05-30 22:48:34 jdbc[3]: 
/*SQL #:1*/INSERT INTO tipo_objeto (activo,fecha_creacion) VALUES (true,'2022-3-23');
2022-05-30 22:48:34 lock: 3 shared read lock unlock TIPO_OBJETO 
2022-05-30 22:48:34 jdbc[3]: 
/**/prep63.close();
2022-05-30 22:48:34 jdbc[3]: 
/**/conn0.setClientInfo(properties);


*************************************************************
findAllObjetoEstado
2022-05-30 22:48:35 jdbc[3]: 
/**/conn0.getClientInfo();
2022-05-30 22:48:35 jdbc[3]: 
/**/PreparedStatement prep64 = conn0.prepareStatement("SELECT id_objeto_estado, actual, fecha_alcanzado, observaciones, id_estado, id_objeto FROM public.objeto_estado", 1003, 1007);
2022-05-30 22:48:35 jdbc[3]: Plan       : calculate cost for plan [PUBLIC.OBJETO_ESTADO]
2022-05-30 22:48:35 jdbc[3]: Plan       :   for table filter PUBLIC.OBJETO_ESTADO
2022-05-30 22:48:35 jdbc[3]: Table      :     potential plan item cost 10,260 index PUBLIC.OBJETO_ESTADO.tableScan
2022-05-30 22:48:35 jdbc[3]: Table      :     potential plan item cost 10,270 index PUBLIC.PRIMARY_KEY_4
2022-05-30 22:48:35 jdbc[3]: Table      :     potential plan item cost 20,340 index PUBLIC.FK_OBJETO_ESTADO_ID_OBJETO_INDEX_4
2022-05-30 22:48:35 jdbc[3]: Table      :     potential plan item cost 20,340 index PUBLIC.FK_OBJETO_ESTADO_ID_ESTADO_INDEX_4
2022-05-30 22:48:35 jdbc[3]: Plan       :   best plan item cost 10,260 index PUBLIC.OBJETO_ESTADO.tableScan
2022-05-30 22:48:35 jdbc[3]: Plan       : plan cost 10,261
2022-05-30 22:48:35 jdbc[3]: 
/**/ResultSet rs19 = prep64.executeQuery();
2022-05-30 22:48:35 jdbc[3]: 
/*SQL #:6*/SELECT id_objeto_estado, actual, fecha_alcanzado, observaciones, id_estado, id_objeto FROM public.objeto_estado;
2022-05-30 22:48:35 jdbc[3]: 
/**/ResultSetMetaData rsMeta19 = rs19.getMetaData();
2022-05-30 22:48:35 jdbc[3]: 
/**/conn0.getCatalog();
2022-05-30 22:48:35 jdbc[3]: 
/**/rsMeta19.getColumnCount();
2022-05-30 22:48:35 jdbc[3]: 
/**/rs19.next();
2022-05-30 22:48:35 jdbc[3]: 
/**/rsMeta19.getColumnType(1);
2022-05-30 22:48:35 jdbc[3]: 
/**/rs19.getLong(1);
2022-05-30 22:48:35 jdbc[3]: 
/**/rsMeta19.getColumnType(2);
2022-05-30 22:48:35 jdbc[3]: 
/**/rs19.getBoolean(2);
2022-05-30 22:48:35 jdbc[3]: 
/**/rsMeta19.getColumnType(3);
2022-05-30 22:48:35 jdbc[3]: 
/**/rs19.getDate(3);
2022-05-30 22:48:35 jdbc[3]: 
/**/rsMeta19.getColumnType(4);
2022-05-30 22:48:35 jdbc[3]: 
/**/rs19.getString(4);
2022-05-30 22:48:35 jdbc[3]: 
/**/rsMeta19.getColumnType(5);
2022-05-30 22:48:35 jdbc[3]: 
/**/rs19.getInt(5);
2022-05-30 22:48:35 jdbc[3]: 
/**/rs19.wasNull();
2022-05-30 22:48:35 jdbc[3]: 
/**/rsMeta19.getColumnType(6);
2022-05-30 22:48:35 jdbc[3]: 
/**/rs19.getLong(6);
2022-05-30 22:48:35 jdbc[3]: 
/**/rs19.wasNull();
2022-05-30 22:48:35 jdbc[3]: 
/**/rs19.next();
2022-05-30 22:48:35 jdbc[3]: 
/**/rs19.getLong(1);
2022-05-30 22:48:35 jdbc[3]: 
/**/rs19.getBoolean(2);
2022-05-30 22:48:35 jdbc[3]: 
/**/rs19.wasNull();
2022-05-30 22:48:35 jdbc[3]: 
/**/rs19.getDate(3);
2022-05-30 22:48:35 jdbc[3]: 
/**/rs19.getString(4);
2022-05-30 22:48:35 jdbc[3]: 
/**/rs19.getInt(5);
2022-05-30 22:48:35 jdbc[3]: 
/**/rs19.wasNull();
2022-05-30 22:48:35 jdbc[3]: 
/**/rs19.getLong(6);
2022-05-30 22:48:35 jdbc[3]: 
/**/rs19.wasNull();
2022-05-30 22:48:35 jdbc[3]: 
/**/rs19.next();
2022-05-30 22:48:35 jdbc[3]: 
/**/rs19.getLong(1);
2022-05-30 22:48:35 jdbc[3]: 
/**/rs19.getBoolean(2);
2022-05-30 22:48:35 jdbc[3]: 
/**/rs19.getDate(3);
2022-05-30 22:48:35 jdbc[3]: 
/**/rs19.getString(4);
2022-05-30 22:48:35 jdbc[3]: 
/**/rs19.getInt(5);
2022-05-30 22:48:35 jdbc[3]: 
/**/rs19.wasNull();
2022-05-30 22:48:35 jdbc[3]: 
/**/rs19.getLong(6);
2022-05-30 22:48:35 jdbc[3]: 
/**/rs19.wasNull();
2022-05-30 22:48:35 jdbc[3]: 
/**/rs19.next();
2022-05-30 22:48:35 jdbc[3]: 
/**/rs19.getLong(1);
2022-05-30 22:48:35 jdbc[3]: 
/**/rs19.getBoolean(2);
2022-05-30 22:48:35 jdbc[3]: 
/**/rs19.getDate(3);
2022-05-30 22:48:35 jdbc[3]: 
/**/rs19.getString(4);
2022-05-30 22:48:35 jdbc[3]: 
/**/rs19.getInt(5);
2022-05-30 22:48:35 jdbc[3]: 
/**/rs19.wasNull();
2022-05-30 22:48:35 jdbc[3]: 
/**/rs19.getLong(6);
2022-05-30 22:48:35 jdbc[3]: 
/**/rs19.wasNull();
2022-05-30 22:48:35 jdbc[3]: 
/**/rs19.next();
2022-05-30 22:48:35 jdbc[3]: 
/**/rs19.getLong(1);
2022-05-30 22:48:35 jdbc[3]: 
/**/rs19.getBoolean(2);
2022-05-30 22:48:35 jdbc[3]: 
/**/rs19.wasNull();
2022-05-30 22:48:35 jdbc[3]: 
/**/rs19.getDate(3);
2022-05-30 22:48:35 jdbc[3]: 
/**/rs19.getString(4);
2022-05-30 22:48:35 jdbc[3]: 
/**/rs19.getInt(5);
2022-05-30 22:48:35 jdbc[3]: 
/**/rs19.wasNull();
2022-05-30 22:48:35 jdbc[3]: 
/**/rs19.getLong(6);
2022-05-30 22:48:35 jdbc[3]: 
/**/rs19.wasNull();
2022-05-30 22:48:35 jdbc[3]: 
/**/rs19.next();
2022-05-30 22:48:35 jdbc[3]: 
/**/rs19.getLong(1);
2022-05-30 22:48:35 jdbc[3]: 
/**/rs19.getBoolean(2);
2022-05-30 22:48:35 jdbc[3]: 
/**/rs19.getDate(3);
2022-05-30 22:48:35 jdbc[3]: 
/**/rs19.getString(4);
2022-05-30 22:48:35 jdbc[3]: 
/**/rs19.getInt(5);
2022-05-30 22:48:35 jdbc[3]: 
/**/rs19.wasNull();
2022-05-30 22:48:35 jdbc[3]: 
/**/rs19.getLong(6);
2022-05-30 22:48:35 jdbc[3]: 
/**/rs19.wasNull();
2022-05-30 22:48:35 jdbc[3]: 
/**/rs19.next();
2022-05-30 22:48:35 jdbc[3]: 
/**/rs19.close();
2022-05-30 22:48:35 jdbc[3]: 
/**/prep64.close();
2022-05-30 22:48:35 jdbc[3]: 
/**/conn0.setClientInfo(properties);
2022-05-30 22:48:35 jdbc[3]: 
/**/conn0.getClientInfo();
2022-05-30 22:48:35 jdbc[3]: 
/**/PreparedStatement prep65 = conn0.prepareStatement("SELECT COUNT(id_objeto_estado) FROM public.objeto_estado", 1003, 1007);
2022-05-30 22:48:35 jdbc[3]: Plan       : calculate cost for plan [PUBLIC.OBJETO_ESTADO]
2022-05-30 22:48:35 jdbc[3]: Plan       :   for table filter PUBLIC.OBJETO_ESTADO
2022-05-30 22:48:35 jdbc[3]: Table      :     potential plan item cost 10,260 index PUBLIC.OBJETO_ESTADO.tableScan
2022-05-30 22:48:35 jdbc[3]: Table      :     potential plan item cost 10,270 index PUBLIC.PRIMARY_KEY_4
2022-05-30 22:48:35 jdbc[3]: Table      :     potential plan item cost 20,340 index PUBLIC.FK_OBJETO_ESTADO_ID_OBJETO_INDEX_4
2022-05-30 22:48:35 jdbc[3]: Table      :     potential plan item cost 20,340 index PUBLIC.FK_OBJETO_ESTADO_ID_ESTADO_INDEX_4
2022-05-30 22:48:35 jdbc[3]: Plan       :   best plan item cost 10,260 index PUBLIC.OBJETO_ESTADO.tableScan
2022-05-30 22:48:35 jdbc[3]: Plan       : plan cost 10,261
2022-05-30 22:48:35 jdbc[3]: 
/**/ResultSet rs20 = prep65.executeQuery();
2022-05-30 22:48:35 jdbc[3]: 
/*SQL #:1*/SELECT COUNT(id_objeto_estado) FROM public.objeto_estado;
2022-05-30 22:48:35 jdbc[3]: 
/**/ResultSetMetaData rsMeta20 = rs20.getMetaData();
2022-05-30 22:48:35 jdbc[3]: 
/**/conn0.getCatalog();
2022-05-30 22:48:35 jdbc[3]: 
/**/rsMeta20.getColumnCount();
2022-05-30 22:48:35 jdbc[3]: 
/**/rs20.next();
2022-05-30 22:48:35 jdbc[3]: 
/**/rsMeta20.getColumnType(1);
2022-05-30 22:48:35 jdbc[3]: 
/**/rs20.getLong(1);
2022-05-30 22:48:35 jdbc[3]: 
/**/rs20.next();
2022-05-30 22:48:35 jdbc[3]: 
/**/rs20.close();
2022-05-30 22:48:35 jdbc[3]: 
/**/prep65.close();
2022-05-30 22:48:35 jdbc[3]: 
/**/conn0.setClientInfo(properties);
Total: 6


ID: 1
ID: 2
ID: 3
ID: 4
ID: 5
ID: 6


]]></system-out>
    <system-err><![CDATA[may. 30, 2022 10:48:34 P. M. org.glassfish.hk2.classmodel.reflect.Parser awaitTermination
INFORMACIÓN: visiting unvisited references
may. 30, 2022 10:48:34 P. M. org.glassfish.hk2.classmodel.reflect.Parser awaitTermination
INFORMACIÓN: visiting unvisited references
may. 30, 2022 10:48:34 P. M. org.glassfish.hk2.classmodel.reflect.Parser awaitTermination
INFORMACIÓN: visiting unvisited references
may. 30, 2022 10:48:34 P. M. org.glassfish.hk2.classmodel.reflect.Parser awaitTermination
INFORMACIÓN: visiting unvisited references
may. 30, 2022 10:48:34 P. M. org.glassfish.hk2.classmodel.reflect.Parser awaitTermination
INFORMACIÓN: visiting unvisited references
may. 30, 2022 10:48:34 P. M. org.glassfish.hk2.classmodel.reflect.Parser awaitTermination
INFORMACIÓN: visiting unvisited references
may. 30, 2022 10:48:34 P. M. org.glassfish.hk2.classmodel.reflect.Parser awaitTermination
INFORMACIÓN: visiting unvisited references
may. 30, 2022 10:48:34 P. M. org.glassfish.hk2.classmodel.reflect.Parser awaitTermination
INFORMACIÓN: visiting unvisited references
may. 30, 2022 10:48:34 P. M. org.glassfish.hk2.classmodel.reflect.Parser awaitTermination
INFORMACIÓN: visiting unvisited references
may. 30, 2022 10:48:34 P. M. org.glassfish.hk2.classmodel.reflect.Parser awaitTermination
INFORMACIÓN: visiting unvisited references
may. 30, 2022 10:48:34 P. M. org.glassfish.hk2.classmodel.reflect.Parser awaitTermination
INFORMACIÓN: visiting unvisited references
may. 30, 2022 10:48:34 P. M. org.eclipse.persistence.session./file:/tmp/gfembed2763522546777173925tmp/applications/2020e7a6-bf3f-4c32-95a6-229b56b4c8e4/WEB-INF/classes/_Baches_PU
INFORMACIÓN: EclipseLink, version: Eclipse Persistence Services - 2.7.9.payara-p1
may. 30, 2022 10:48:34 P. M. com.sun.logging.LogDomains getResourceBundle
INFORMACIÓN: Cannot find the resource bundle for the name com.sun.logging.enterprise.system.util for class com.sun.appserv.ClassLoaderUtil using jdk.internal.loader.ClassLoaders$AppClassLoader@3d4eac69
may. 30, 2022 10:48:34 P. M. com.sun.appserv.ClassLoaderUtil releaseLoader
ADVERTENCIA: classloaderutil.errorReleasingLoader
java.lang.reflect.InaccessibleObjectException: Unable to make field private final java.util.ArrayList jdk.internal.loader.URLClassPath.loaders accessible: module java.base does not "opens jdk.internal.loader" to unnamed module @593634ad
	at java.base/java.lang.reflect.AccessibleObject.checkCanSetAccessible(AccessibleObject.java:340)
	at java.base/java.lang.reflect.AccessibleObject.checkCanSetAccessible(AccessibleObject.java:280)
	at java.base/java.lang.reflect.Field.checkCanSetAccessible(Field.java:176)
	at java.base/java.lang.reflect.Field.setAccessible(Field.java:170)
	at com.sun.appserv.ClassLoaderUtil.getField(ClassLoaderUtil.java:308)
	at com.sun.appserv.ClassLoaderUtil.initForClosingJars(ClassLoaderUtil.java:290)
	at com.sun.appserv.ClassLoaderUtil.init(ClassLoaderUtil.java:263)
	at com.sun.appserv.ClassLoaderUtil.releaseLoader(ClassLoaderUtil.java:139)
	at com.sun.appserv.ClassLoaderUtil.releaseLoader(ClassLoaderUtil.java:111)
	at org.glassfish.web.loader.WebappClassLoader.stop(WebappClassLoader.java:2000)
	at org.glassfish.web.loader.WebappClassLoader.preDestroy(WebappClassLoader.java:1961)
	at org.glassfish.deployment.common.DeploymentContextImpl.getClassLoader(DeploymentContextImpl.java:293)
	at org.glassfish.deployment.common.DeploymentContextImpl.getClassLoader(DeploymentContextImpl.java:235)
	at com.sun.enterprise.v3.server.ApplicationLifecycle.prepare(ApplicationLifecycle.java:561)
	at org.glassfish.deployment.admin.DeployCommand.execute(DeployCommand.java:588)
	at com.sun.enterprise.v3.admin.CommandRunnerImpl$2$1.run(CommandRunnerImpl.java:556)
	at com.sun.enterprise.v3.admin.CommandRunnerImpl$2$1.run(CommandRunnerImpl.java:552)
	at java.base/java.security.AccessController.doPrivileged(Native Method)
	at java.base/javax.security.auth.Subject.doAs(Subject.java:361)
	at com.sun.enterprise.v3.admin.CommandRunnerImpl$2.execute(CommandRunnerImpl.java:551)
	at com.sun.enterprise.v3.admin.CommandRunnerImpl$3.run(CommandRunnerImpl.java:582)
	at com.sun.enterprise.v3.admin.CommandRunnerImpl$3.run(CommandRunnerImpl.java:574)
	at java.base/java.security.AccessController.doPrivileged(Native Method)
	at java.base/javax.security.auth.Subject.doAs(Subject.java:361)
	at com.sun.enterprise.v3.admin.CommandRunnerImpl.doCommand(CommandRunnerImpl.java:573)
	at com.sun.enterprise.v3.admin.CommandRunnerImpl.doCommand(CommandRunnerImpl.java:1497)
	at com.sun.enterprise.v3.admin.CommandRunnerImpl.access$1300(CommandRunnerImpl.java:120)
	at com.sun.enterprise.v3.admin.CommandRunnerImpl$ExecutionContext.execute(CommandRunnerImpl.java:1879)
	at com.sun.enterprise.v3.admin.CommandRunnerImpl$ExecutionContext.execute(CommandRunnerImpl.java:1755)
	at com.sun.enterprise.admin.cli.embeddable.DeployerImpl.deploy(DeployerImpl.java:131)
	at com.sun.enterprise.admin.cli.embeddable.DeployerImpl.deploy(DeployerImpl.java:104)
	at fish.payara.arquillian.container.payara.embedded.PayaraContainer.deploy(PayaraContainer.java:236)
	at org.jboss.arquillian.container.impl.client.container.ContainerDeployController$3.call(ContainerDeployController.java:151)
	at org.jboss.arquillian.container.impl.client.container.ContainerDeployController$3.call(ContainerDeployController.java:118)
	at org.jboss.arquillian.container.impl.client.container.ContainerDeployController.executeOperation(ContainerDeployController.java:239)
	at org.jboss.arquillian.container.impl.client.container.ContainerDeployController.deploy(ContainerDeployController.java:118)
	at java.base/jdk.internal.reflect.NativeMethodAccessorImpl.invoke0(Native Method)
	at java.base/jdk.internal.reflect.NativeMethodAccessorImpl.invoke(NativeMethodAccessorImpl.java:62)
	at java.base/jdk.internal.reflect.DelegatingMethodAccessorImpl.invoke(DelegatingMethodAccessorImpl.java:43)
	at java.base/java.lang.reflect.Method.invoke(Method.java:566)
	at org.jboss.arquillian.core.impl.ObserverImpl.invoke(ObserverImpl.java:86)
	at org.jboss.arquillian.core.impl.EventContextImpl.invokeObservers(EventContextImpl.java:103)
	at org.jboss.arquillian.core.impl.EventContextImpl.proceed(EventContextImpl.java:90)
	at org.jboss.arquillian.container.impl.client.ContainerDeploymentContextHandler.createDeploymentContext(ContainerDeploymentContextHandler.java:71)
	at java.base/jdk.internal.reflect.NativeMethodAccessorImpl.invoke0(Native Method)
	at java.base/jdk.internal.reflect.NativeMethodAccessorImpl.invoke(NativeMethodAccessorImpl.java:62)
	at java.base/jdk.internal.reflect.DelegatingMethodAccessorImpl.invoke(DelegatingMethodAccessorImpl.java:43)
	at java.base/java.lang.reflect.Method.invoke(Method.java:566)
	at org.jboss.arquillian.core.impl.ObserverImpl.invoke(ObserverImpl.java:86)
	at org.jboss.arquillian.core.impl.EventContextImpl.proceed(EventContextImpl.java:95)
	at org.jboss.arquillian.container.impl.client.ContainerDeploymentContextHandler.createContainerContext(ContainerDeploymentContextHandler.java:54)
	at java.base/jdk.internal.reflect.NativeMethodAccessorImpl.invoke0(Native Method)
	at java.base/jdk.internal.reflect.NativeMethodAccessorImpl.invoke(NativeMethodAccessorImpl.java:62)
	at java.base/jdk.internal.reflect.DelegatingMethodAccessorImpl.invoke(DelegatingMethodAccessorImpl.java:43)
	at java.base/java.lang.reflect.Method.invoke(Method.java:566)
	at org.jboss.arquillian.core.impl.ObserverImpl.invoke(ObserverImpl.java:86)
	at org.jboss.arquillian.core.impl.EventContextImpl.proceed(EventContextImpl.java:95)
	at org.jboss.arquillian.container.impl.client.container.DeploymentExceptionHandler.verifyExpectedExceptionDuringDeploy(DeploymentExceptionHandler.java:47)
	at java.base/jdk.internal.reflect.NativeMethodAccessorImpl.invoke0(Native Method)
	at java.base/jdk.internal.reflect.NativeMethodAccessorImpl.invoke(NativeMethodAccessorImpl.java:62)
	at java.base/jdk.internal.reflect.DelegatingMethodAccessorImpl.invoke(DelegatingMethodAccessorImpl.java:43)
	at java.base/java.lang.reflect.Method.invoke(Method.java:566)
	at org.jboss.arquillian.core.impl.ObserverImpl.invoke(ObserverImpl.java:86)
	at org.jboss.arquillian.core.impl.EventContextImpl.proceed(EventContextImpl.java:95)
	at org.jboss.arquillian.core.impl.ManagerImpl.fire(ManagerImpl.java:133)
	at org.jboss.arquillian.core.impl.ManagerImpl.fire(ManagerImpl.java:105)
	at org.jboss.arquillian.core.impl.EventImpl.fire(EventImpl.java:62)
	at org.jboss.arquillian.container.impl.client.container.ContainerDeployController$1.perform(ContainerDeployController.java:92)
	at org.jboss.arquillian.container.impl.client.container.ContainerDeployController$1.perform(ContainerDeployController.java:77)
	at org.jboss.arquillian.container.impl.client.container.ContainerDeployController.forEachDeployment(ContainerDeployController.java:232)
	at org.jboss.arquillian.container.impl.client.container.ContainerDeployController.forEachManagedDeployment(ContainerDeployController.java:212)
	at org.jboss.arquillian.container.impl.client.container.ContainerDeployController.deployManaged(ContainerDeployController.java:77)
	at java.base/jdk.internal.reflect.NativeMethodAccessorImpl.invoke0(Native Method)
	at java.base/jdk.internal.reflect.NativeMethodAccessorImpl.invoke(NativeMethodAccessorImpl.java:62)
	at java.base/jdk.internal.reflect.DelegatingMethodAccessorImpl.invoke(DelegatingMethodAccessorImpl.java:43)
	at java.base/java.lang.reflect.Method.invoke(Method.java:566)
	at org.jboss.arquillian.core.impl.ObserverImpl.invoke(ObserverImpl.java:86)
	at org.jboss.arquillian.core.impl.EventContextImpl.invokeObservers(EventContextImpl.java:103)
	at org.jboss.arquillian.core.impl.EventContextImpl.proceed(EventContextImpl.java:90)
	at org.jboss.arquillian.core.impl.ManagerImpl.fire(ManagerImpl.java:133)
	at org.jboss.arquillian.core.impl.ManagerImpl.fire(ManagerImpl.java:105)
	at org.jboss.arquillian.core.impl.EventImpl.fire(EventImpl.java:62)
	at org.jboss.arquillian.container.test.impl.client.ContainerEventController.execute(ContainerEventController.java:96)
	at java.base/jdk.internal.reflect.NativeMethodAccessorImpl.invoke0(Native Method)
	at java.base/jdk.internal.reflect.NativeMethodAccessorImpl.invoke(NativeMethodAccessorImpl.java:62)
	at java.base/jdk.internal.reflect.DelegatingMethodAccessorImpl.invoke(DelegatingMethodAccessorImpl.java:43)
	at java.base/java.lang.reflect.Method.invoke(Method.java:566)
	at org.jboss.arquillian.core.impl.ObserverImpl.invoke(ObserverImpl.java:86)
	at org.jboss.arquillian.core.impl.EventContextImpl.invokeObservers(EventContextImpl.java:103)
	at org.jboss.arquillian.core.impl.EventContextImpl.proceed(EventContextImpl.java:90)
	at org.jboss.arquillian.test.impl.TestContextHandler.createClassContext(TestContextHandler.java:83)
	at jdk.internal.reflect.GeneratedMethodAccessor74.invoke(Unknown Source)
	at java.base/jdk.internal.reflect.DelegatingMethodAccessorImpl.invoke(DelegatingMethodAccessorImpl.java:43)
	at java.base/java.lang.reflect.Method.invoke(Method.java:566)
	at org.jboss.arquillian.core.impl.ObserverImpl.invoke(ObserverImpl.java:86)
	at org.jboss.arquillian.core.impl.EventContextImpl.proceed(EventContextImpl.java:95)
	at org.jboss.arquillian.test.impl.TestContextHandler.createSuiteContext(TestContextHandler.java:69)
	at jdk.internal.reflect.GeneratedMethodAccessor73.invoke(Unknown Source)
	at java.base/jdk.internal.reflect.DelegatingMethodAccessorImpl.invoke(DelegatingMethodAccessorImpl.java:43)
	at java.base/java.lang.reflect.Method.invoke(Method.java:566)
	at org.jboss.arquillian.core.impl.ObserverImpl.invoke(ObserverImpl.java:86)
	at org.jboss.arquillian.core.impl.EventContextImpl.proceed(EventContextImpl.java:95)
	at org.jboss.arquillian.core.impl.ManagerImpl.fire(ManagerImpl.java:133)
	at org.jboss.arquillian.core.impl.ManagerImpl.fire(ManagerImpl.java:105)
	at org.jboss.arquillian.test.impl.EventTestRunnerAdaptor.beforeClass(EventTestRunnerAdaptor.java:89)
	at org.jboss.arquillian.junit5.ArquillianExtension.beforeAll(ArquillianExtension.java:35)
	at org.junit.jupiter.engine.descriptor.ClassBasedTestDescriptor.lambda$invokeBeforeAllCallbacks$7(ClassBasedTestDescriptor.java:359)
	at org.junit.platform.engine.support.hierarchical.ThrowableCollector.execute(ThrowableCollector.java:73)
	at org.junit.jupiter.engine.descriptor.ClassBasedTestDescriptor.invokeBeforeAllCallbacks(ClassBasedTestDescriptor.java:359)
	at org.junit.jupiter.engine.descriptor.ClassBasedTestDescriptor.before(ClassBasedTestDescriptor.java:189)
	at org.junit.jupiter.engine.descriptor.ClassBasedTestDescriptor.before(ClassBasedTestDescriptor.java:78)
	at org.junit.platform.engine.support.hierarchical.NodeTestTask.lambda$executeRecursively$5(NodeTestTask.java:132)
	at org.junit.platform.engine.support.hierarchical.ThrowableCollector.execute(ThrowableCollector.java:73)
	at org.junit.platform.engine.support.hierarchical.NodeTestTask.lambda$executeRecursively$7(NodeTestTask.java:125)
	at org.junit.platform.engine.support.hierarchical.Node.around(Node.java:135)
	at org.junit.platform.engine.support.hierarchical.NodeTestTask.lambda$executeRecursively$8(NodeTestTask.java:123)
	at org.junit.platform.engine.support.hierarchical.ThrowableCollector.execute(ThrowableCollector.java:73)
	at org.junit.platform.engine.support.hierarchical.NodeTestTask.executeRecursively(NodeTestTask.java:122)
	at org.junit.platform.engine.support.hierarchical.NodeTestTask.execute(NodeTestTask.java:80)
	at java.base/java.util.ArrayList.forEach(ArrayList.java:1541)
	at org.junit.platform.engine.support.hierarchical.SameThreadHierarchicalTestExecutorService.invokeAll(SameThreadHierarchicalTestExecutorService.java:38)
	at org.junit.platform.engine.support.hierarchical.NodeTestTask.lambda$executeRecursively$5(NodeTestTask.java:139)
	at org.junit.platform.engine.support.hierarchical.ThrowableCollector.execute(ThrowableCollector.java:73)
	at org.junit.platform.engine.support.hierarchical.NodeTestTask.lambda$executeRecursively$7(NodeTestTask.java:125)
	at org.junit.platform.engine.support.hierarchical.Node.around(Node.java:135)
	at org.junit.platform.engine.support.hierarchical.NodeTestTask.lambda$executeRecursively$8(NodeTestTask.java:123)
	at org.junit.platform.engine.support.hierarchical.ThrowableCollector.execute(ThrowableCollector.java:73)
	at org.junit.platform.engine.support.hierarchical.NodeTestTask.executeRecursively(NodeTestTask.java:122)
	at org.junit.platform.engine.support.hierarchical.NodeTestTask.execute(NodeTestTask.java:80)
	at org.junit.platform.engine.support.hierarchical.SameThreadHierarchicalTestExecutorService.submit(SameThreadHierarchicalTestExecutorService.java:32)
	at org.junit.platform.engine.support.hierarchical.HierarchicalTestExecutor.execute(HierarchicalTestExecutor.java:57)
	at org.junit.platform.engine.support.hierarchical.HierarchicalTestEngine.execute(HierarchicalTestEngine.java:51)
	at org.junit.platform.launcher.core.DefaultLauncher.execute(DefaultLauncher.java:248)
	at org.junit.platform.launcher.core.DefaultLauncher.lambda$execute$5(DefaultLauncher.java:211)
	at org.junit.platform.launcher.core.DefaultLauncher.withInterceptedStreams(DefaultLauncher.java:226)
	at org.junit.platform.launcher.core.DefaultLauncher.execute(DefaultLauncher.java:199)
	at org.junit.platform.launcher.core.DefaultLauncher.execute(DefaultLauncher.java:132)
	at org.apache.maven.surefire.junitplatform.JUnitPlatformProvider.execute(JUnitPlatformProvider.java:188)
	at org.apache.maven.surefire.junitplatform.JUnitPlatformProvider.invokeAllTests(JUnitPlatformProvider.java:154)
	at org.apache.maven.surefire.junitplatform.JUnitPlatformProvider.invoke(JUnitPlatformProvider.java:128)
	at org.apache.maven.surefire.booter.ForkedBooter.runSuitesInProcess(ForkedBooter.java:428)
	at org.apache.maven.surefire.booter.ForkedBooter.execute(ForkedBooter.java:162)
	at org.apache.maven.surefire.booter.ForkedBooter.run(ForkedBooter.java:562)
	at org.apache.maven.surefire.booter.ForkedBooter.main(ForkedBooter.java:548)

may. 30, 2022 10:48:34 P. M. com.sun.ejb.containers.BaseContainer initializeHome
INFORMACIÓN: Portable JNDI names for EJB ObjetoEstadoBean: [java:global/2020e7a6-bf3f-4c32-95a6-229b56b4c8e4/ObjetoEstadoBean, java:global/2020e7a6-bf3f-4c32-95a6-229b56b4c8e4/ObjetoEstadoBean!com.mycompany.baches.control.ObjetoEstadoBean]
may. 30, 2022 10:48:34 P. M. fish.payara.micro.cdi.extension.ClusteredCDIEventBusImpl postConstruct
INFORMACIÓN: Clustered CDI Event bus initialized
may. 30, 2022 10:48:34 P. M. org.glassfish.soteria.servlet.SamRegistrationInstaller onStartup
INFORMACIÓN: Initializing Soteria null for context '/2020e7a6-bf3f-4c32-95a6-229b56b4c8e4'
may. 30, 2022 10:48:34 P. M. com.sun.enterprise.web.WebApplication start
INFORMACIÓN: Loading application [2020e7a6-bf3f-4c32-95a6-229b56b4c8e4] at [/2020e7a6-bf3f-4c32-95a6-229b56b4c8e4]
may. 30, 2022 10:48:35 P. M. org.glassfish.deployment.admin.DeployCommand execute
INFORMACIÓN: 2020e7a6-bf3f-4c32-95a6-229b56b4c8e4 was successfully deployed in 943 milliseconds.
]]></system-err>
  </testcase>
  <testcase name="testModificar" classname="com.mycompany.baches.resources.ObjetoEstadoResourceIT" time="0.059">
    <system-out><![CDATA[

*************************************************************
Modificar ObjetoEstado
2022-05-30 22:48:35 jdbc[3]: 
/**/conn0.getClientInfo();
2022-05-30 22:48:35 jdbc[3]: 
/**/conn0.setAutoCommit(false);
2022-05-30 22:48:35 jdbc[3]: 
/**/PreparedStatement prep66 = conn0.prepareStatement("INSERT INTO public.objeto_estado (actual, fecha_alcanzado, observaciones, id_estado, id_objeto) VALUES (?, ?, ?, ?, ?)", 1003, 1007);
2022-05-30 22:48:35 jdbc[3]: 
/**/prep66.setBoolean(1, false);
2022-05-30 22:48:35 jdbc[3]: 
/**/prep66.setDate(2, Date.valueOf("2022-05-30"));
2022-05-30 22:48:35 jdbc[3]: 
/**/prep66.setNull(3, 12);
2022-05-30 22:48:35 jdbc[3]: 
/**/prep66.setNull(4, 4);
2022-05-30 22:48:35 jdbc[3]: 
/**/prep66.setNull(5, -5);
2022-05-30 22:48:35 jdbc[3]: 
/**/prep66.executeUpdate();
2022-05-30 22:48:35 lock: 3 shared read lock requesting for OBJETO_ESTADO 
2022-05-30 22:48:35 lock: 3 shared read lock ok OBJETO_ESTADO 
2022-05-30 22:48:35 jdbc[3]: 
/*SQL l:118 #:1 t:1*/INSERT INTO public.objeto_estado (actual, fecha_alcanzado, observaciones, id_estado, id_objeto) VALUES (?, ?, ?, ?, ?) {1: FALSE, 2: DATE '2022-05-30', 3: NULL, 4: NULL, 5: NULL};
2022-05-30 22:48:35 jdbc[3]: 
/**/prep66.close();
2022-05-30 22:48:35 jdbc[3]: 
/**/PreparedStatement prep67 = conn0.prepareStatement("CALL IDENTITY()", 1003, 1007);
2022-05-30 22:48:35 jdbc[3]: 
/**/ResultSet rs21 = prep67.executeQuery();
2022-05-30 22:48:35 jdbc[3]: 
/*SQL #:1*/CALL IDENTITY();
2022-05-30 22:48:35 jdbc[3]: 
/**/ResultSetMetaData rsMeta21 = rs21.getMetaData();
2022-05-30 22:48:35 jdbc[3]: 
/**/conn0.getCatalog();
2022-05-30 22:48:35 jdbc[3]: 
/**/rsMeta21.getColumnCount();
2022-05-30 22:48:35 jdbc[3]: 
/**/rsMeta21.getColumnCount();
2022-05-30 22:48:35 jdbc[3]: 
/**/rsMeta21.getColumnLabel(1);
2022-05-30 22:48:35 jdbc[3]: 
/**/rsMeta21.getColumnCount();
2022-05-30 22:48:35 jdbc[3]: 
/**/ResultSetMetaData rsMeta22 = rs21.getMetaData();
2022-05-30 22:48:35 jdbc[3]: 
/**/conn0.getCatalog();
2022-05-30 22:48:35 jdbc[3]: 
/**/rsMeta22.getColumnCount();
2022-05-30 22:48:35 jdbc[3]: 
/**/rs21.next();
2022-05-30 22:48:35 jdbc[3]: 
/**/rsMeta22.getColumnType(1);
2022-05-30 22:48:35 jdbc[3]: 
/**/rs21.getObject(1);
2022-05-30 22:48:35 jdbc[3]: 
/**/rs21.next();
2022-05-30 22:48:35 jdbc[3]: 
/**/rs21.close();
2022-05-30 22:48:35 jdbc[3]: 
/**/prep67.close();
2022-05-30 22:48:35 jdbc[3]: 
/**/conn0.setClientInfo(properties);
2022-05-30 22:48:35 jdbc[3]: 
/**/conn0.commit();
2022-05-30 22:48:35 lock: 3 shared read lock unlock OBJETO_ESTADO 
2022-05-30 22:48:35 jdbc[3]: 
/*SQL */COMMIT;
2022-05-30 22:48:35 jdbc[3]: 
/**/conn0.setAutoCommit(true);
2022-05-30 22:48:35 jdbc[3]: 
/**/conn0.commit();
2022-05-30 22:48:35 jdbc[3]: 
/*SQL */COMMIT;



Modificado {"actual":false,"fechaAlcanzado":"2022-05-31T04:48:35.332Z[UTC]"}



]]></system-out>
  </testcase>
  <testcase name="testCrear" classname="com.mycompany.baches.resources.ObjetoEstadoResourceIT" time="0.034">
    <system-out><![CDATA[

*************************************************************
Crear ObjetoEstado
2022-05-30 22:48:35 jdbc[3]: 
/**/conn0.getClientInfo();
2022-05-30 22:48:35 jdbc[3]: 
/**/conn0.setAutoCommit(false);
2022-05-30 22:48:35 jdbc[3]: 
/**/PreparedStatement prep68 = conn0.prepareStatement("INSERT INTO public.objeto_estado (actual, fecha_alcanzado, observaciones, id_estado, id_objeto) VALUES (?, ?, ?, ?, ?)", 1003, 1007);
2022-05-30 22:48:35 jdbc[3]: 
/**/prep68.setBoolean(1, true);
2022-05-30 22:48:35 jdbc[3]: 
/**/prep68.setDate(2, Date.valueOf("2022-05-30"));
2022-05-30 22:48:35 jdbc[3]: 
/**/prep68.setString(3, "nuevoRegistro");
2022-05-30 22:48:35 jdbc[3]: 
/**/prep68.setNull(4, 4);
2022-05-30 22:48:35 jdbc[3]: 
/**/prep68.setNull(5, -5);
2022-05-30 22:48:35 jdbc[3]: 
/**/prep68.executeUpdate();
2022-05-30 22:48:35 lock: 3 shared read lock requesting for OBJETO_ESTADO 
2022-05-30 22:48:35 lock: 3 shared read lock ok OBJETO_ESTADO 
2022-05-30 22:48:35 jdbc[3]: 
/*SQL l:118 #:1*/INSERT INTO public.objeto_estado (actual, fecha_alcanzado, observaciones, id_estado, id_objeto) VALUES (?, ?, ?, ?, ?) {1: TRUE, 2: DATE '2022-05-30', 3: 'nuevoRegistro', 4: NULL, 5: NULL};
2022-05-30 22:48:35 jdbc[3]: 
/**/prep68.close();
2022-05-30 22:48:35 jdbc[3]: 
/**/PreparedStatement prep69 = conn0.prepareStatement("CALL IDENTITY()", 1003, 1007);
2022-05-30 22:48:35 jdbc[3]: 
/**/ResultSet rs22 = prep69.executeQuery();
2022-05-30 22:48:35 jdbc[3]: 
/*SQL #:1*/CALL IDENTITY();
2022-05-30 22:48:35 jdbc[3]: 
/**/ResultSetMetaData rsMeta23 = rs22.getMetaData();
2022-05-30 22:48:35 jdbc[3]: 
/**/conn0.getCatalog();
2022-05-30 22:48:35 jdbc[3]: 
/**/rsMeta23.getColumnCount();
2022-05-30 22:48:35 jdbc[3]: 
/**/rsMeta23.getColumnCount();
2022-05-30 22:48:35 jdbc[3]: 
/**/rsMeta23.getColumnLabel(1);
2022-05-30 22:48:35 jdbc[3]: 
/**/rsMeta23.getColumnCount();
2022-05-30 22:48:35 jdbc[3]: 
/**/ResultSetMetaData rsMeta24 = rs22.getMetaData();
2022-05-30 22:48:35 jdbc[3]: 
/**/conn0.getCatalog();
2022-05-30 22:48:35 jdbc[3]: 
/**/rsMeta24.getColumnCount();
2022-05-30 22:48:35 jdbc[3]: 
/**/rs22.next();
2022-05-30 22:48:35 jdbc[3]: 
/**/rsMeta24.getColumnType(1);
2022-05-30 22:48:35 jdbc[3]: 
/**/rs22.getObject(1);
2022-05-30 22:48:35 jdbc[3]: 
/**/rs22.next();
2022-05-30 22:48:35 jdbc[3]: 
/**/rs22.close();
2022-05-30 22:48:35 jdbc[3]: 
/**/prep69.close();
2022-05-30 22:48:35 jdbc[3]: 
/**/conn0.setClientInfo(properties);
2022-05-30 22:48:35 jdbc[3]: 
/**/conn0.commit();
2022-05-30 22:48:35 lock: 3 shared read lock unlock OBJETO_ESTADO 
2022-05-30 22:48:35 jdbc[3]: 
/*SQL */COMMIT;
2022-05-30 22:48:35 jdbc[3]: 
/**/conn0.setAutoCommit(true);
2022-05-30 22:48:35 jdbc[3]: 
/**/conn0.commit();
2022-05-30 22:48:35 jdbc[3]: 
/*SQL */COMMIT;



Creado {"actual":true,"fechaAlcanzado":"2022-05-31T04:48:35.391Z[UTC]","idObjetoEstado":8,"observaciones":"nuevoRegistro"}



]]></system-out>
  </testcase>
  <testcase name="testEliminar" classname="com.mycompany.baches.resources.ObjetoEstadoResourceIT" time="0.034">
    <system-out><![CDATA[

*************************************************************
Eliminar ObjetoEstado
2022-05-30 22:48:35 jdbc[3]: 
/**/conn0.getClientInfo();
2022-05-30 22:48:35 jdbc[3]: 
/**/conn0.setAutoCommit(false);
2022-05-30 22:48:35 jdbc[3]: 
/**/PreparedStatement prep70 = conn0.prepareStatement("DELETE FROM public.objeto_estado WHERE (id_objeto_estado = ?)", 1003, 1007);
2022-05-30 22:48:35 jdbc[3]: Table      :     potential plan item cost 10,280 index PUBLIC.OBJETO_ESTADO.tableScan
2022-05-30 22:48:35 jdbc[3]: Table      :     potential plan item cost 230 index PUBLIC.PRIMARY_KEY_4
2022-05-30 22:48:35 jdbc[3]: Table      :     potential plan item cost 10,100 index PUBLIC.FK_OBJETO_ESTADO_ID_OBJETO_INDEX_4
2022-05-30 22:48:35 jdbc[3]: Table      :     potential plan item cost 10,100 index PUBLIC.FK_OBJETO_ESTADO_ID_ESTADO_INDEX_4
2022-05-30 22:48:35 jdbc[3]: 
/**/prep70.setLong(1, 3L);
2022-05-30 22:48:35 jdbc[3]: 
/**/prep70.executeUpdate();
2022-05-30 22:48:35 lock: 3 shared read lock requesting for OBJETO_ESTADO 
2022-05-30 22:48:35 lock: 3 shared read lock ok OBJETO_ESTADO 
2022-05-30 22:48:35 jdbc[3]: 
/*SQL l:61 #:1*/DELETE FROM public.objeto_estado WHERE (id_objeto_estado = ?) {1: 3};
2022-05-30 22:48:35 jdbc[3]: 
/**/prep70.close();
2022-05-30 22:48:35 jdbc[3]: 
/**/conn0.setClientInfo(properties);
2022-05-30 22:48:35 jdbc[3]: 
/**/conn0.commit();
2022-05-30 22:48:35 lock: 3 shared read lock unlock OBJETO_ESTADO 
2022-05-30 22:48:35 jdbc[3]: 
/*SQL */COMMIT;
2022-05-30 22:48:35 jdbc[3]: 
/**/conn0.setAutoCommit(true);
2022-05-30 22:48:35 jdbc[3]: 
/**/conn0.commit();
2022-05-30 22:48:35 jdbc[3]: 
/*SQL */COMMIT;



ID:3 eliminado con exito



]]></system-out>
  </testcase>
  <testcase name="testContar" classname="com.mycompany.baches.resources.ObjetoEstadoResourceIT" time="0.128">
    <system-out><![CDATA[

*************************************************************
Contar
2022-05-30 22:48:35 jdbc[3]: 
/**/conn0.getClientInfo();
2022-05-30 22:48:35 jdbc[3]: 
/**/PreparedStatement prep71 = conn0.prepareStatement("SELECT COUNT(id_objeto_estado) FROM public.objeto_estado", 1003, 1007);
2022-05-30 22:48:35 jdbc[3]: 
/**/ResultSet rs23 = prep71.executeQuery();
2022-05-30 22:48:35 jdbc[3]: 
/*SQL #:1*/SELECT COUNT(id_objeto_estado) FROM public.objeto_estado;
2022-05-30 22:48:35 jdbc[3]: 
/**/ResultSetMetaData rsMeta25 = rs23.getMetaData();
2022-05-30 22:48:35 jdbc[3]: 
/**/conn0.getCatalog();
2022-05-30 22:48:35 jdbc[3]: 
/**/rsMeta25.getColumnCount();
2022-05-30 22:48:35 jdbc[3]: 
/**/rs23.next();
2022-05-30 22:48:35 jdbc[3]: 
/**/rsMeta25.getColumnType(1);
2022-05-30 22:48:35 jdbc[3]: 
/**/rs23.getLong(1);
2022-05-30 22:48:35 jdbc[3]: 
/**/rs23.next();
2022-05-30 22:48:35 jdbc[3]: 
/**/rs23.close();
2022-05-30 22:48:35 jdbc[3]: 
/**/prep71.close();
2022-05-30 22:48:35 jdbc[3]: 
/**/conn0.setClientInfo(properties);
Se encontraron 7
]]></system-out>
  </testcase>
</testsuite>